[5:03:02 PM][SiteMaster.aspx][Page_Init] No session found.
[5:03:08 PM][ERROR] The remote server returned an error: (500) Internal Server Error.
   at System.Net.HttpWebRequest.GetResponse()
   at Module.Utils.GenerateRequest(String sAction, String sQueryString, String sMethod, String& sResponse) in F:\VS Studio\Module v1.0\Module\App_Code\Utils.cs:line 432
[5:03:08 PM][Utils.cs][SearchLabByStakeholderOrg] stakeholder_org_id is empty.
[5:03:17 PM][ERROR] The remote server returned an error: (500) Internal Server Error.
   at System.Net.HttpWebRequest.GetResponse()
   at Module.Utils.GenerateRequest(String sAction, String sQueryString, String sMethod, String& sResponse) in F:\VS Studio\Module v1.0\Module\App_Code\Utils.cs:line 432
[5:06:31 PM][SiteMaster.aspx][Page_Init] No session found.
[5:06:37 PM][ERROR] The remote server returned an error: (500) Internal Server Error.
   at System.Net.HttpWebRequest.GetResponse()
   at Module.Utils.GenerateRequest(String sAction, String sQueryString, String sMethod, String& sResponse) in F:\VS Studio\Module v1.0\Module\App_Code\Utils.cs:line 432
[5:06:37 PM][Utils.cs][SearchLabByStakeholderOrg] stakeholder_org_id is empty.
[5:06:45 PM][ERROR] The remote server returned an error: (500) Internal Server Error.
   at System.Net.HttpWebRequest.GetResponse()
   at Module.Utils.GenerateRequest(String sAction, String sQueryString, String sMethod, String& sResponse) in F:\VS Studio\Module v1.0\Module\App_Code\Utils.cs:line 432
[5:06:50 PM]UpdateModule.Model.Stakeholder
[5:07:24 PM]UpdateModule.Model.Stakeholder
[5:23:03 PM]UpdateModule.Model.Stakeholder
[5:24:03 PM]UpdateModule.Model.Stakeholder
[5:24:18 PM][ERROR] The remote server returned an error: (500) Internal Server Error.
   at System.Net.HttpWebRequest.GetResponse()
   at Module.Utils.GenerateRequest(String sAction, String sQueryString, String sMethod, String& sResponse) in F:\VS Studio\Module v1.0\Module\App_Code\Utils.cs:line 432
[5:25:12 PM]UpdateModule.Model.Stakeholder
