[9:33:25 AM][ERROR] The remote server returned an error: (500) Internal Server Error.
   at System.Net.HttpWebRequest.GetResponse()
   at Module.Utils.GenerateRequest(String sAction, String sQueryString, String sMethod, String& sResponse) in F:\VS Studio\Module v1.0\Module\App_Code\Utils.cs:line 432
[9:33:25 AM][Utils.cs][SearchLabByStakeholderOrg] stakeholder_org_id is empty.
[9:35:44 AM][SiteMaster.aspx][Page_Init] No session found.
[9:35:50 AM][ERROR] The remote server returned an error: (500) Internal Server Error.
   at System.Net.HttpWebRequest.GetResponse()
   at Module.Utils.GenerateRequest(String sAction, String sQueryString, String sMethod, String& sResponse) in F:\VS Studio\Module v1.0\Module\App_Code\Utils.cs:line 432
[9:35:50 AM][Utils.cs][SearchLabByStakeholderOrg] stakeholder_org_id is empty.
[9:37:02 AM][ERROR] The remote server returned an error: (500) Internal Server Error.
   at System.Net.HttpWebRequest.GetResponse()
   at Module.Utils.GenerateRequest(String sAction, String sQueryString, String sMethod, String& sResponse) in F:\VS Studio\Module v1.0\Module\App_Code\Utils.cs:line 432
[9:37:09 AM][ERROR] The remote server returned an error: (500) Internal Server Error.
   at System.Net.HttpWebRequest.GetResponse()
   at Module.Utils.GenerateRequest(String sAction, String sQueryString, String sMethod, String& sResponse) in F:\VS Studio\Module v1.0\Module\App_Code\Utils.cs:line 432
[9:37:10 AM][ERROR] The remote server returned an error: (500) Internal Server Error.
   at System.Net.HttpWebRequest.GetResponse()
   at Module.Utils.GenerateRequest(String sAction, String sQueryString, String sMethod, String& sResponse) in F:\VS Studio\Module v1.0\Module\App_Code\Utils.cs:line 432
[9:37:10 AM][ERROR] The remote server returned an error: (500) Internal Server Error.
   at System.Net.HttpWebRequest.GetResponse()
   at Module.Utils.GenerateRequest(String sAction, String sQueryString, String sMethod, String& sResponse) in F:\VS Studio\Module v1.0\Module\App_Code\Utils.cs:line 432
[9:37:33 AM][ERROR] The remote server returned an error: (500) Internal Server Error.
   at System.Net.HttpWebRequest.GetResponse()
   at Module.Utils.GenerateRequest(String sAction, String sQueryString, String sMethod, String& sResponse) in F:\VS Studio\Module v1.0\Module\App_Code\Utils.cs:line 432
[9:37:42 AM][ERROR] The remote server returned an error: (500) Internal Server Error.
   at System.Net.HttpWebRequest.GetResponse()
   at Module.Utils.GenerateRequest(String sAction, String sQueryString, String sMethod, String& sResponse) in F:\VS Studio\Module v1.0\Module\App_Code\Utils.cs:line 432
[9:37:47 AM][ERROR] The remote server returned an error: (500) Internal Server Error.
   at System.Net.HttpWebRequest.GetResponse()
   at Module.Utils.GenerateRequest(String sAction, String sQueryString, String sMethod, String& sResponse) in F:\VS Studio\Module v1.0\Module\App_Code\Utils.cs:line 432
[9:37:52 AM] Response {"success":true,"code":100,"message":"Action done successfully"}
[9:38:35 AM][ERROR] The remote server returned an error: (500) Internal Server Error.
   at System.Net.HttpWebRequest.GetResponse()
   at Module.Utils.GenerateRequest(String sAction, String sQueryString, String sMethod, String& sResponse) in F:\VS Studio\Module v1.0\Module\App_Code\Utils.cs:line 432
[9:38:37 AM][ERROR] The remote server returned an error: (500) Internal Server Error.
   at System.Net.HttpWebRequest.GetResponse()
   at Module.Utils.GenerateRequest(String sAction, String sQueryString, String sMethod, String& sResponse) in F:\VS Studio\Module v1.0\Module\App_Code\Utils.cs:line 432
[9:38:37 AM][ERROR] The remote server returned an error: (500) Internal Server Error.
   at System.Net.HttpWebRequest.GetResponse()
   at Module.Utils.GenerateRequest(String sAction, String sQueryString, String sMethod, String& sResponse) in F:\VS Studio\Module v1.0\Module\App_Code\Utils.cs:line 432
[9:38:45 AM][ERROR] The remote server returned an error: (500) Internal Server Error.
   at System.Net.HttpWebRequest.GetResponse()
   at Module.Utils.GenerateRequest(String sAction, String sQueryString, String sMethod, String& sResponse) in F:\VS Studio\Module v1.0\Module\App_Code\Utils.cs:line 432
[9:38:53 AM][ERROR] The remote server returned an error: (500) Internal Server Error.
   at System.Net.HttpWebRequest.GetResponse()
   at Module.Utils.GenerateRequest(String sAction, String sQueryString, String sMethod, String& sResponse) in F:\VS Studio\Module v1.0\Module\App_Code\Utils.cs:line 432
[9:38:54 AM][ERROR] The remote server returned an error: (500) Internal Server Error.
   at System.Net.HttpWebRequest.GetResponse()
   at Module.Utils.GenerateRequest(String sAction, String sQueryString, String sMethod, String& sResponse) in F:\VS Studio\Module v1.0\Module\App_Code\Utils.cs:line 432
[9:38:54 AM][ERROR] The remote server returned an error: (500) Internal Server Error.
   at System.Net.HttpWebRequest.GetResponse()
   at Module.Utils.GenerateRequest(String sAction, String sQueryString, String sMethod, String& sResponse) in F:\VS Studio\Module v1.0\Module\App_Code\Utils.cs:line 432
[9:42:27 AM][ERROR] The remote server returned an error: (500) Internal Server Error.
   at System.Net.HttpWebRequest.GetResponse()
   at Module.Utils.GenerateRequest(String sAction, String sQueryString, String sMethod, String& sResponse) in F:\VS Studio\Module v1.0\Module\App_Code\Utils.cs:line 432
[9:42:27 AM][Utils.cs][SearchLabByStakeholderOrg] stakeholder_org_id is empty.
[9:43:44 AM]util{"success":true,"code":200,"message":"Item created successfully","stakeholder_id":"stkh-f54e440ca6aa49d0b4e9943f1201842b"}
[9:43:44 AM] Response {"success":true,"code":100,"message":"Action done successfully"}
[9:48:31 AM][ERROR] The remote server returned an error: (500) Internal Server Error.
   at System.Net.HttpWebRequest.GetResponse()
   at Module.Utils.GenerateRequest(String sAction, String sQueryString, String sMethod, String& sResponse) in F:\VS Studio\Module v1.0\Module\App_Code\Utils.cs:line 432
[9:48:33 AM][ERROR] The remote server returned an error: (500) Internal Server Error.
   at System.Net.HttpWebRequest.GetResponse()
   at Module.Utils.GenerateRequest(String sAction, String sQueryString, String sMethod, String& sResponse) in F:\VS Studio\Module v1.0\Module\App_Code\Utils.cs:line 432
[9:48:33 AM][ERROR] The remote server returned an error: (500) Internal Server Error.
   at System.Net.HttpWebRequest.GetResponse()
   at Module.Utils.GenerateRequest(String sAction, String sQueryString, String sMethod, String& sResponse) in F:\VS Studio\Module v1.0\Module\App_Code\Utils.cs:line 432
[9:48:34 AM][ERROR] The remote server returned an error: (500) Internal Server Error.
   at System.Net.HttpWebRequest.GetResponse()
   at Module.Utils.GenerateRequest(String sAction, String sQueryString, String sMethod, String& sResponse) in F:\VS Studio\Module v1.0\Module\App_Code\Utils.cs:line 432
[9:49:42 AM]util{"success":true,"code":200,"message":"Item created successfully","stakeholder_id":"stkh-43a68b70fa8c4d9a96364fb3066ff5e2"}
[9:49:42 AM] Response {"success":true,"code":100,"message":"Action done successfully"}
[9:57:16 AM][ERROR] The remote server returned an error: (500) Internal Server Error.
   at System.Net.HttpWebRequest.GetResponse()
   at Module.Utils.GenerateRequest(String sAction, String sQueryString, String sMethod, String& sResponse) in F:\VS Studio\Module v1.0\Module\App_Code\Utils.cs:line 432
[9:57:16 AM][Utils.cs][SearchLabByStakeholderOrg] stakeholder_org_id is empty.
[10:08:03 AM][ERROR] The remote server returned an error: (500) Internal Server Error.
   at System.Net.HttpWebRequest.GetResponse()
   at Module.Utils.GenerateRequest(String sAction, String sQueryString, String sMethod, String& sResponse) in F:\VS Studio\Module v1.0\Module\App_Code\Utils.cs:line 432
[10:08:25 AM][ERROR] The remote server returned an error: (500) Internal Server Error.
   at System.Net.HttpWebRequest.GetResponse()
   at Module.Utils.GenerateRequest(String sAction, String sQueryString, String sMethod, String& sResponse) in F:\VS Studio\Module v1.0\Module\App_Code\Utils.cs:line 432
[10:08:30 AM][ERROR] The remote server returned an error: (500) Internal Server Error.
   at System.Net.HttpWebRequest.GetResponse()
   at Module.Utils.GenerateRequest(String sAction, String sQueryString, String sMethod, String& sResponse) in F:\VS Studio\Module v1.0\Module\App_Code\Utils.cs:line 432
[10:08:32 AM][ERROR] The remote server returned an error: (500) Internal Server Error.
   at System.Net.HttpWebRequest.GetResponse()
   at Module.Utils.GenerateRequest(String sAction, String sQueryString, String sMethod, String& sResponse) in F:\VS Studio\Module v1.0\Module\App_Code\Utils.cs:line 432
[10:08:32 AM][ERROR] The remote server returned an error: (500) Internal Server Error.
   at System.Net.HttpWebRequest.GetResponse()
   at Module.Utils.GenerateRequest(String sAction, String sQueryString, String sMethod, String& sResponse) in F:\VS Studio\Module v1.0\Module\App_Code\Utils.cs:line 432
[10:16:04 AM][ERROR] The remote server returned an error: (500) Internal Server Error.
   at System.Net.HttpWebRequest.GetResponse()
   at Module.Utils.GenerateRequest(String sAction, String sQueryString, String sMethod, String& sResponse) in F:\VS Studio\Module v1.0\Module\App_Code\Utils.cs:line 432
[10:16:04 AM][Utils.cs][SearchLabByStakeholderOrg] stakeholder_org_id is empty.
[10:16:04 AM][ERROR] The remote server returned an error: (500) Internal Server Error.
   at System.Net.HttpWebRequest.GetResponse()
   at Module.Utils.GenerateRequest(String sAction, String sQueryString, String sMethod, String& sResponse) in F:\VS Studio\Module v1.0\Module\App_Code\Utils.cs:line 432
[10:16:04 AM][Utils.cs][SearchLabByStakeholderOrg] stakeholder_org_id is empty.
[10:16:48 AM][ERROR] The remote server returned an error: (500) Internal Server Error.
   at System.Net.HttpWebRequest.GetResponse()
   at Module.Utils.GenerateRequest(String sAction, String sQueryString, String sMethod, String& sResponse) in F:\VS Studio\Module v1.0\Module\App_Code\Utils.cs:line 432
[10:16:48 AM][Utils.cs][SearchLabByStakeholderOrg] stakeholder_org_id is empty.
[10:16:51 AM][ERROR] The remote server returned an error: (500) Internal Server Error.
   at System.Net.HttpWebRequest.GetResponse()
   at Module.Utils.GenerateRequest(String sAction, String sQueryString, String sMethod, String& sResponse) in F:\VS Studio\Module v1.0\Module\App_Code\Utils.cs:line 432
[10:16:51 AM][Utils.cs][SearchLabByStakeholderOrg] stakeholder_org_id is empty.
[10:17:05 AM][ERROR] The remote server returned an error: (500) Internal Server Error.
   at System.Net.HttpWebRequest.GetResponse()
   at Module.Utils.GenerateRequest(String sAction, String sQueryString, String sMethod, String& sResponse) in F:\VS Studio\Module v1.0\Module\App_Code\Utils.cs:line 432
[10:17:05 AM][Utils.cs][SearchLabByStakeholderOrg] stakeholder_org_id is empty.
[10:17:31 AM][ERROR] The remote server returned an error: (500) Internal Server Error.
   at System.Net.HttpWebRequest.GetResponse()
   at Module.Utils.GenerateRequest(String sAction, String sQueryString, String sMethod, String& sResponse) in F:\VS Studio\Module v1.0\Module\App_Code\Utils.cs:line 432
[10:17:31 AM][Utils.cs][SearchLabByStakeholderOrg] stakeholder_org_id is empty.
[10:17:46 AM][ERROR] The remote server returned an error: (500) Internal Server Error.
   at System.Net.HttpWebRequest.GetResponse()
   at Module.Utils.GenerateRequest(String sAction, String sQueryString, String sMethod, String& sResponse) in F:\VS Studio\Module v1.0\Module\App_Code\Utils.cs:line 432
[10:17:46 AM][Utils.cs][SearchLabByStakeholderOrg] stakeholder_org_id is empty.
[10:18:13 AM][ERROR] The remote server returned an error: (500) Internal Server Error.
   at System.Net.HttpWebRequest.GetResponse()
   at Module.Utils.GenerateRequest(String sAction, String sQueryString, String sMethod, String& sResponse) in F:\VS Studio\Module v1.0\Module\App_Code\Utils.cs:line 432
[10:18:13 AM][Utils.cs][SearchLabByStakeholderOrg] stakeholder_org_id is empty.
[10:37:36 AM][ERROR] The remote server returned an error: (500) Internal Server Error.
   at System.Net.HttpWebRequest.GetResponse()
   at Module.Utils.GenerateRequest(String sAction, String sQueryString, String sMethod, String& sResponse) in F:\VS Studio\Module v1.0\Module\App_Code\Utils.cs:line 432
[10:37:36 AM][Utils.cs][SearchLabByStakeholderOrg] stakeholder_org_id is empty.
[10:38:46 AM][ERROR] The remote server returned an error: (500) Internal Server Error.
   at System.Net.HttpWebRequest.GetResponse()
   at Module.Utils.GenerateRequest(String sAction, String sQueryString, String sMethod, String& sResponse) in F:\VS Studio\Module v1.0\Module\App_Code\Utils.cs:line 432
[10:39:08 AM][ERROR] The remote server returned an error: (500) Internal Server Error.
   at System.Net.HttpWebRequest.GetResponse()
   at Module.Utils.GenerateRequest(String sAction, String sQueryString, String sMethod, String& sResponse) in F:\VS Studio\Module v1.0\Module\App_Code\Utils.cs:line 432
[10:39:10 AM][ERROR] The remote server returned an error: (500) Internal Server Error.
   at System.Net.HttpWebRequest.GetResponse()
   at Module.Utils.GenerateRequest(String sAction, String sQueryString, String sMethod, String& sResponse) in F:\VS Studio\Module v1.0\Module\App_Code\Utils.cs:line 432
[10:39:11 AM][ERROR] The remote server returned an error: (500) Internal Server Error.
   at System.Net.HttpWebRequest.GetResponse()
   at Module.Utils.GenerateRequest(String sAction, String sQueryString, String sMethod, String& sResponse) in F:\VS Studio\Module v1.0\Module\App_Code\Utils.cs:line 432
[10:39:34 AM][ERROR] The remote server returned an error: (500) Internal Server Error.
   at System.Net.HttpWebRequest.GetResponse()
   at Module.Utils.GenerateRequest(String sAction, String sQueryString, String sMethod, String& sResponse) in F:\VS Studio\Module v1.0\Module\App_Code\Utils.cs:line 432
[10:39:42 AM][ERROR] The remote server returned an error: (500) Internal Server Error.
   at System.Net.HttpWebRequest.GetResponse()
   at Module.Utils.GenerateRequest(String sAction, String sQueryString, String sMethod, String& sResponse) in F:\VS Studio\Module v1.0\Module\App_Code\Utils.cs:line 432
[10:39:42 AM][ERROR] The remote server returned an error: (500) Internal Server Error.
   at System.Net.HttpWebRequest.GetResponse()
   at Module.Utils.GenerateRequest(String sAction, String sQueryString, String sMethod, String& sResponse) in F:\VS Studio\Module v1.0\Module\App_Code\Utils.cs:line 432
[10:39:43 AM][ERROR] The remote server returned an error: (500) Internal Server Error.
   at System.Net.HttpWebRequest.GetResponse()
   at Module.Utils.GenerateRequest(String sAction, String sQueryString, String sMethod, String& sResponse) in F:\VS Studio\Module v1.0\Module\App_Code\Utils.cs:line 432
[10:40:55 AM][ERROR] The remote server returned an error: (500) Internal Server Error.
   at System.Net.HttpWebRequest.GetResponse()
   at Module.Utils.GenerateRequest(String sAction, String sQueryString, String sMethod, String& sResponse) in F:\VS Studio\Module v1.0\Module\App_Code\Utils.cs:line 432
[10:41:01 AM][ERROR] The remote server returned an error: (500) Internal Server Error.
   at System.Net.HttpWebRequest.GetResponse()
   at Module.Utils.GenerateRequest(String sAction, String sQueryString, String sMethod, String& sResponse) in F:\VS Studio\Module v1.0\Module\App_Code\Utils.cs:line 432
[10:41:02 AM][ERROR] The remote server returned an error: (500) Internal Server Error.
   at System.Net.HttpWebRequest.GetResponse()
   at Module.Utils.GenerateRequest(String sAction, String sQueryString, String sMethod, String& sResponse) in F:\VS Studio\Module v1.0\Module\App_Code\Utils.cs:line 432
[10:41:03 AM][ERROR] The remote server returned an error: (500) Internal Server Error.
   at System.Net.HttpWebRequest.GetResponse()
   at Module.Utils.GenerateRequest(String sAction, String sQueryString, String sMethod, String& sResponse) in F:\VS Studio\Module v1.0\Module\App_Code\Utils.cs:line 432
[10:41:29 AM] Response {"success":true,"code":100,"message":"Action done successfully"}
[10:41:36 AM] Response {"success":true,"code":100,"message":"Action done successfully"}
[10:41:43 AM] Response {"success":true,"code":100,"message":"Action done successfully"}
[10:41:48 AM] Response {"success":true,"code":100,"message":"Action done successfully"}
[10:41:49 AM] Response {"success":true,"code":100,"message":"Action done successfully"}
[10:42:39 AM][ERROR] The remote server returned an error: (500) Internal Server Error.
   at System.Net.HttpWebRequest.GetResponse()
   at Module.Utils.GenerateRequest(String sAction, String sQueryString, String sMethod, String& sResponse) in F:\VS Studio\Module v1.0\Module\App_Code\Utils.cs:line 432
[10:44:16 AM]util{"success":true,"code":200,"message":"Item created successfully","stakeholder_id":"stkh-cc3129a6c4b44880b1c35483132c9f06"}
[10:44:16 AM] Response {"success":true,"code":100,"message":"Action done successfully"}
[10:48:21 AM][ERROR] The remote server returned an error: (500) Internal Server Error.
   at System.Net.HttpWebRequest.GetResponse()
   at Module.Utils.GenerateRequest(String sAction, String sQueryString, String sMethod, String& sResponse) in F:\VS Studio\Module v1.0\Module\App_Code\Utils.cs:line 432
[10:48:21 AM][Utils.cs][SearchLabByStakeholderOrg] stakeholder_org_id is empty.
[10:56:20 AM][ERROR] The remote server returned an error: (500) Internal Server Error.
   at System.Net.HttpWebRequest.GetResponse()
   at Module.Utils.GenerateRequest(String sAction, String sQueryString, String sMethod, String& sResponse) in F:\VS Studio\Module v1.0\Module\App_Code\Utils.cs:line 432
[10:56:20 AM][Utils.cs][SearchLabByStakeholderOrg] stakeholder_org_id is empty.
[10:56:50 AM][ERROR] The remote server returned an error: (500) Internal Server Error.
   at System.Net.HttpWebRequest.GetResponse()
   at Module.Utils.GenerateRequest(String sAction, String sQueryString, String sMethod, String& sResponse) in F:\VS Studio\Module v1.0\Module\App_Code\Utils.cs:line 432
[10:56:50 AM][Utils.cs][SearchLabByStakeholderOrg] stakeholder_org_id is empty.
[11:00:51 AM][ERROR] The remote server returned an error: (500) Internal Server Error.
   at System.Net.HttpWebRequest.GetResponse()
   at Module.Utils.GenerateRequest(String sAction, String sQueryString, String sMethod, String& sResponse) in F:\VS Studio\Module v1.0\Module\App_Code\Utils.cs:line 432
[11:00:51 AM][Utils.cs][SearchLabByStakeholderOrg] stakeholder_org_id is empty.
[11:00:55 AM][ERROR] The remote server returned an error: (500) Internal Server Error.
   at System.Net.HttpWebRequest.GetResponse()
   at Module.Utils.GenerateRequest(String sAction, String sQueryString, String sMethod, String& sResponse) in F:\VS Studio\Module v1.0\Module\App_Code\Utils.cs:line 432
[11:00:55 AM][Utils.cs][SearchLabByStakeholderOrg] stakeholder_org_id is empty.
[11:03:00 AM][ERROR] The remote server returned an error: (500) Internal Server Error.
   at System.Net.HttpWebRequest.GetResponse()
   at Module.Utils.GenerateRequest(String sAction, String sQueryString, String sMethod, String& sResponse) in F:\VS Studio\Module v1.0\Module\App_Code\Utils.cs:line 432
[11:03:01 AM][ERROR] The remote server returned an error: (500) Internal Server Error.
   at System.Net.HttpWebRequest.GetResponse()
   at Module.Utils.GenerateRequest(String sAction, String sQueryString, String sMethod, String& sResponse) in F:\VS Studio\Module v1.0\Module\App_Code\Utils.cs:line 432
[11:03:02 AM][ERROR] The remote server returned an error: (500) Internal Server Error.
   at System.Net.HttpWebRequest.GetResponse()
   at Module.Utils.GenerateRequest(String sAction, String sQueryString, String sMethod, String& sResponse) in F:\VS Studio\Module v1.0\Module\App_Code\Utils.cs:line 432
[11:03:02 AM][ERROR] The remote server returned an error: (500) Internal Server Error.
   at System.Net.HttpWebRequest.GetResponse()
   at Module.Utils.GenerateRequest(String sAction, String sQueryString, String sMethod, String& sResponse) in F:\VS Studio\Module v1.0\Module\App_Code\Utils.cs:line 432
[11:03:19 AM][ERROR] The remote server returned an error: (500) Internal Server Error.
   at System.Net.HttpWebRequest.GetResponse()
   at Module.Utils.GenerateRequest(String sAction, String sQueryString, String sMethod, String& sResponse) in F:\VS Studio\Module v1.0\Module\App_Code\Utils.cs:line 432
[11:03:31 AM][ERROR] The remote server returned an error: (500) Internal Server Error.
   at System.Net.HttpWebRequest.GetResponse()
   at Module.Utils.GenerateRequest(String sAction, String sQueryString, String sMethod, String& sResponse) in F:\VS Studio\Module v1.0\Module\App_Code\Utils.cs:line 432
[11:03:31 AM][Utils.cs][SearchLabByStakeholderOrg] stakeholder_org_id is empty.
[11:25:52 AM][ERROR] The remote server returned an error: (500) Internal Server Error.
   at System.Net.HttpWebRequest.GetResponse()
   at Module.Utils.GenerateRequest(String sAction, String sQueryString, String sMethod, String& sResponse) in F:\VS Studio\Module v1.0\Module\App_Code\Utils.cs:line 432
[11:25:52 AM][Utils.cs][SearchLabByStakeholderOrg] stakeholder_org_id is empty.
[11:43:36 AM][ERROR] The remote server returned an error: (500) Internal Server Error.
   at System.Net.HttpWebRequest.GetResponse()
   at Module.Utils.GenerateRequest(String sAction, String sQueryString, String sMethod, String& sResponse) in F:\VS Studio\Module v1.0\Module\App_Code\Utils.cs:line 432
[11:43:36 AM][Utils.cs][SearchLabByStakeholderOrg] stakeholder_org_id is empty.
[11:44:21 AM][ERROR] The remote server returned an error: (500) Internal Server Error.
   at System.Net.HttpWebRequest.GetResponse()
   at Module.Utils.GenerateRequest(String sAction, String sQueryString, String sMethod, String& sResponse) in F:\VS Studio\Module v1.0\Module\App_Code\Utils.cs:line 432
[11:44:21 AM][Utils.cs][SearchLabByStakeholderOrg] stakeholder_org_id is empty.
[11:45:59 AM][ERROR] The remote server returned an error: (500) Internal Server Error.
   at System.Net.HttpWebRequest.GetResponse()
   at Module.Utils.GenerateRequest(String sAction, String sQueryString, String sMethod, String& sResponse) in F:\VS Studio\Module v1.0\Module\App_Code\Utils.cs:line 432
[11:46:31 AM][ERROR] The remote server returned an error: (500) Internal Server Error.
   at System.Net.HttpWebRequest.GetResponse()
   at Module.Utils.GenerateRequest(String sAction, String sQueryString, String sMethod, String& sResponse) in F:\VS Studio\Module v1.0\Module\App_Code\Utils.cs:line 432
[11:46:32 AM][ERROR] The remote server returned an error: (500) Internal Server Error.
   at System.Net.HttpWebRequest.GetResponse()
   at Module.Utils.GenerateRequest(String sAction, String sQueryString, String sMethod, String& sResponse) in F:\VS Studio\Module v1.0\Module\App_Code\Utils.cs:line 432
[11:46:32 AM][ERROR] The remote server returned an error: (500) Internal Server Error.
   at System.Net.HttpWebRequest.GetResponse()
   at Module.Utils.GenerateRequest(String sAction, String sQueryString, String sMethod, String& sResponse) in F:\VS Studio\Module v1.0\Module\App_Code\Utils.cs:line 432
[11:46:44 AM][ERROR] The remote server returned an error: (500) Internal Server Error.
   at System.Net.HttpWebRequest.GetResponse()
   at Module.Utils.GenerateRequest(String sAction, String sQueryString, String sMethod, String& sResponse) in F:\VS Studio\Module v1.0\Module\App_Code\Utils.cs:line 432
[11:46:45 AM][ERROR] The remote server returned an error: (500) Internal Server Error.
   at System.Net.HttpWebRequest.GetResponse()
   at Module.Utils.GenerateRequest(String sAction, String sQueryString, String sMethod, String& sResponse) in F:\VS Studio\Module v1.0\Module\App_Code\Utils.cs:line 432
[11:46:45 AM][ERROR] The remote server returned an error: (500) Internal Server Error.
   at System.Net.HttpWebRequest.GetResponse()
   at Module.Utils.GenerateRequest(String sAction, String sQueryString, String sMethod, String& sResponse) in F:\VS Studio\Module v1.0\Module\App_Code\Utils.cs:line 432
[11:49:15 AM][ERROR] The remote server returned an error: (500) Internal Server Error.
   at System.Net.HttpWebRequest.GetResponse()
   at Module.Utils.GenerateRequest(String sAction, String sQueryString, String sMethod, String& sResponse) in F:\VS Studio\Module v1.0\Module\App_Code\Utils.cs:line 432
[11:49:18 AM][ERROR] The remote server returned an error: (500) Internal Server Error.
   at System.Net.HttpWebRequest.GetResponse()
   at Module.Utils.GenerateRequest(String sAction, String sQueryString, String sMethod, String& sResponse) in F:\VS Studio\Module v1.0\Module\App_Code\Utils.cs:line 432
[11:49:18 AM][ERROR] The remote server returned an error: (500) Internal Server Error.
   at System.Net.HttpWebRequest.GetResponse()
   at Module.Utils.GenerateRequest(String sAction, String sQueryString, String sMethod, String& sResponse) in F:\VS Studio\Module v1.0\Module\App_Code\Utils.cs:line 432
[11:49:19 AM][ERROR] The remote server returned an error: (500) Internal Server Error.
   at System.Net.HttpWebRequest.GetResponse()
   at Module.Utils.GenerateRequest(String sAction, String sQueryString, String sMethod, String& sResponse) in F:\VS Studio\Module v1.0\Module\App_Code\Utils.cs:line 432
[11:51:21 AM][ERROR] The remote server returned an error: (500) Internal Server Error.
   at System.Net.HttpWebRequest.GetResponse()
   at Module.Utils.GenerateRequest(String sAction, String sQueryString, String sMethod, String& sResponse) in F:\VS Studio\Module v1.0\Module\App_Code\Utils.cs:line 432
[11:51:21 AM][Utils.cs][SearchLabByStakeholderOrg] stakeholder_org_id is empty.
[11:52:04 AM][ERROR] The remote server returned an error: (500) Internal Server Error.
   at System.Net.HttpWebRequest.GetResponse()
   at Module.Utils.GenerateRequest(String sAction, String sQueryString, String sMethod, String& sResponse) in F:\VS Studio\Module v1.0\Module\App_Code\Utils.cs:line 432
[11:52:04 AM][Utils.cs][SearchLabByStakeholderOrg] stakeholder_org_id is empty.
[11:52:10 AM][ERROR] The remote server returned an error: (500) Internal Server Error.
   at System.Net.HttpWebRequest.GetResponse()
   at Module.Utils.GenerateRequest(String sAction, String sQueryString, String sMethod, String& sResponse) in F:\VS Studio\Module v1.0\Module\App_Code\Utils.cs:line 432
[11:52:12 AM][ERROR] The remote server returned an error: (500) Internal Server Error.
   at System.Net.HttpWebRequest.GetResponse()
   at Module.Utils.GenerateRequest(String sAction, String sQueryString, String sMethod, String& sResponse) in F:\VS Studio\Module v1.0\Module\App_Code\Utils.cs:line 432
[11:52:12 AM][ERROR] The remote server returned an error: (500) Internal Server Error.
   at System.Net.HttpWebRequest.GetResponse()
   at Module.Utils.GenerateRequest(String sAction, String sQueryString, String sMethod, String& sResponse) in F:\VS Studio\Module v1.0\Module\App_Code\Utils.cs:line 432
[11:52:13 AM][ERROR] The remote server returned an error: (500) Internal Server Error.
   at System.Net.HttpWebRequest.GetResponse()
   at Module.Utils.GenerateRequest(String sAction, String sQueryString, String sMethod, String& sResponse) in F:\VS Studio\Module v1.0\Module\App_Code\Utils.cs:line 432
[11:52:19 AM][ERROR] The remote server returned an error: (500) Internal Server Error.
   at System.Net.HttpWebRequest.GetResponse()
   at Module.Utils.GenerateRequest(String sAction, String sQueryString, String sMethod, String& sResponse) in F:\VS Studio\Module v1.0\Module\App_Code\Utils.cs:line 432
[11:52:21 AM][ERROR] The remote server returned an error: (500) Internal Server Error.
   at System.Net.HttpWebRequest.GetResponse()
   at Module.Utils.GenerateRequest(String sAction, String sQueryString, String sMethod, String& sResponse) in F:\VS Studio\Module v1.0\Module\App_Code\Utils.cs:line 432
[11:52:22 AM][ERROR] The remote server returned an error: (500) Internal Server Error.
   at System.Net.HttpWebRequest.GetResponse()
   at Module.Utils.GenerateRequest(String sAction, String sQueryString, String sMethod, String& sResponse) in F:\VS Studio\Module v1.0\Module\App_Code\Utils.cs:line 432
[11:52:22 AM][ERROR] The remote server returned an error: (500) Internal Server Error.
   at System.Net.HttpWebRequest.GetResponse()
   at Module.Utils.GenerateRequest(String sAction, String sQueryString, String sMethod, String& sResponse) in F:\VS Studio\Module v1.0\Module\App_Code\Utils.cs:line 432
[11:54:40 AM][SiteMaster.aspx][Page_Init] No session found.
[11:57:25 AM][ERROR] The remote server returned an error: (500) Internal Server Error.
   at System.Net.HttpWebRequest.GetResponse()
   at Module.Utils.GenerateRequest(String sAction, String sQueryString, String sMethod, String& sResponse) in F:\VS Studio\Module v1.0\Module\App_Code\Utils.cs:line 432
[11:57:25 AM][Utils.cs][SearchLabByStakeholderOrg] stakeholder_org_id is empty.
[11:57:31 AM][ERROR] The remote server returned an error: (500) Internal Server Error.
   at System.Net.HttpWebRequest.GetResponse()
   at Module.Utils.GenerateRequest(String sAction, String sQueryString, String sMethod, String& sResponse) in F:\VS Studio\Module v1.0\Module\App_Code\Utils.cs:line 432
[11:57:35 AM][ERROR] The remote server returned an error: (500) Internal Server Error.
   at System.Net.HttpWebRequest.GetResponse()
   at Module.Utils.GenerateRequest(String sAction, String sQueryString, String sMethod, String& sResponse) in F:\VS Studio\Module v1.0\Module\App_Code\Utils.cs:line 432
[11:57:35 AM][ERROR] The remote server returned an error: (500) Internal Server Error.
   at System.Net.HttpWebRequest.GetResponse()
   at Module.Utils.GenerateRequest(String sAction, String sQueryString, String sMethod, String& sResponse) in F:\VS Studio\Module v1.0\Module\App_Code\Utils.cs:line 432
[11:57:36 AM][ERROR] The remote server returned an error: (500) Internal Server Error.
   at System.Net.HttpWebRequest.GetResponse()
   at Module.Utils.GenerateRequest(String sAction, String sQueryString, String sMethod, String& sResponse) in F:\VS Studio\Module v1.0\Module\App_Code\Utils.cs:line 432
[11:57:42 AM][ERROR] The remote server returned an error: (500) Internal Server Error.
   at System.Net.HttpWebRequest.GetResponse()
   at Module.Utils.GenerateRequest(String sAction, String sQueryString, String sMethod, String& sResponse) in F:\VS Studio\Module v1.0\Module\App_Code\Utils.cs:line 432
[11:57:49 AM][ERROR] The remote server returned an error: (500) Internal Server Error.
   at System.Net.HttpWebRequest.GetResponse()
   at Module.Utils.GenerateRequest(String sAction, String sQueryString, String sMethod, String& sResponse) in F:\VS Studio\Module v1.0\Module\App_Code\Utils.cs:line 432
[11:57:51 AM][ERROR] The remote server returned an error: (500) Internal Server Error.
   at System.Net.HttpWebRequest.GetResponse()
   at Module.Utils.GenerateRequest(String sAction, String sQueryString, String sMethod, String& sResponse) in F:\VS Studio\Module v1.0\Module\App_Code\Utils.cs:line 432
[11:57:52 AM][ERROR] The remote server returned an error: (500) Internal Server Error.
   at System.Net.HttpWebRequest.GetResponse()
   at Module.Utils.GenerateRequest(String sAction, String sQueryString, String sMethod, String& sResponse) in F:\VS Studio\Module v1.0\Module\App_Code\Utils.cs:line 432
[11:58:43 AM] Response {"success":true,"code":100,"message":"Action done successfully"}
[12:04:00 PM] Response {"success":true,"code":100,"message":"Action done successfully"}
[12:04:18 PM] Response {"success":true,"code":100,"message":"Action done successfully"}
[12:40:56 PM][SiteMaster.aspx][Page_Init] No session found.
[12:46:53 PM][ERROR] The remote server returned an error: (500) Internal Server Error.
   at System.Net.HttpWebRequest.GetResponse()
   at Module.Utils.GenerateRequest(String sAction, String sQueryString, String sMethod, String& sResponse) in F:\VS Studio\Module v1.0\Module\App_Code\Utils.cs:line 432
[12:46:53 PM][Utils.cs][SearchLabByStakeholderOrg] stakeholder_org_id is empty.
