[10:06:41 AM][ERROR] The remote server returned an error: (500) Internal Server Error.
   at System.Net.HttpWebRequest.GetResponse()
   at Module.Utils.GenerateRequest(String sAction, String sQueryString, String sMethod, String& sResponse) in F:\VS Studio\Module v1.0\Module\App_Code\Utils.cs:line 432
[10:06:41 AM][Utils.cs][SearchLabByStakeholderOrg] stakeholder_org_id is empty.
[10:08:32 AM][ERROR] The remote server returned an error: (500) Internal Server Error.
   at System.Net.HttpWebRequest.GetResponse()
   at Module.Utils.GenerateRequest(String sAction, String sQueryString, String sMethod, String& sResponse) in F:\VS Studio\Module v1.0\Module\App_Code\Utils.cs:line 432
[10:11:06 AM][ERROR] The remote server returned an error: (500) Internal Server Error.
   at System.Net.HttpWebRequest.GetResponse()
   at Module.Utils.GenerateRequest(String sAction, String sQueryString, String sMethod, String& sResponse) in F:\VS Studio\Module v1.0\Module\App_Code\Utils.cs:line 432
[10:11:13 AM][ERROR] The remote server returned an error: (500) Internal Server Error.
   at System.Net.HttpWebRequest.GetResponse()
   at Module.Utils.GenerateRequest(String sAction, String sQueryString, String sMethod, String& sResponse) in F:\VS Studio\Module v1.0\Module\App_Code\Utils.cs:line 432
[10:14:38 AM][ERROR] The remote server returned an error: (500) Internal Server Error.
   at System.Net.HttpWebRequest.GetResponse()
   at Module.Utils.GenerateRequest(String sAction, String sQueryString, String sMethod, String& sResponse) in F:\VS Studio\Module v1.0\Module\App_Code\Utils.cs:line 432
[10:14:54 AM][ERROR] The remote server returned an error: (500) Internal Server Error.
   at System.Net.HttpWebRequest.GetResponse()
   at Module.Utils.GenerateRequest(String sAction, String sQueryString, String sMethod, String& sResponse) in F:\VS Studio\Module v1.0\Module\App_Code\Utils.cs:line 432
[10:21:44 AM][ERROR] The remote server returned an error: (500) Internal Server Error.
   at System.Net.HttpWebRequest.GetResponse()
   at Module.Utils.GenerateRequest(String sAction, String sQueryString, String sMethod, String& sResponse) in F:\VS Studio\Module v1.0\Module\App_Code\Utils.cs:line 432
[10:22:33 AM][ERROR] The remote server returned an error: (500) Internal Server Error.
   at System.Net.HttpWebRequest.GetResponse()
   at Module.Utils.GenerateRequest(String sAction, String sQueryString, String sMethod, String& sResponse) in F:\VS Studio\Module v1.0\Module\App_Code\Utils.cs:line 432
[10:22:54 AM][ERROR] The remote server returned an error: (500) Internal Server Error.
   at System.Net.HttpWebRequest.GetResponse()
   at Module.Utils.GenerateRequest(String sAction, String sQueryString, String sMethod, String& sResponse) in F:\VS Studio\Module v1.0\Module\App_Code\Utils.cs:line 432
[10:49:37 AM][ERROR] The remote server returned an error: (500) Internal Server Error.
   at System.Net.HttpWebRequest.GetResponse()
   at Module.Utils.GenerateRequest(String sAction, String sQueryString, String sMethod, String& sResponse) in F:\VS Studio\Module v1.0\Module\App_Code\Utils.cs:line 432
[10:53:24 AM][ERROR] The remote server returned an error: (500) Internal Server Error.
   at System.Net.HttpWebRequest.GetResponse()
   at Module.Utils.GenerateRequest(String sAction, String sQueryString, String sMethod, String& sResponse) in F:\VS Studio\Module v1.0\Module\App_Code\Utils.cs:line 432
[10:53:52 AM][ERROR] The remote server returned an error: (500) Internal Server Error.
   at System.Net.HttpWebRequest.GetResponse()
   at Module.Utils.GenerateRequest(String sAction, String sQueryString, String sMethod, String& sResponse) in F:\VS Studio\Module v1.0\Module\App_Code\Utils.cs:line 432
[10:54:11 AM][ERROR] The remote server returned an error: (500) Internal Server Error.
   at System.Net.HttpWebRequest.GetResponse()
   at Module.Utils.GenerateRequest(String sAction, String sQueryString, String sMethod, String& sResponse) in F:\VS Studio\Module v1.0\Module\App_Code\Utils.cs:line 432
[10:55:36 AM][ERROR] The remote server returned an error: (500) Internal Server Error.
   at System.Net.HttpWebRequest.GetResponse()
   at Module.Utils.GenerateRequest(String sAction, String sQueryString, String sMethod, String& sResponse) in F:\VS Studio\Module v1.0\Module\App_Code\Utils.cs:line 432
[10:55:36 AM][Utils.cs][SearchLabByStakeholderOrg] stakeholder_org_id is empty.
[10:55:55 AM][ERROR] The remote server returned an error: (500) Internal Server Error.
   at System.Net.HttpWebRequest.GetResponse()
   at Module.Utils.GenerateRequest(String sAction, String sQueryString, String sMethod, String& sResponse) in F:\VS Studio\Module v1.0\Module\App_Code\Utils.cs:line 432
[10:56:18 AM][ERROR] The remote server returned an error: (500) Internal Server Error.
   at System.Net.HttpWebRequest.GetResponse()
   at Module.Utils.GenerateRequest(String sAction, String sQueryString, String sMethod, String& sResponse) in F:\VS Studio\Module v1.0\Module\App_Code\Utils.cs:line 432
[10:57:17 AM][ERROR] The remote server returned an error: (500) Internal Server Error.
   at System.Net.HttpWebRequest.GetResponse()
   at Module.Utils.GenerateRequest(String sAction, String sQueryString, String sMethod, String& sResponse) in F:\VS Studio\Module v1.0\Module\App_Code\Utils.cs:line 432
[10:57:17 AM][Utils.cs][SearchLabByStakeholderOrg] stakeholder_org_id is empty.
[11:03:46 AM][ERROR] The remote server returned an error: (500) Internal Server Error.
   at System.Net.HttpWebRequest.GetResponse()
   at Module.Utils.GenerateRequest(String sAction, String sQueryString, String sMethod, String& sResponse) in F:\VS Studio\Module v1.0\Module\App_Code\Utils.cs:line 432
[11:03:56 AM][ERROR] The remote server returned an error: (500) Internal Server Error.
   at System.Net.HttpWebRequest.GetResponse()
   at Module.Utils.GenerateRequest(String sAction, String sQueryString, String sMethod, String& sResponse) in F:\VS Studio\Module v1.0\Module\App_Code\Utils.cs:line 432
[11:12:09 AM][ERROR] The remote server returned an error: (500) Internal Server Error.
   at System.Net.HttpWebRequest.GetResponse()
   at Module.Utils.GenerateRequest(String sAction, String sQueryString, String sMethod, String& sResponse) in F:\VS Studio\Module v1.0\Module\App_Code\Utils.cs:line 432
[11:12:09 AM][Utils.cs][SearchLabByStakeholderOrg] stakeholder_org_id is empty.
[11:12:19 AM][ERROR] The remote server returned an error: (500) Internal Server Error.
   at System.Net.HttpWebRequest.GetResponse()
   at Module.Utils.GenerateRequest(String sAction, String sQueryString, String sMethod, String& sResponse) in F:\VS Studio\Module v1.0\Module\App_Code\Utils.cs:line 432
[11:13:33 AM][ERROR] The remote server returned an error: (500) Internal Server Error.
   at System.Net.HttpWebRequest.GetResponse()
   at Module.Utils.GenerateRequest(String sAction, String sQueryString, String sMethod, String& sResponse) in F:\VS Studio\Module v1.0\Module\App_Code\Utils.cs:line 432
[11:14:07 AM][ERROR] The remote server returned an error: (500) Internal Server Error.
   at System.Net.HttpWebRequest.GetResponse()
   at Module.Utils.GenerateRequest(String sAction, String sQueryString, String sMethod, String& sResponse) in F:\VS Studio\Module v1.0\Module\App_Code\Utils.cs:line 432
[11:16:31 AM][ERROR] The remote server returned an error: (500) Internal Server Error.
   at System.Net.HttpWebRequest.GetResponse()
   at Module.Utils.GenerateRequest(String sAction, String sQueryString, String sMethod, String& sResponse) in F:\VS Studio\Module v1.0\Module\App_Code\Utils.cs:line 432
[11:16:31 AM][Utils.cs][SearchLabByStakeholderOrg] stakeholder_org_id is empty.
[11:26:22 AM][ERROR] The remote server returned an error: (500) Internal Server Error.
   at System.Net.HttpWebRequest.GetResponse()
   at Module.Utils.GenerateRequest(String sAction, String sQueryString, String sMethod, String& sResponse) in F:\VS Studio\Module v1.0\Module\App_Code\Utils.cs:line 432
[11:26:22 AM][Utils.cs][SearchLabByStakeholderOrg] stakeholder_org_id is empty.
[11:26:29 AM][ERROR] The remote server returned an error: (500) Internal Server Error.
   at System.Net.HttpWebRequest.GetResponse()
   at Module.Utils.GenerateRequest(String sAction, String sQueryString, String sMethod, String& sResponse) in F:\VS Studio\Module v1.0\Module\App_Code\Utils.cs:line 432
[11:26:56 AM][ERROR] The remote server returned an error: (500) Internal Server Error.
   at System.Net.HttpWebRequest.GetResponse()
   at Module.Utils.GenerateRequest(String sAction, String sQueryString, String sMethod, String& sResponse) in F:\VS Studio\Module v1.0\Module\App_Code\Utils.cs:line 432
[11:27:09 AM][ERROR] The remote server returned an error: (500) Internal Server Error.
   at System.Net.HttpWebRequest.GetResponse()
   at Module.Utils.GenerateRequest(String sAction, String sQueryString, String sMethod, String& sResponse) in F:\VS Studio\Module v1.0\Module\App_Code\Utils.cs:line 432
[11:27:50 AM][ERROR] The remote server returned an error: (500) Internal Server Error.
   at System.Net.HttpWebRequest.GetResponse()
   at Module.Utils.GenerateRequest(String sAction, String sQueryString, String sMethod, String& sResponse) in F:\VS Studio\Module v1.0\Module\App_Code\Utils.cs:line 432
[11:28:15 AM][ERROR] The remote server returned an error: (500) Internal Server Error.
   at System.Net.HttpWebRequest.GetResponse()
   at Module.Utils.GenerateRequest(String sAction, String sQueryString, String sMethod, String& sResponse) in F:\VS Studio\Module v1.0\Module\App_Code\Utils.cs:line 432
[11:28:27 AM][ERROR] The remote server returned an error: (500) Internal Server Error.
   at System.Net.HttpWebRequest.GetResponse()
   at Module.Utils.GenerateRequest(String sAction, String sQueryString, String sMethod, String& sResponse) in F:\VS Studio\Module v1.0\Module\App_Code\Utils.cs:line 432
[11:31:03 AM][ERROR] The remote server returned an error: (500) Internal Server Error.
   at System.Net.HttpWebRequest.GetResponse()
   at Module.Utils.GenerateRequest(String sAction, String sQueryString, String sMethod, String& sResponse) in F:\VS Studio\Module v1.0\Module\App_Code\Utils.cs:line 432
[11:31:03 AM][Utils.cs][SearchLabByStakeholderOrg] stakeholder_org_id is empty.
[11:31:31 AM][ERROR] The remote server returned an error: (500) Internal Server Error.
   at System.Net.HttpWebRequest.GetResponse()
   at Module.Utils.GenerateRequest(String sAction, String sQueryString, String sMethod, String& sResponse) in F:\VS Studio\Module v1.0\Module\App_Code\Utils.cs:line 432
[11:31:44 AM][ERROR] The remote server returned an error: (500) Internal Server Error.
   at System.Net.HttpWebRequest.GetResponse()
   at Module.Utils.GenerateRequest(String sAction, String sQueryString, String sMethod, String& sResponse) in F:\VS Studio\Module v1.0\Module\App_Code\Utils.cs:line 432
[11:51:25 AM][ERROR] The remote server returned an error: (500) Internal Server Error.
   at System.Net.HttpWebRequest.GetResponse()
   at Module.Utils.GenerateRequest(String sAction, String sQueryString, String sMethod, String& sResponse) in F:\VS Studio\Module v1.0\Module\App_Code\Utils.cs:line 432
[11:51:38 AM][ERROR] The remote server returned an error: (500) Internal Server Error.
   at System.Net.HttpWebRequest.GetResponse()
   at Module.Utils.GenerateRequest(String sAction, String sQueryString, String sMethod, String& sResponse) in F:\VS Studio\Module v1.0\Module\App_Code\Utils.cs:line 432
[11:51:38 AM][Utils.cs][SearchLabByStakeholderOrg] stakeholder_org_id is empty.
[11:51:48 AM][ERROR] The remote server returned an error: (500) Internal Server Error.
   at System.Net.HttpWebRequest.GetResponse()
   at Module.Utils.GenerateRequest(String sAction, String sQueryString, String sMethod, String& sResponse) in F:\VS Studio\Module v1.0\Module\App_Code\Utils.cs:line 432
[11:52:36 AM][ERROR] The remote server returned an error: (500) Internal Server Error.
   at System.Net.HttpWebRequest.GetResponse()
   at Module.Utils.GenerateRequest(String sAction, String sQueryString, String sMethod, String& sResponse) in F:\VS Studio\Module v1.0\Module\App_Code\Utils.cs:line 432
[11:57:12 AM][ERROR] The remote server returned an error: (500) Internal Server Error.
   at System.Net.HttpWebRequest.GetResponse()
   at Module.Utils.GenerateRequest(String sAction, String sQueryString, String sMethod, String& sResponse) in F:\VS Studio\Module v1.0\Module\App_Code\Utils.cs:line 432
[11:58:52 AM][ERROR] The remote server returned an error: (500) Internal Server Error.
   at System.Net.HttpWebRequest.GetResponse()
   at Module.Utils.GenerateRequest(String sAction, String sQueryString, String sMethod, String& sResponse) in F:\VS Studio\Module v1.0\Module\App_Code\Utils.cs:line 432
[11:59:32 AM][SiteMaster.aspx][Page_Init] No session found.
[11:59:47 AM][SiteMaster.aspx][Page_Init] No session found.
[11:59:51 AM][SiteMaster.aspx][Page_Init] No session found.
[11:59:56 AM][ERROR] The remote server returned an error: (500) Internal Server Error.
   at System.Net.HttpWebRequest.GetResponse()
   at Module.Utils.GenerateRequest(String sAction, String sQueryString, String sMethod, String& sResponse) in F:\VS Studio\Module v1.0\Module\App_Code\Utils.cs:line 432
[11:59:56 AM][Utils.cs][SearchLabByStakeholderOrg] stakeholder_org_id is empty.
[12:00:03 PM][ERROR] The remote server returned an error: (500) Internal Server Error.
   at System.Net.HttpWebRequest.GetResponse()
   at Module.Utils.GenerateRequest(String sAction, String sQueryString, String sMethod, String& sResponse) in F:\VS Studio\Module v1.0\Module\App_Code\Utils.cs:line 432
[12:01:29 PM][ERROR] The remote server returned an error: (500) Internal Server Error.
   at System.Net.HttpWebRequest.GetResponse()
   at Module.Utils.GenerateRequest(String sAction, String sQueryString, String sMethod, String& sResponse) in F:\VS Studio\Module v1.0\Module\App_Code\Utils.cs:line 432
[12:02:22 PM][ERROR] The remote server returned an error: (500) Internal Server Error.
   at System.Net.HttpWebRequest.GetResponse()
   at Module.Utils.GenerateRequest(String sAction, String sQueryString, String sMethod, String& sResponse) in F:\VS Studio\Module v1.0\Module\App_Code\Utils.cs:line 432
[12:03:43 PM][ERROR] The remote server returned an error: (500) Internal Server Error.
   at System.Net.HttpWebRequest.GetResponse()
   at Module.Utils.GenerateRequest(String sAction, String sQueryString, String sMethod, String& sResponse) in F:\VS Studio\Module v1.0\Module\App_Code\Utils.cs:line 432
[12:03:57 PM][ERROR] The remote server returned an error: (500) Internal Server Error.
   at System.Net.HttpWebRequest.GetResponse()
   at Module.Utils.GenerateRequest(String sAction, String sQueryString, String sMethod, String& sResponse) in F:\VS Studio\Module v1.0\Module\App_Code\Utils.cs:line 432
[12:04:28 PM][ERROR] The remote server returned an error: (500) Internal Server Error.
   at System.Net.HttpWebRequest.GetResponse()
   at Module.Utils.GenerateRequest(String sAction, String sQueryString, String sMethod, String& sResponse) in F:\VS Studio\Module v1.0\Module\App_Code\Utils.cs:line 432
[12:05:24 PM][ERROR] The remote server returned an error: (500) Internal Server Error.
   at System.Net.HttpWebRequest.GetResponse()
   at Module.Utils.GenerateRequest(String sAction, String sQueryString, String sMethod, String& sResponse) in F:\VS Studio\Module v1.0\Module\App_Code\Utils.cs:line 432
[12:06:06 PM][ERROR] The remote server returned an error: (500) Internal Server Error.
   at System.Net.HttpWebRequest.GetResponse()
   at Module.Utils.GenerateRequest(String sAction, String sQueryString, String sMethod, String& sResponse) in F:\VS Studio\Module v1.0\Module\App_Code\Utils.cs:line 432
[12:06:16 PM][ERROR] The remote server returned an error: (500) Internal Server Error.
   at System.Net.HttpWebRequest.GetResponse()
   at Module.Utils.GenerateRequest(String sAction, String sQueryString, String sMethod, String& sResponse) in F:\VS Studio\Module v1.0\Module\App_Code\Utils.cs:line 432
[12:06:40 PM][ERROR] The remote server returned an error: (500) Internal Server Error.
   at System.Net.HttpWebRequest.GetResponse()
   at Module.Utils.GenerateRequest(String sAction, String sQueryString, String sMethod, String& sResponse) in F:\VS Studio\Module v1.0\Module\App_Code\Utils.cs:line 432
[12:07:30 PM][ERROR] The remote server returned an error: (500) Internal Server Error.
   at System.Net.HttpWebRequest.GetResponse()
   at Module.Utils.GenerateRequest(String sAction, String sQueryString, String sMethod, String& sResponse) in F:\VS Studio\Module v1.0\Module\App_Code\Utils.cs:line 432
[12:08:30 PM][ERROR] The remote server returned an error: (500) Internal Server Error.
   at System.Net.HttpWebRequest.GetResponse()
   at Module.Utils.GenerateRequest(String sAction, String sQueryString, String sMethod, String& sResponse) in F:\VS Studio\Module v1.0\Module\App_Code\Utils.cs:line 432
[12:11:58 PM][ERROR] The remote server returned an error: (500) Internal Server Error.
   at System.Net.HttpWebRequest.GetResponse()
   at Module.Utils.GenerateRequest(String sAction, String sQueryString, String sMethod, String& sResponse) in F:\VS Studio\Module v1.0\Module\App_Code\Utils.cs:line 432
[12:12:40 PM][ERROR] The remote server returned an error: (500) Internal Server Error.
   at System.Net.HttpWebRequest.GetResponse()
   at Module.Utils.GenerateRequest(String sAction, String sQueryString, String sMethod, String& sResponse) in F:\VS Studio\Module v1.0\Module\App_Code\Utils.cs:line 432
[12:12:56 PM][SiteMaster.aspx][Page_Init] No session found.
[12:13:23 PM][SiteMaster.aspx][Page_Init] No session found.
[12:13:46 PM][SiteMaster.aspx][Page_Init] No session found.
[12:13:51 PM][SiteMaster.aspx][Page_Init] No session found.
[12:13:56 PM][ERROR] The remote server returned an error: (500) Internal Server Error.
   at System.Net.HttpWebRequest.GetResponse()
   at Module.Utils.GenerateRequest(String sAction, String sQueryString, String sMethod, String& sResponse) in F:\VS Studio\Module v1.0\Module\App_Code\Utils.cs:line 432
[12:13:56 PM][Utils.cs][SearchLabByStakeholderOrg] stakeholder_org_id is empty.
[12:14:04 PM][ERROR] The remote server returned an error: (500) Internal Server Error.
   at System.Net.HttpWebRequest.GetResponse()
   at Module.Utils.GenerateRequest(String sAction, String sQueryString, String sMethod, String& sResponse) in F:\VS Studio\Module v1.0\Module\App_Code\Utils.cs:line 432
[12:22:08 PM][ERROR] The remote server returned an error: (500) Internal Server Error.
   at System.Net.HttpWebRequest.GetResponse()
   at Module.Utils.GenerateRequest(String sAction, String sQueryString, String sMethod, String& sResponse) in F:\VS Studio\Module v1.0\Module\App_Code\Utils.cs:line 432
[12:22:21 PM][ERROR] The remote server returned an error: (500) Internal Server Error.
   at System.Net.HttpWebRequest.GetResponse()
   at Module.Utils.GenerateRequest(String sAction, String sQueryString, String sMethod, String& sResponse) in F:\VS Studio\Module v1.0\Module\App_Code\Utils.cs:line 432
[12:22:41 PM][ERROR] The remote server returned an error: (500) Internal Server Error.
   at System.Net.HttpWebRequest.GetResponse()
   at Module.Utils.GenerateRequest(String sAction, String sQueryString, String sMethod, String& sResponse) in F:\VS Studio\Module v1.0\Module\App_Code\Utils.cs:line 432
[12:23:31 PM][ERROR] The remote server returned an error: (500) Internal Server Error.
   at System.Net.HttpWebRequest.GetResponse()
   at Module.Utils.GenerateRequest(String sAction, String sQueryString, String sMethod, String& sResponse) in F:\VS Studio\Module v1.0\Module\App_Code\Utils.cs:line 432
[12:23:56 PM][ERROR] The remote server returned an error: (500) Internal Server Error.
   at System.Net.HttpWebRequest.GetResponse()
   at Module.Utils.GenerateRequest(String sAction, String sQueryString, String sMethod, String& sResponse) in F:\VS Studio\Module v1.0\Module\App_Code\Utils.cs:line 432
[12:26:19 PM][ERROR] The remote server returned an error: (500) Internal Server Error.
   at System.Net.HttpWebRequest.GetResponse()
   at Module.Utils.GenerateRequest(String sAction, String sQueryString, String sMethod, String& sResponse) in F:\VS Studio\Module v1.0\Module\App_Code\Utils.cs:line 432
[12:27:06 PM][ERROR] The remote server returned an error: (500) Internal Server Error.
   at System.Net.HttpWebRequest.GetResponse()
   at Module.Utils.GenerateRequest(String sAction, String sQueryString, String sMethod, String& sResponse) in F:\VS Studio\Module v1.0\Module\App_Code\Utils.cs:line 432
[12:27:51 PM][ERROR] The remote server returned an error: (500) Internal Server Error.
   at System.Net.HttpWebRequest.GetResponse()
   at Module.Utils.GenerateRequest(String sAction, String sQueryString, String sMethod, String& sResponse) in F:\VS Studio\Module v1.0\Module\App_Code\Utils.cs:line 432
[12:28:21 PM][ERROR] The remote server returned an error: (500) Internal Server Error.
   at System.Net.HttpWebRequest.GetResponse()
   at Module.Utils.GenerateRequest(String sAction, String sQueryString, String sMethod, String& sResponse) in F:\VS Studio\Module v1.0\Module\App_Code\Utils.cs:line 432
[12:28:43 PM][ERROR] The remote server returned an error: (500) Internal Server Error.
   at System.Net.HttpWebRequest.GetResponse()
   at Module.Utils.GenerateRequest(String sAction, String sQueryString, String sMethod, String& sResponse) in F:\VS Studio\Module v1.0\Module\App_Code\Utils.cs:line 432
[12:29:42 PM][ERROR] The remote server returned an error: (500) Internal Server Error.
   at System.Net.HttpWebRequest.GetResponse()
   at Module.Utils.GenerateRequest(String sAction, String sQueryString, String sMethod, String& sResponse) in F:\VS Studio\Module v1.0\Module\App_Code\Utils.cs:line 432
[12:30:58 PM][ERROR] The remote server returned an error: (500) Internal Server Error.
   at System.Net.HttpWebRequest.GetResponse()
   at Module.Utils.GenerateRequest(String sAction, String sQueryString, String sMethod, String& sResponse) in F:\VS Studio\Module v1.0\Module\App_Code\Utils.cs:line 432
[12:32:27 PM][SiteMaster.aspx][Page_Init] No session found.
[12:32:33 PM][SiteMaster.aspx][Page_Init] No session found.
[12:32:38 PM][ERROR] The remote server returned an error: (500) Internal Server Error.
   at System.Net.HttpWebRequest.GetResponse()
   at Module.Utils.GenerateRequest(String sAction, String sQueryString, String sMethod, String& sResponse) in F:\VS Studio\Module v1.0\Module\App_Code\Utils.cs:line 432
[12:32:38 PM][Utils.cs][SearchLabByStakeholderOrg] stakeholder_org_id is empty.
[12:32:45 PM][ERROR] The remote server returned an error: (500) Internal Server Error.
   at System.Net.HttpWebRequest.GetResponse()
   at Module.Utils.GenerateRequest(String sAction, String sQueryString, String sMethod, String& sResponse) in F:\VS Studio\Module v1.0\Module\App_Code\Utils.cs:line 432
[12:35:52 PM][ERROR] The remote server returned an error: (500) Internal Server Error.
   at System.Net.HttpWebRequest.GetResponse()
   at Module.Utils.GenerateRequest(String sAction, String sQueryString, String sMethod, String& sResponse) in F:\VS Studio\Module v1.0\Module\App_Code\Utils.cs:line 432
[12:36:36 PM][ERROR] The remote server returned an error: (500) Internal Server Error.
   at System.Net.HttpWebRequest.GetResponse()
   at Module.Utils.GenerateRequest(String sAction, String sQueryString, String sMethod, String& sResponse) in F:\VS Studio\Module v1.0\Module\App_Code\Utils.cs:line 432
[12:38:00 PM][ERROR] The remote server returned an error: (500) Internal Server Error.
   at System.Net.HttpWebRequest.GetResponse()
   at Module.Utils.GenerateRequest(String sAction, String sQueryString, String sMethod, String& sResponse) in F:\VS Studio\Module v1.0\Module\App_Code\Utils.cs:line 432
[12:38:05 PM][ERROR] The remote server returned an error: (500) Internal Server Error.
   at System.Net.HttpWebRequest.GetResponse()
   at Module.Utils.GenerateRequest(String sAction, String sQueryString, String sMethod, String& sResponse) in F:\VS Studio\Module v1.0\Module\App_Code\Utils.cs:line 432
[12:38:05 PM][Utils.cs][SearchLabByStakeholderOrg] stakeholder_org_id is empty.
[12:38:14 PM][ERROR] The remote server returned an error: (500) Internal Server Error.
   at System.Net.HttpWebRequest.GetResponse()
   at Module.Utils.GenerateRequest(String sAction, String sQueryString, String sMethod, String& sResponse) in F:\VS Studio\Module v1.0\Module\App_Code\Utils.cs:line 432
[12:38:57 PM][ERROR] The remote server returned an error: (500) Internal Server Error.
   at System.Net.HttpWebRequest.GetResponse()
   at Module.Utils.GenerateRequest(String sAction, String sQueryString, String sMethod, String& sResponse) in F:\VS Studio\Module v1.0\Module\App_Code\Utils.cs:line 432
[12:39:41 PM][ERROR] The remote server returned an error: (500) Internal Server Error.
   at System.Net.HttpWebRequest.GetResponse()
   at Module.Utils.GenerateRequest(String sAction, String sQueryString, String sMethod, String& sResponse) in F:\VS Studio\Module v1.0\Module\App_Code\Utils.cs:line 432
[12:44:12 PM][ERROR] The remote server returned an error: (500) Internal Server Error.
   at System.Net.HttpWebRequest.GetResponse()
   at Module.Utils.GenerateRequest(String sAction, String sQueryString, String sMethod, String& sResponse) in F:\VS Studio\Module v1.0\Module\App_Code\Utils.cs:line 432
[12:45:26 PM][ERROR] The remote server returned an error: (500) Internal Server Error.
   at System.Net.HttpWebRequest.GetResponse()
   at Module.Utils.GenerateRequest(String sAction, String sQueryString, String sMethod, String& sResponse) in F:\VS Studio\Module v1.0\Module\App_Code\Utils.cs:line 432
[12:51:42 PM][ERROR] The remote server returned an error: (500) Internal Server Error.
   at System.Net.HttpWebRequest.GetResponse()
   at Module.Utils.GenerateRequest(String sAction, String sQueryString, String sMethod, String& sResponse) in F:\VS Studio\Module v1.0\Module\App_Code\Utils.cs:line 432
[12:52:16 PM][ERROR] The remote server returned an error: (500) Internal Server Error.
   at System.Net.HttpWebRequest.GetResponse()
   at Module.Utils.GenerateRequest(String sAction, String sQueryString, String sMethod, String& sResponse) in F:\VS Studio\Module v1.0\Module\App_Code\Utils.cs:line 432
[12:52:16 PM][Utils.cs][SearchLabByStakeholderOrg] stakeholder_org_id is empty.
[12:52:41 PM][ERROR] The remote server returned an error: (500) Internal Server Error.
   at System.Net.HttpWebRequest.GetResponse()
   at Module.Utils.GenerateRequest(String sAction, String sQueryString, String sMethod, String& sResponse) in F:\VS Studio\Module v1.0\Module\App_Code\Utils.cs:line 432
[12:53:17 PM][ERROR] The remote server returned an error: (500) Internal Server Error.
   at System.Net.HttpWebRequest.GetResponse()
   at Module.Utils.GenerateRequest(String sAction, String sQueryString, String sMethod, String& sResponse) in F:\VS Studio\Module v1.0\Module\App_Code\Utils.cs:line 432
[12:53:27 PM][ERROR] The remote server returned an error: (500) Internal Server Error.
   at System.Net.HttpWebRequest.GetResponse()
   at Module.Utils.GenerateRequest(String sAction, String sQueryString, String sMethod, String& sResponse) in F:\VS Studio\Module v1.0\Module\App_Code\Utils.cs:line 432
[12:53:42 PM][ERROR] The remote server returned an error: (500) Internal Server Error.
   at System.Net.HttpWebRequest.GetResponse()
   at Module.Utils.GenerateRequest(String sAction, String sQueryString, String sMethod, String& sResponse) in F:\VS Studio\Module v1.0\Module\App_Code\Utils.cs:line 432
[2:13:28 PM][SiteMaster.aspx][Page_Init] No session found.
[2:13:32 PM][ERROR] The remote server returned an error: (500) Internal Server Error.
   at System.Net.HttpWebRequest.GetResponse()
   at Module.Utils.GenerateRequest(String sAction, String sQueryString, String sMethod, String& sResponse) in F:\VS Studio\Module v1.0\Module\App_Code\Utils.cs:line 432
[2:13:32 PM][Utils.cs][SearchLabByStakeholderOrg] stakeholder_org_id is empty.
[2:13:40 PM][ERROR] The remote server returned an error: (500) Internal Server Error.
   at System.Net.HttpWebRequest.GetResponse()
   at Module.Utils.GenerateRequest(String sAction, String sQueryString, String sMethod, String& sResponse) in F:\VS Studio\Module v1.0\Module\App_Code\Utils.cs:line 432
[2:14:20 PM][ERROR] The remote server returned an error: (500) Internal Server Error.
   at System.Net.HttpWebRequest.GetResponse()
   at Module.Utils.GenerateRequest(String sAction, String sQueryString, String sMethod, String& sResponse) in F:\VS Studio\Module v1.0\Module\App_Code\Utils.cs:line 432
[2:15:38 PM][ERROR] The remote server returned an error: (500) Internal Server Error.
   at System.Net.HttpWebRequest.GetResponse()
   at Module.Utils.GenerateRequest(String sAction, String sQueryString, String sMethod, String& sResponse) in F:\VS Studio\Module v1.0\Module\App_Code\Utils.cs:line 432
[2:15:58 PM][ERROR] The remote server returned an error: (500) Internal Server Error.
   at System.Net.HttpWebRequest.GetResponse()
   at Module.Utils.GenerateRequest(String sAction, String sQueryString, String sMethod, String& sResponse) in F:\VS Studio\Module v1.0\Module\App_Code\Utils.cs:line 432
[2:27:17 PM][ERROR] The remote server returned an error: (500) Internal Server Error.
   at System.Net.HttpWebRequest.GetResponse()
   at Module.Utils.GenerateRequest(String sAction, String sQueryString, String sMethod, String& sResponse) in F:\VS Studio\Module v1.0\Module\App_Code\Utils.cs:line 432
[2:42:49 PM][SiteMaster.aspx][Page_Init] No session found.
[2:43:01 PM][SiteMaster.aspx][Page_Init] No session found.
[2:43:06 PM][ERROR] The remote server returned an error: (500) Internal Server Error.
   at System.Net.HttpWebRequest.GetResponse()
   at Module.Utils.GenerateRequest(String sAction, String sQueryString, String sMethod, String& sResponse) in F:\VS Studio\Module v1.0\Module\App_Code\Utils.cs:line 432
[2:43:06 PM][Utils.cs][SearchLabByStakeholderOrg] stakeholder_org_id is empty.
[2:43:12 PM][ERROR] The remote server returned an error: (500) Internal Server Error.
   at System.Net.HttpWebRequest.GetResponse()
   at Module.Utils.GenerateRequest(String sAction, String sQueryString, String sMethod, String& sResponse) in F:\VS Studio\Module v1.0\Module\App_Code\Utils.cs:line 432
[2:43:59 PM][ERROR] The remote server returned an error: (500) Internal Server Error.
   at System.Net.HttpWebRequest.GetResponse()
   at Module.Utils.GenerateRequest(String sAction, String sQueryString, String sMethod, String& sResponse) in F:\VS Studio\Module v1.0\Module\App_Code\Utils.cs:line 432
[2:44:17 PM][ERROR] The remote server returned an error: (500) Internal Server Error.
   at System.Net.HttpWebRequest.GetResponse()
   at Module.Utils.GenerateRequest(String sAction, String sQueryString, String sMethod, String& sResponse) in F:\VS Studio\Module v1.0\Module\App_Code\Utils.cs:line 432
[2:45:16 PM][ERROR] The remote server returned an error: (500) Internal Server Error.
   at System.Net.HttpWebRequest.GetResponse()
   at Module.Utils.GenerateRequest(String sAction, String sQueryString, String sMethod, String& sResponse) in F:\VS Studio\Module v1.0\Module\App_Code\Utils.cs:line 432
[2:45:57 PM][ERROR] The remote server returned an error: (500) Internal Server Error.
   at System.Net.HttpWebRequest.GetResponse()
   at Module.Utils.GenerateRequest(String sAction, String sQueryString, String sMethod, String& sResponse) in F:\VS Studio\Module v1.0\Module\App_Code\Utils.cs:line 432
[2:46:01 PM][ERROR] The remote server returned an error: (500) Internal Server Error.
   at System.Net.HttpWebRequest.GetResponse()
   at Module.Utils.GenerateRequest(String sAction, String sQueryString, String sMethod, String& sResponse) in F:\VS Studio\Module v1.0\Module\App_Code\Utils.cs:line 432
[2:50:37 PM][ERROR] The remote server returned an error: (500) Internal Server Error.
   at System.Net.HttpWebRequest.GetResponse()
   at Module.Utils.GenerateRequest(String sAction, String sQueryString, String sMethod, String& sResponse) in F:\VS Studio\Module v1.0\Module\App_Code\Utils.cs:line 432
[2:52:07 PM][ERROR] The remote server returned an error: (500) Internal Server Error.
   at System.Net.HttpWebRequest.GetResponse()
   at Module.Utils.GenerateRequest(String sAction, String sQueryString, String sMethod, String& sResponse) in F:\VS Studio\Module v1.0\Module\App_Code\Utils.cs:line 432
[2:53:10 PM][ERROR] The remote server returned an error: (500) Internal Server Error.
   at System.Net.HttpWebRequest.GetResponse()
   at Module.Utils.GenerateRequest(String sAction, String sQueryString, String sMethod, String& sResponse) in F:\VS Studio\Module v1.0\Module\App_Code\Utils.cs:line 432
[2:53:27 PM][ERROR] The remote server returned an error: (500) Internal Server Error.
   at System.Net.HttpWebRequest.GetResponse()
   at Module.Utils.GenerateRequest(String sAction, String sQueryString, String sMethod, String& sResponse) in F:\VS Studio\Module v1.0\Module\App_Code\Utils.cs:line 432
[2:53:52 PM][ERROR] The remote server returned an error: (500) Internal Server Error.
   at System.Net.HttpWebRequest.GetResponse()
   at Module.Utils.GenerateRequest(String sAction, String sQueryString, String sMethod, String& sResponse) in F:\VS Studio\Module v1.0\Module\App_Code\Utils.cs:line 432
[2:54:19 PM][ERROR] The remote server returned an error: (500) Internal Server Error.
   at System.Net.HttpWebRequest.GetResponse()
   at Module.Utils.GenerateRequest(String sAction, String sQueryString, String sMethod, String& sResponse) in F:\VS Studio\Module v1.0\Module\App_Code\Utils.cs:line 432
[2:54:36 PM][ERROR] The remote server returned an error: (500) Internal Server Error.
   at System.Net.HttpWebRequest.GetResponse()
   at Module.Utils.GenerateRequest(String sAction, String sQueryString, String sMethod, String& sResponse) in F:\VS Studio\Module v1.0\Module\App_Code\Utils.cs:line 432
[2:54:45 PM][ERROR] The remote server returned an error: (500) Internal Server Error.
   at System.Net.HttpWebRequest.GetResponse()
   at Module.Utils.GenerateRequest(String sAction, String sQueryString, String sMethod, String& sResponse) in F:\VS Studio\Module v1.0\Module\App_Code\Utils.cs:line 432
[2:56:23 PM][ERROR] The remote server returned an error: (500) Internal Server Error.
   at System.Net.HttpWebRequest.GetResponse()
   at Module.Utils.GenerateRequest(String sAction, String sQueryString, String sMethod, String& sResponse) in F:\VS Studio\Module v1.0\Module\App_Code\Utils.cs:line 432
[2:58:47 PM][ERROR] The remote server returned an error: (500) Internal Server Error.
   at System.Net.HttpWebRequest.GetResponse()
   at Module.Utils.GenerateRequest(String sAction, String sQueryString, String sMethod, String& sResponse) in F:\VS Studio\Module v1.0\Module\App_Code\Utils.cs:line 432
[2:59:00 PM][ERROR] The remote server returned an error: (500) Internal Server Error.
   at System.Net.HttpWebRequest.GetResponse()
   at Module.Utils.GenerateRequest(String sAction, String sQueryString, String sMethod, String& sResponse) in F:\VS Studio\Module v1.0\Module\App_Code\Utils.cs:line 432
[2:59:42 PM][ERROR] The remote server returned an error: (500) Internal Server Error.
   at System.Net.HttpWebRequest.GetResponse()
   at Module.Utils.GenerateRequest(String sAction, String sQueryString, String sMethod, String& sResponse) in F:\VS Studio\Module v1.0\Module\App_Code\Utils.cs:line 432
[2:59:48 PM][ERROR] The remote server returned an error: (500) Internal Server Error.
   at System.Net.HttpWebRequest.GetResponse()
   at Module.Utils.GenerateRequest(String sAction, String sQueryString, String sMethod, String& sResponse) in F:\VS Studio\Module v1.0\Module\App_Code\Utils.cs:line 432
[3:00:10 PM][ERROR] The remote server returned an error: (500) Internal Server Error.
   at System.Net.HttpWebRequest.GetResponse()
   at Module.Utils.GenerateRequest(String sAction, String sQueryString, String sMethod, String& sResponse) in F:\VS Studio\Module v1.0\Module\App_Code\Utils.cs:line 432
[3:27:15 PM][ERROR] The remote server returned an error: (500) Internal Server Error.
   at System.Net.HttpWebRequest.GetResponse()
   at Module.Utils.GenerateRequest(String sAction, String sQueryString, String sMethod, String& sResponse) in F:\VS Studio\Module v1.0\Module\App_Code\Utils.cs:line 432
[3:27:46 PM][ERROR] The remote server returned an error: (500) Internal Server Error.
   at System.Net.HttpWebRequest.GetResponse()
   at Module.Utils.GenerateRequest(String sAction, String sQueryString, String sMethod, String& sResponse) in F:\VS Studio\Module v1.0\Module\App_Code\Utils.cs:line 432
[3:34:15 PM][ERROR] The remote server returned an error: (500) Internal Server Error.
   at System.Net.HttpWebRequest.GetResponse()
   at Module.Utils.GenerateRequest(String sAction, String sQueryString, String sMethod, String& sResponse) in F:\VS Studio\Module v1.0\Module\App_Code\Utils.cs:line 432
[3:35:52 PM][ERROR] The remote server returned an error: (500) Internal Server Error.
   at System.Net.HttpWebRequest.GetResponse()
   at Module.Utils.GenerateRequest(String sAction, String sQueryString, String sMethod, String& sResponse) in F:\VS Studio\Module v1.0\Module\App_Code\Utils.cs:line 432
[3:36:43 PM][SiteMaster.aspx][Page_Init] No session found.
[3:36:48 PM][SiteMaster.aspx][Page_Init] No session found.
[3:36:52 PM][ERROR] The remote server returned an error: (500) Internal Server Error.
   at System.Net.HttpWebRequest.GetResponse()
   at Module.Utils.GenerateRequest(String sAction, String sQueryString, String sMethod, String& sResponse) in F:\VS Studio\Module v1.0\Module\App_Code\Utils.cs:line 432
[3:36:52 PM][Utils.cs][SearchLabByStakeholderOrg] stakeholder_org_id is empty.
[3:36:58 PM][ERROR] The remote server returned an error: (500) Internal Server Error.
   at System.Net.HttpWebRequest.GetResponse()
   at Module.Utils.GenerateRequest(String sAction, String sQueryString, String sMethod, String& sResponse) in F:\VS Studio\Module v1.0\Module\App_Code\Utils.cs:line 432
[3:37:56 PM][ERROR] The remote server returned an error: (500) Internal Server Error.
   at System.Net.HttpWebRequest.GetResponse()
   at Module.Utils.GenerateRequest(String sAction, String sQueryString, String sMethod, String& sResponse) in F:\VS Studio\Module v1.0\Module\App_Code\Utils.cs:line 432
[3:38:13 PM][ERROR] The remote server returned an error: (500) Internal Server Error.
   at System.Net.HttpWebRequest.GetResponse()
   at Module.Utils.GenerateRequest(String sAction, String sQueryString, String sMethod, String& sResponse) in F:\VS Studio\Module v1.0\Module\App_Code\Utils.cs:line 432
[3:39:06 PM][ERROR] The remote server returned an error: (500) Internal Server Error.
   at System.Net.HttpWebRequest.GetResponse()
   at Module.Utils.GenerateRequest(String sAction, String sQueryString, String sMethod, String& sResponse) in F:\VS Studio\Module v1.0\Module\App_Code\Utils.cs:line 432
[3:39:11 PM][ERROR] The remote server returned an error: (500) Internal Server Error.
   at System.Net.HttpWebRequest.GetResponse()
   at Module.Utils.GenerateRequest(String sAction, String sQueryString, String sMethod, String& sResponse) in F:\VS Studio\Module v1.0\Module\App_Code\Utils.cs:line 432
[3:43:03 PM][ERROR] The remote server returned an error: (500) Internal Server Error.
   at System.Net.HttpWebRequest.GetResponse()
   at Module.Utils.GenerateRequest(String sAction, String sQueryString, String sMethod, String& sResponse) in F:\VS Studio\Module v1.0\Module\App_Code\Utils.cs:line 432
[3:45:50 PM][ERROR] The remote server returned an error: (500) Internal Server Error.
   at System.Net.HttpWebRequest.GetResponse()
   at Module.Utils.GenerateRequest(String sAction, String sQueryString, String sMethod, String& sResponse) in F:\VS Studio\Module v1.0\Module\App_Code\Utils.cs:line 432
[3:46:14 PM][ERROR] The remote server returned an error: (500) Internal Server Error.
   at System.Net.HttpWebRequest.GetResponse()
   at Module.Utils.GenerateRequest(String sAction, String sQueryString, String sMethod, String& sResponse) in F:\VS Studio\Module v1.0\Module\App_Code\Utils.cs:line 432
[3:46:49 PM][ERROR] The remote server returned an error: (500) Internal Server Error.
   at System.Net.HttpWebRequest.GetResponse()
   at Module.Utils.GenerateRequest(String sAction, String sQueryString, String sMethod, String& sResponse) in F:\VS Studio\Module v1.0\Module\App_Code\Utils.cs:line 432
[3:47:47 PM][ERROR] The remote server returned an error: (500) Internal Server Error.
   at System.Net.HttpWebRequest.GetResponse()
   at Module.Utils.GenerateRequest(String sAction, String sQueryString, String sMethod, String& sResponse) in F:\VS Studio\Module v1.0\Module\App_Code\Utils.cs:line 432
[3:48:40 PM][ERROR] The remote server returned an error: (500) Internal Server Error.
   at System.Net.HttpWebRequest.GetResponse()
   at Module.Utils.GenerateRequest(String sAction, String sQueryString, String sMethod, String& sResponse) in F:\VS Studio\Module v1.0\Module\App_Code\Utils.cs:line 432
[3:49:06 PM][ERROR] The remote server returned an error: (500) Internal Server Error.
   at System.Net.HttpWebRequest.GetResponse()
   at Module.Utils.GenerateRequest(String sAction, String sQueryString, String sMethod, String& sResponse) in F:\VS Studio\Module v1.0\Module\App_Code\Utils.cs:line 432
[3:51:00 PM][ERROR] The remote server returned an error: (500) Internal Server Error.
   at System.Net.HttpWebRequest.GetResponse()
   at Module.Utils.GenerateRequest(String sAction, String sQueryString, String sMethod, String& sResponse) in F:\VS Studio\Module v1.0\Module\App_Code\Utils.cs:line 432
[3:51:06 PM][ERROR] The remote server returned an error: (500) Internal Server Error.
   at System.Net.HttpWebRequest.GetResponse()
   at Module.Utils.GenerateRequest(String sAction, String sQueryString, String sMethod, String& sResponse) in F:\VS Studio\Module v1.0\Module\App_Code\Utils.cs:line 432
[3:51:10 PM][ERROR] The remote server returned an error: (500) Internal Server Error.
   at System.Net.HttpWebRequest.GetResponse()
   at Module.Utils.GenerateRequest(String sAction, String sQueryString, String sMethod, String& sResponse) in F:\VS Studio\Module v1.0\Module\App_Code\Utils.cs:line 432
[3:51:23 PM][ERROR] The remote server returned an error: (500) Internal Server Error.
   at System.Net.HttpWebRequest.GetResponse()
   at Module.Utils.GenerateRequest(String sAction, String sQueryString, String sMethod, String& sResponse) in F:\VS Studio\Module v1.0\Module\App_Code\Utils.cs:line 432
[3:51:26 PM][ERROR] The remote server returned an error: (500) Internal Server Error.
   at System.Net.HttpWebRequest.GetResponse()
   at Module.Utils.GenerateRequest(String sAction, String sQueryString, String sMethod, String& sResponse) in F:\VS Studio\Module v1.0\Module\App_Code\Utils.cs:line 432
[3:51:55 PM][ERROR] The remote server returned an error: (500) Internal Server Error.
   at System.Net.HttpWebRequest.GetResponse()
   at Module.Utils.GenerateRequest(String sAction, String sQueryString, String sMethod, String& sResponse) in F:\VS Studio\Module v1.0\Module\App_Code\Utils.cs:line 432
[3:52:43 PM][SiteMaster.aspx][Page_Init] No session found.
[3:52:47 PM][SiteMaster.aspx][Page_Init] No session found.
[3:52:53 PM][ERROR] The remote server returned an error: (500) Internal Server Error.
   at System.Net.HttpWebRequest.GetResponse()
   at Module.Utils.GenerateRequest(String sAction, String sQueryString, String sMethod, String& sResponse) in F:\VS Studio\Module v1.0\Module\App_Code\Utils.cs:line 432
[3:52:53 PM][Utils.cs][SearchLabByStakeholderOrg] stakeholder_org_id is empty.
[3:53:01 PM][ERROR] The remote server returned an error: (500) Internal Server Error.
   at System.Net.HttpWebRequest.GetResponse()
   at Module.Utils.GenerateRequest(String sAction, String sQueryString, String sMethod, String& sResponse) in F:\VS Studio\Module v1.0\Module\App_Code\Utils.cs:line 432
[3:53:23 PM][ERROR] The remote server returned an error: (500) Internal Server Error.
   at System.Net.HttpWebRequest.GetResponse()
   at Module.Utils.GenerateRequest(String sAction, String sQueryString, String sMethod, String& sResponse) in F:\VS Studio\Module v1.0\Module\App_Code\Utils.cs:line 432
[3:53:53 PM][ERROR] The remote server returned an error: (500) Internal Server Error.
   at System.Net.HttpWebRequest.GetResponse()
   at Module.Utils.GenerateRequest(String sAction, String sQueryString, String sMethod, String& sResponse) in F:\VS Studio\Module v1.0\Module\App_Code\Utils.cs:line 432
[3:55:06 PM][ERROR] The remote server returned an error: (500) Internal Server Error.
   at System.Net.HttpWebRequest.GetResponse()
   at Module.Utils.GenerateRequest(String sAction, String sQueryString, String sMethod, String& sResponse) in F:\VS Studio\Module v1.0\Module\App_Code\Utils.cs:line 432
[3:55:23 PM][ERROR] The remote server returned an error: (500) Internal Server Error.
   at System.Net.HttpWebRequest.GetResponse()
   at Module.Utils.GenerateRequest(String sAction, String sQueryString, String sMethod, String& sResponse) in F:\VS Studio\Module v1.0\Module\App_Code\Utils.cs:line 432
[3:57:11 PM][ERROR] The remote server returned an error: (500) Internal Server Error.
   at System.Net.HttpWebRequest.GetResponse()
   at Module.Utils.GenerateRequest(String sAction, String sQueryString, String sMethod, String& sResponse) in F:\VS Studio\Module v1.0\Module\App_Code\Utils.cs:line 432
[3:58:27 PM][ERROR] The remote server returned an error: (500) Internal Server Error.
   at System.Net.HttpWebRequest.GetResponse()
   at Module.Utils.GenerateRequest(String sAction, String sQueryString, String sMethod, String& sResponse) in F:\VS Studio\Module v1.0\Module\App_Code\Utils.cs:line 432
[4:00:29 PM][ERROR] The remote server returned an error: (500) Internal Server Error.
   at System.Net.HttpWebRequest.GetResponse()
   at Module.Utils.GenerateRequest(String sAction, String sQueryString, String sMethod, String& sResponse) in F:\VS Studio\Module v1.0\Module\App_Code\Utils.cs:line 432
[4:24:19 PM][ERROR] The remote server returned an error: (500) Internal Server Error.
   at System.Net.HttpWebRequest.GetResponse()
   at Module.Utils.GenerateRequest(String sAction, String sQueryString, String sMethod, String& sResponse) in F:\VS Studio\Module v1.0\Module\App_Code\Utils.cs:line 432
[4:24:54 PM][ERROR] The remote server returned an error: (500) Internal Server Error.
   at System.Net.HttpWebRequest.GetResponse()
   at Module.Utils.GenerateRequest(String sAction, String sQueryString, String sMethod, String& sResponse) in F:\VS Studio\Module v1.0\Module\App_Code\Utils.cs:line 432
[4:25:11 PM][ERROR] The remote server returned an error: (500) Internal Server Error.
   at System.Net.HttpWebRequest.GetResponse()
   at Module.Utils.GenerateRequest(String sAction, String sQueryString, String sMethod, String& sResponse) in F:\VS Studio\Module v1.0\Module\App_Code\Utils.cs:line 432
[4:25:41 PM][ERROR] The remote server returned an error: (500) Internal Server Error.
   at System.Net.HttpWebRequest.GetResponse()
   at Module.Utils.GenerateRequest(String sAction, String sQueryString, String sMethod, String& sResponse) in F:\VS Studio\Module v1.0\Module\App_Code\Utils.cs:line 432
[4:30:14 PM][ERROR] The remote server returned an error: (500) Internal Server Error.
   at System.Net.HttpWebRequest.GetResponse()
   at Module.Utils.GenerateRequest(String sAction, String sQueryString, String sMethod, String& sResponse) in F:\VS Studio\Module v1.0\Module\App_Code\Utils.cs:line 432
[4:31:27 PM][ERROR] The remote server returned an error: (500) Internal Server Error.
   at System.Net.HttpWebRequest.GetResponse()
   at Module.Utils.GenerateRequest(String sAction, String sQueryString, String sMethod, String& sResponse) in F:\VS Studio\Module v1.0\Module\App_Code\Utils.cs:line 432
[4:32:01 PM][ERROR] The remote server returned an error: (500) Internal Server Error.
   at System.Net.HttpWebRequest.GetResponse()
   at Module.Utils.GenerateRequest(String sAction, String sQueryString, String sMethod, String& sResponse) in F:\VS Studio\Module v1.0\Module\App_Code\Utils.cs:line 432
[4:33:48 PM][ERROR] The remote server returned an error: (500) Internal Server Error.
   at System.Net.HttpWebRequest.GetResponse()
   at Module.Utils.GenerateRequest(String sAction, String sQueryString, String sMethod, String& sResponse) in F:\VS Studio\Module v1.0\Module\App_Code\Utils.cs:line 432
[4:35:38 PM][SiteMaster.aspx][Page_Init] No session found.
[4:35:48 PM][SiteMaster.aspx][Page_Init] No session found.
[4:35:53 PM][ERROR] The remote server returned an error: (500) Internal Server Error.
   at System.Net.HttpWebRequest.GetResponse()
   at Module.Utils.GenerateRequest(String sAction, String sQueryString, String sMethod, String& sResponse) in F:\VS Studio\Module v1.0\Module\App_Code\Utils.cs:line 432
[4:35:53 PM][Utils.cs][SearchLabByStakeholderOrg] stakeholder_org_id is empty.
[4:36:01 PM][ERROR] The remote server returned an error: (500) Internal Server Error.
   at System.Net.HttpWebRequest.GetResponse()
   at Module.Utils.GenerateRequest(String sAction, String sQueryString, String sMethod, String& sResponse) in F:\VS Studio\Module v1.0\Module\App_Code\Utils.cs:line 432
[4:36:58 PM][ERROR] The remote server returned an error: (500) Internal Server Error.
   at System.Net.HttpWebRequest.GetResponse()
   at Module.Utils.GenerateRequest(String sAction, String sQueryString, String sMethod, String& sResponse) in F:\VS Studio\Module v1.0\Module\App_Code\Utils.cs:line 432
[4:42:46 PM][ERROR] The remote server returned an error: (500) Internal Server Error.
   at System.Net.HttpWebRequest.GetResponse()
   at Module.Utils.GenerateRequest(String sAction, String sQueryString, String sMethod, String& sResponse) in F:\VS Studio\Module v1.0\Module\App_Code\Utils.cs:line 432
[4:44:05 PM][ERROR] The remote server returned an error: (500) Internal Server Error.
   at System.Net.HttpWebRequest.GetResponse()
   at Module.Utils.GenerateRequest(String sAction, String sQueryString, String sMethod, String& sResponse) in F:\VS Studio\Module v1.0\Module\App_Code\Utils.cs:line 432
[4:59:43 PM][ERROR] The remote server returned an error: (500) Internal Server Error.
   at System.Net.HttpWebRequest.GetResponse()
   at Module.Utils.GenerateRequest(String sAction, String sQueryString, String sMethod, String& sResponse) in F:\VS Studio\Module v1.0\Module\App_Code\Utils.cs:line 432
[4:59:43 PM][Utils.cs][SearchLabByStakeholderOrg] stakeholder_org_id is empty.
[4:59:51 PM][ERROR] The remote server returned an error: (500) Internal Server Error.
   at System.Net.HttpWebRequest.GetResponse()
   at Module.Utils.GenerateRequest(String sAction, String sQueryString, String sMethod, String& sResponse) in F:\VS Studio\Module v1.0\Module\App_Code\Utils.cs:line 432
[5:00:48 PM][ERROR] The remote server returned an error: (500) Internal Server Error.
   at System.Net.HttpWebRequest.GetResponse()
   at Module.Utils.GenerateRequest(String sAction, String sQueryString, String sMethod, String& sResponse) in F:\VS Studio\Module v1.0\Module\App_Code\Utils.cs:line 432
[5:01:32 PM][ERROR] The remote server returned an error: (500) Internal Server Error.
   at System.Net.HttpWebRequest.GetResponse()
   at Module.Utils.GenerateRequest(String sAction, String sQueryString, String sMethod, String& sResponse) in F:\VS Studio\Module v1.0\Module\App_Code\Utils.cs:line 432
[5:02:04 PM][ERROR] The remote server returned an error: (500) Internal Server Error.
   at System.Net.HttpWebRequest.GetResponse()
   at Module.Utils.GenerateRequest(String sAction, String sQueryString, String sMethod, String& sResponse) in F:\VS Studio\Module v1.0\Module\App_Code\Utils.cs:line 432
[5:07:04 PM][ERROR] The remote server returned an error: (500) Internal Server Error.
   at System.Net.HttpWebRequest.GetResponse()
   at Module.Utils.GenerateRequest(String sAction, String sQueryString, String sMethod, String& sResponse) in F:\VS Studio\Module v1.0\Module\App_Code\Utils.cs:line 432
[5:08:05 PM][ERROR] The remote server returned an error: (500) Internal Server Error.
   at System.Net.HttpWebRequest.GetResponse()
   at Module.Utils.GenerateRequest(String sAction, String sQueryString, String sMethod, String& sResponse) in F:\VS Studio\Module v1.0\Module\App_Code\Utils.cs:line 432
[5:13:20 PM][ERROR] The remote server returned an error: (500) Internal Server Error.
   at System.Net.HttpWebRequest.GetResponse()
   at Module.Utils.GenerateRequest(String sAction, String sQueryString, String sMethod, String& sResponse) in F:\VS Studio\Module v1.0\Module\App_Code\Utils.cs:line 432
[5:13:20 PM][Utils.cs][SearchLabByStakeholderOrg] stakeholder_org_id is empty.
[5:13:44 PM][ERROR] The remote server returned an error: (500) Internal Server Error.
   at System.Net.HttpWebRequest.GetResponse()
   at Module.Utils.GenerateRequest(String sAction, String sQueryString, String sMethod, String& sResponse) in F:\VS Studio\Module v1.0\Module\App_Code\Utils.cs:line 432
[5:19:39 PM][ERROR] The remote server returned an error: (500) Internal Server Error.
   at System.Net.HttpWebRequest.GetResponse()
   at Module.Utils.GenerateRequest(String sAction, String sQueryString, String sMethod, String& sResponse) in F:\VS Studio\Module v1.0\Module\App_Code\Utils.cs:line 432
[5:20:34 PM][ERROR] The remote server returned an error: (500) Internal Server Error.
   at System.Net.HttpWebRequest.GetResponse()
   at Module.Utils.GenerateRequest(String sAction, String sQueryString, String sMethod, String& sResponse) in F:\VS Studio\Module v1.0\Module\App_Code\Utils.cs:line 432
[5:24:29 PM][ERROR] The remote server returned an error: (500) Internal Server Error.
   at System.Net.HttpWebRequest.GetResponse()
   at Module.Utils.GenerateRequest(String sAction, String sQueryString, String sMethod, String& sResponse) in F:\VS Studio\Module v1.0\Module\App_Code\Utils.cs:line 432
[5:25:41 PM][SiteMaster.aspx][Page_Init] No session found.
[5:25:59 PM][SiteMaster.aspx][Page_Init] No session found.
[5:26:03 PM][ERROR] The remote server returned an error: (500) Internal Server Error.
   at System.Net.HttpWebRequest.GetResponse()
   at Module.Utils.GenerateRequest(String sAction, String sQueryString, String sMethod, String& sResponse) in F:\VS Studio\Module v1.0\Module\App_Code\Utils.cs:line 432
[5:26:03 PM][Utils.cs][SearchLabByStakeholderOrg] stakeholder_org_id is empty.
[5:26:12 PM][ERROR] The remote server returned an error: (500) Internal Server Error.
   at System.Net.HttpWebRequest.GetResponse()
   at Module.Utils.GenerateRequest(String sAction, String sQueryString, String sMethod, String& sResponse) in F:\VS Studio\Module v1.0\Module\App_Code\Utils.cs:line 432
[5:34:03 PM][ERROR] The remote server returned an error: (500) Internal Server Error.
   at System.Net.HttpWebRequest.GetResponse()
   at Module.Utils.GenerateRequest(String sAction, String sQueryString, String sMethod, String& sResponse) in F:\VS Studio\Module v1.0\Module\App_Code\Utils.cs:line 432
[5:34:52 PM][ERROR] The remote server returned an error: (500) Internal Server Error.
   at System.Net.HttpWebRequest.GetResponse()
   at Module.Utils.GenerateRequest(String sAction, String sQueryString, String sMethod, String& sResponse) in F:\VS Studio\Module v1.0\Module\App_Code\Utils.cs:line 432
[5:36:59 PM][ERROR] The remote server returned an error: (500) Internal Server Error.
   at System.Net.HttpWebRequest.GetResponse()
   at Module.Utils.GenerateRequest(String sAction, String sQueryString, String sMethod, String& sResponse) in F:\VS Studio\Module v1.0\Module\App_Code\Utils.cs:line 432
[5:37:25 PM][ERROR] The remote server returned an error: (500) Internal Server Error.
   at System.Net.HttpWebRequest.GetResponse()
   at Module.Utils.GenerateRequest(String sAction, String sQueryString, String sMethod, String& sResponse) in F:\VS Studio\Module v1.0\Module\App_Code\Utils.cs:line 432
[5:37:50 PM][ERROR] The remote server returned an error: (500) Internal Server Error.
   at System.Net.HttpWebRequest.GetResponse()
   at Module.Utils.GenerateRequest(String sAction, String sQueryString, String sMethod, String& sResponse) in F:\VS Studio\Module v1.0\Module\App_Code\Utils.cs:line 432
[5:38:20 PM][ERROR] The remote server returned an error: (500) Internal Server Error.
   at System.Net.HttpWebRequest.GetResponse()
   at Module.Utils.GenerateRequest(String sAction, String sQueryString, String sMethod, String& sResponse) in F:\VS Studio\Module v1.0\Module\App_Code\Utils.cs:line 432
[5:39:00 PM][ERROR] The remote server returned an error: (500) Internal Server Error.
   at System.Net.HttpWebRequest.GetResponse()
   at Module.Utils.GenerateRequest(String sAction, String sQueryString, String sMethod, String& sResponse) in F:\VS Studio\Module v1.0\Module\App_Code\Utils.cs:line 432
[5:39:27 PM][ERROR] The remote server returned an error: (500) Internal Server Error.
   at System.Net.HttpWebRequest.GetResponse()
   at Module.Utils.GenerateRequest(String sAction, String sQueryString, String sMethod, String& sResponse) in F:\VS Studio\Module v1.0\Module\App_Code\Utils.cs:line 432
[5:41:45 PM][ERROR] The remote server returned an error: (500) Internal Server Error.
   at System.Net.HttpWebRequest.GetResponse()
   at Module.Utils.GenerateRequest(String sAction, String sQueryString, String sMethod, String& sResponse) in F:\VS Studio\Module v1.0\Module\App_Code\Utils.cs:line 432
[5:43:22 PM][ERROR] The remote server returned an error: (500) Internal Server Error.
   at System.Net.HttpWebRequest.GetResponse()
   at Module.Utils.GenerateRequest(String sAction, String sQueryString, String sMethod, String& sResponse) in F:\VS Studio\Module v1.0\Module\App_Code\Utils.cs:line 432
[5:43:53 PM][ERROR] The remote server returned an error: (500) Internal Server Error.
   at System.Net.HttpWebRequest.GetResponse()
   at Module.Utils.GenerateRequest(String sAction, String sQueryString, String sMethod, String& sResponse) in F:\VS Studio\Module v1.0\Module\App_Code\Utils.cs:line 432
[5:45:11 PM][ERROR] The remote server returned an error: (500) Internal Server Error.
   at System.Net.HttpWebRequest.GetResponse()
   at Module.Utils.GenerateRequest(String sAction, String sQueryString, String sMethod, String& sResponse) in F:\VS Studio\Module v1.0\Module\App_Code\Utils.cs:line 432
[5:52:19 PM][ERROR] The remote server returned an error: (500) Internal Server Error.
   at System.Net.HttpWebRequest.GetResponse()
   at Module.Utils.GenerateRequest(String sAction, String sQueryString, String sMethod, String& sResponse) in F:\VS Studio\Module v1.0\Module\App_Code\Utils.cs:line 432
[5:52:19 PM][Utils.cs][SearchLabByStakeholderOrg] stakeholder_org_id is empty.
[5:52:45 PM][ERROR] The remote server returned an error: (500) Internal Server Error.
   at System.Net.HttpWebRequest.GetResponse()
   at Module.Utils.GenerateRequest(String sAction, String sQueryString, String sMethod, String& sResponse) in F:\VS Studio\Module v1.0\Module\App_Code\Utils.cs:line 432
[5:53:05 PM][ERROR] The remote server returned an error: (500) Internal Server Error.
   at System.Net.HttpWebRequest.GetResponse()
   at Module.Utils.GenerateRequest(String sAction, String sQueryString, String sMethod, String& sResponse) in F:\VS Studio\Module v1.0\Module\App_Code\Utils.cs:line 432
[5:53:24 PM][SiteMaster.aspx][Page_Init] No session found.
[5:53:44 PM][SiteMaster.aspx][Page_Init] No session found.
[5:53:50 PM][ERROR] The remote server returned an error: (500) Internal Server Error.
   at System.Net.HttpWebRequest.GetResponse()
   at Module.Utils.GenerateRequest(String sAction, String sQueryString, String sMethod, String& sResponse) in F:\VS Studio\Module v1.0\Module\App_Code\Utils.cs:line 432
[5:53:50 PM][Utils.cs][SearchLabByStakeholderOrg] stakeholder_org_id is empty.
[5:53:56 PM][ERROR] The remote server returned an error: (500) Internal Server Error.
   at System.Net.HttpWebRequest.GetResponse()
   at Module.Utils.GenerateRequest(String sAction, String sQueryString, String sMethod, String& sResponse) in F:\VS Studio\Module v1.0\Module\App_Code\Utils.cs:line 432
[6:01:22 PM][ERROR] The remote server returned an error: (500) Internal Server Error.
   at System.Net.HttpWebRequest.GetResponse()
   at Module.Utils.GenerateRequest(String sAction, String sQueryString, String sMethod, String& sResponse) in F:\VS Studio\Module v1.0\Module\App_Code\Utils.cs:line 432
[6:01:42 PM][ERROR] The remote server returned an error: (500) Internal Server Error.
   at System.Net.HttpWebRequest.GetResponse()
   at Module.Utils.GenerateRequest(String sAction, String sQueryString, String sMethod, String& sResponse) in F:\VS Studio\Module v1.0\Module\App_Code\Utils.cs:line 432
[6:03:50 PM][ERROR] The remote server returned an error: (500) Internal Server Error.
   at System.Net.HttpWebRequest.GetResponse()
   at Module.Utils.GenerateRequest(String sAction, String sQueryString, String sMethod, String& sResponse) in F:\VS Studio\Module v1.0\Module\App_Code\Utils.cs:line 432
[6:04:13 PM][ERROR] The remote server returned an error: (500) Internal Server Error.
   at System.Net.HttpWebRequest.GetResponse()
   at Module.Utils.GenerateRequest(String sAction, String sQueryString, String sMethod, String& sResponse) in F:\VS Studio\Module v1.0\Module\App_Code\Utils.cs:line 432
[6:08:20 PM][ERROR] The remote server returned an error: (500) Internal Server Error.
   at System.Net.HttpWebRequest.GetResponse()
   at Module.Utils.GenerateRequest(String sAction, String sQueryString, String sMethod, String& sResponse) in F:\VS Studio\Module v1.0\Module\App_Code\Utils.cs:line 432
[6:09:03 PM][ERROR] The remote server returned an error: (500) Internal Server Error.
   at System.Net.HttpWebRequest.GetResponse()
   at Module.Utils.GenerateRequest(String sAction, String sQueryString, String sMethod, String& sResponse) in F:\VS Studio\Module v1.0\Module\App_Code\Utils.cs:line 432
[6:09:15 PM][ERROR] The remote server returned an error: (500) Internal Server Error.
   at System.Net.HttpWebRequest.GetResponse()
   at Module.Utils.GenerateRequest(String sAction, String sQueryString, String sMethod, String& sResponse) in F:\VS Studio\Module v1.0\Module\App_Code\Utils.cs:line 432
[6:12:46 PM][ERROR] The remote server returned an error: (500) Internal Server Error.
   at System.Net.HttpWebRequest.GetResponse()
   at Module.Utils.GenerateRequest(String sAction, String sQueryString, String sMethod, String& sResponse) in F:\VS Studio\Module v1.0\Module\App_Code\Utils.cs:line 432
[6:14:02 PM][ERROR] The remote server returned an error: (500) Internal Server Error.
   at System.Net.HttpWebRequest.GetResponse()
   at Module.Utils.GenerateRequest(String sAction, String sQueryString, String sMethod, String& sResponse) in F:\VS Studio\Module v1.0\Module\App_Code\Utils.cs:line 432
[6:18:30 PM][ERROR] The remote server returned an error: (500) Internal Server Error.
   at System.Net.HttpWebRequest.GetResponse()
   at Module.Utils.GenerateRequest(String sAction, String sQueryString, String sMethod, String& sResponse) in F:\VS Studio\Module v1.0\Module\App_Code\Utils.cs:line 432
[6:18:52 PM][ERROR] The remote server returned an error: (500) Internal Server Error.
   at System.Net.HttpWebRequest.GetResponse()
   at Module.Utils.GenerateRequest(String sAction, String sQueryString, String sMethod, String& sResponse) in F:\VS Studio\Module v1.0\Module\App_Code\Utils.cs:line 432
[6:20:01 PM][ERROR] The remote server returned an error: (500) Internal Server Error.
   at System.Net.HttpWebRequest.GetResponse()
   at Module.Utils.GenerateRequest(String sAction, String sQueryString, String sMethod, String& sResponse) in F:\VS Studio\Module v1.0\Module\App_Code\Utils.cs:line 432
[6:20:52 PM][ERROR] The remote server returned an error: (500) Internal Server Error.
   at System.Net.HttpWebRequest.GetResponse()
   at Module.Utils.GenerateRequest(String sAction, String sQueryString, String sMethod, String& sResponse) in F:\VS Studio\Module v1.0\Module\App_Code\Utils.cs:line 432
[6:21:04 PM][ERROR] The remote server returned an error: (500) Internal Server Error.
   at System.Net.HttpWebRequest.GetResponse()
   at Module.Utils.GenerateRequest(String sAction, String sQueryString, String sMethod, String& sResponse) in F:\VS Studio\Module v1.0\Module\App_Code\Utils.cs:line 432
[6:21:32 PM][SiteMaster.aspx][Page_Init] No session found.
[6:21:37 PM][SiteMaster.aspx][Page_Init] No session found.
[6:21:43 PM][ERROR] The remote server returned an error: (500) Internal Server Error.
   at System.Net.HttpWebRequest.GetResponse()
   at Module.Utils.GenerateRequest(String sAction, String sQueryString, String sMethod, String& sResponse) in F:\VS Studio\Module v1.0\Module\App_Code\Utils.cs:line 432
[6:21:43 PM][Utils.cs][SearchLabByStakeholderOrg] stakeholder_org_id is empty.
[6:21:50 PM][ERROR] The remote server returned an error: (500) Internal Server Error.
   at System.Net.HttpWebRequest.GetResponse()
   at Module.Utils.GenerateRequest(String sAction, String sQueryString, String sMethod, String& sResponse) in F:\VS Studio\Module v1.0\Module\App_Code\Utils.cs:line 432
[6:23:47 PM][ERROR] The remote server returned an error: (500) Internal Server Error.
   at System.Net.HttpWebRequest.GetResponse()
   at Module.Utils.GenerateRequest(String sAction, String sQueryString, String sMethod, String& sResponse) in F:\VS Studio\Module v1.0\Module\App_Code\Utils.cs:line 432
[6:24:24 PM][ERROR] The remote server returned an error: (500) Internal Server Error.
   at System.Net.HttpWebRequest.GetResponse()
   at Module.Utils.GenerateRequest(String sAction, String sQueryString, String sMethod, String& sResponse) in F:\VS Studio\Module v1.0\Module\App_Code\Utils.cs:line 432
[6:24:47 PM][ERROR] The remote server returned an error: (500) Internal Server Error.
   at System.Net.HttpWebRequest.GetResponse()
   at Module.Utils.GenerateRequest(String sAction, String sQueryString, String sMethod, String& sResponse) in F:\VS Studio\Module v1.0\Module\App_Code\Utils.cs:line 432
[6:25:53 PM][ERROR] The remote server returned an error: (500) Internal Server Error.
   at System.Net.HttpWebRequest.GetResponse()
   at Module.Utils.GenerateRequest(String sAction, String sQueryString, String sMethod, String& sResponse) in F:\VS Studio\Module v1.0\Module\App_Code\Utils.cs:line 432
[6:26:36 PM][ERROR] The remote server returned an error: (500) Internal Server Error.
   at System.Net.HttpWebRequest.GetResponse()
   at Module.Utils.GenerateRequest(String sAction, String sQueryString, String sMethod, String& sResponse) in F:\VS Studio\Module v1.0\Module\App_Code\Utils.cs:line 432
[6:27:24 PM][ERROR] The remote server returned an error: (500) Internal Server Error.
   at System.Net.HttpWebRequest.GetResponse()
   at Module.Utils.GenerateRequest(String sAction, String sQueryString, String sMethod, String& sResponse) in F:\VS Studio\Module v1.0\Module\App_Code\Utils.cs:line 432
[6:28:40 PM][ERROR] The remote server returned an error: (500) Internal Server Error.
   at System.Net.HttpWebRequest.GetResponse()
   at Module.Utils.GenerateRequest(String sAction, String sQueryString, String sMethod, String& sResponse) in F:\VS Studio\Module v1.0\Module\App_Code\Utils.cs:line 432
[6:29:07 PM][ERROR] The remote server returned an error: (500) Internal Server Error.
   at System.Net.HttpWebRequest.GetResponse()
   at Module.Utils.GenerateRequest(String sAction, String sQueryString, String sMethod, String& sResponse) in F:\VS Studio\Module v1.0\Module\App_Code\Utils.cs:line 432
[6:29:33 PM][ERROR] The remote server returned an error: (500) Internal Server Error.
   at System.Net.HttpWebRequest.GetResponse()
   at Module.Utils.GenerateRequest(String sAction, String sQueryString, String sMethod, String& sResponse) in F:\VS Studio\Module v1.0\Module\App_Code\Utils.cs:line 432
[6:29:47 PM][ERROR] The remote server returned an error: (500) Internal Server Error.
   at System.Net.HttpWebRequest.GetResponse()
   at Module.Utils.GenerateRequest(String sAction, String sQueryString, String sMethod, String& sResponse) in F:\VS Studio\Module v1.0\Module\App_Code\Utils.cs:line 432
[6:30:17 PM][ERROR] The remote server returned an error: (500) Internal Server Error.
   at System.Net.HttpWebRequest.GetResponse()
   at Module.Utils.GenerateRequest(String sAction, String sQueryString, String sMethod, String& sResponse) in F:\VS Studio\Module v1.0\Module\App_Code\Utils.cs:line 432
[6:31:05 PM][ERROR] The remote server returned an error: (500) Internal Server Error.
   at System.Net.HttpWebRequest.GetResponse()
   at Module.Utils.GenerateRequest(String sAction, String sQueryString, String sMethod, String& sResponse) in F:\VS Studio\Module v1.0\Module\App_Code\Utils.cs:line 432
[6:31:42 PM][ERROR] The remote server returned an error: (500) Internal Server Error.
   at System.Net.HttpWebRequest.GetResponse()
   at Module.Utils.GenerateRequest(String sAction, String sQueryString, String sMethod, String& sResponse) in F:\VS Studio\Module v1.0\Module\App_Code\Utils.cs:line 432
[6:32:18 PM][ERROR] The remote server returned an error: (500) Internal Server Error.
   at System.Net.HttpWebRequest.GetResponse()
   at Module.Utils.GenerateRequest(String sAction, String sQueryString, String sMethod, String& sResponse) in F:\VS Studio\Module v1.0\Module\App_Code\Utils.cs:line 432
[6:33:58 PM][SiteMaster.aspx][Page_Init] No session found.
[6:34:02 PM][SiteMaster.aspx][Page_Init] No session found.
[6:34:07 PM][ERROR] The remote server returned an error: (500) Internal Server Error.
   at System.Net.HttpWebRequest.GetResponse()
   at Module.Utils.GenerateRequest(String sAction, String sQueryString, String sMethod, String& sResponse) in F:\VS Studio\Module v1.0\Module\App_Code\Utils.cs:line 432
[6:34:07 PM][Utils.cs][SearchLabByStakeholderOrg] stakeholder_org_id is empty.
[6:34:14 PM][ERROR] The remote server returned an error: (500) Internal Server Error.
   at System.Net.HttpWebRequest.GetResponse()
   at Module.Utils.GenerateRequest(String sAction, String sQueryString, String sMethod, String& sResponse) in F:\VS Studio\Module v1.0\Module\App_Code\Utils.cs:line 432
[6:34:46 PM][ERROR] The remote server returned an error: (500) Internal Server Error.
   at System.Net.HttpWebRequest.GetResponse()
   at Module.Utils.GenerateRequest(String sAction, String sQueryString, String sMethod, String& sResponse) in F:\VS Studio\Module v1.0\Module\App_Code\Utils.cs:line 432
[6:34:55 PM][ERROR] The remote server returned an error: (500) Internal Server Error.
   at System.Net.HttpWebRequest.GetResponse()
   at Module.Utils.GenerateRequest(String sAction, String sQueryString, String sMethod, String& sResponse) in F:\VS Studio\Module v1.0\Module\App_Code\Utils.cs:line 432
[6:35:07 PM][ERROR] The remote server returned an error: (500) Internal Server Error.
   at System.Net.HttpWebRequest.GetResponse()
   at Module.Utils.GenerateRequest(String sAction, String sQueryString, String sMethod, String& sResponse) in F:\VS Studio\Module v1.0\Module\App_Code\Utils.cs:line 432
[6:36:03 PM][ERROR] The remote server returned an error: (500) Internal Server Error.
   at System.Net.HttpWebRequest.GetResponse()
   at Module.Utils.GenerateRequest(String sAction, String sQueryString, String sMethod, String& sResponse) in F:\VS Studio\Module v1.0\Module\App_Code\Utils.cs:line 432
[6:36:48 PM][ERROR] The remote server returned an error: (500) Internal Server Error.
   at System.Net.HttpWebRequest.GetResponse()
   at Module.Utils.GenerateRequest(String sAction, String sQueryString, String sMethod, String& sResponse) in F:\VS Studio\Module v1.0\Module\App_Code\Utils.cs:line 432
[6:37:09 PM][ERROR] The remote server returned an error: (500) Internal Server Error.
   at System.Net.HttpWebRequest.GetResponse()
   at Module.Utils.GenerateRequest(String sAction, String sQueryString, String sMethod, String& sResponse) in F:\VS Studio\Module v1.0\Module\App_Code\Utils.cs:line 432
[6:37:31 PM][ERROR] The remote server returned an error: (500) Internal Server Error.
   at System.Net.HttpWebRequest.GetResponse()
   at Module.Utils.GenerateRequest(String sAction, String sQueryString, String sMethod, String& sResponse) in F:\VS Studio\Module v1.0\Module\App_Code\Utils.cs:line 432
[6:38:21 PM][ERROR] The remote server returned an error: (500) Internal Server Error.
   at System.Net.HttpWebRequest.GetResponse()
   at Module.Utils.GenerateRequest(String sAction, String sQueryString, String sMethod, String& sResponse) in F:\VS Studio\Module v1.0\Module\App_Code\Utils.cs:line 432
[6:38:59 PM][ERROR] The remote server returned an error: (500) Internal Server Error.
   at System.Net.HttpWebRequest.GetResponse()
   at Module.Utils.GenerateRequest(String sAction, String sQueryString, String sMethod, String& sResponse) in F:\VS Studio\Module v1.0\Module\App_Code\Utils.cs:line 432
[6:48:54 PM][ERROR] The remote server returned an error: (500) Internal Server Error.
   at System.Net.HttpWebRequest.GetResponse()
   at Module.Utils.GenerateRequest(String sAction, String sQueryString, String sMethod, String& sResponse) in F:\VS Studio\Module v1.0\Module\App_Code\Utils.cs:line 432
[6:50:00 PM][ERROR] The remote server returned an error: (500) Internal Server Error.
   at System.Net.HttpWebRequest.GetResponse()
   at Module.Utils.GenerateRequest(String sAction, String sQueryString, String sMethod, String& sResponse) in F:\VS Studio\Module v1.0\Module\App_Code\Utils.cs:line 432
[6:51:57 PM][ERROR] The remote server returned an error: (500) Internal Server Error.
   at System.Net.HttpWebRequest.GetResponse()
   at Module.Utils.GenerateRequest(String sAction, String sQueryString, String sMethod, String& sResponse) in F:\VS Studio\Module v1.0\Module\App_Code\Utils.cs:line 432
[6:52:12 PM][ERROR] The remote server returned an error: (500) Internal Server Error.
   at System.Net.HttpWebRequest.GetResponse()
   at Module.Utils.GenerateRequest(String sAction, String sQueryString, String sMethod, String& sResponse) in F:\VS Studio\Module v1.0\Module\App_Code\Utils.cs:line 432
[6:52:46 PM][ERROR] The remote server returned an error: (500) Internal Server Error.
   at System.Net.HttpWebRequest.GetResponse()
   at Module.Utils.GenerateRequest(String sAction, String sQueryString, String sMethod, String& sResponse) in F:\VS Studio\Module v1.0\Module\App_Code\Utils.cs:line 432
[6:53:10 PM][ERROR] The remote server returned an error: (500) Internal Server Error.
   at System.Net.HttpWebRequest.GetResponse()
   at Module.Utils.GenerateRequest(String sAction, String sQueryString, String sMethod, String& sResponse) in F:\VS Studio\Module v1.0\Module\App_Code\Utils.cs:line 432
[6:53:45 PM][SiteMaster.aspx][Page_Init] No session found.
[6:53:50 PM][SiteMaster.aspx][Page_Init] No session found.
[6:53:55 PM][ERROR] The remote server returned an error: (500) Internal Server Error.
   at System.Net.HttpWebRequest.GetResponse()
   at Module.Utils.GenerateRequest(String sAction, String sQueryString, String sMethod, String& sResponse) in F:\VS Studio\Module v1.0\Module\App_Code\Utils.cs:line 432
[6:53:55 PM][Utils.cs][SearchLabByStakeholderOrg] stakeholder_org_id is empty.
[6:54:02 PM][ERROR] The remote server returned an error: (500) Internal Server Error.
   at System.Net.HttpWebRequest.GetResponse()
   at Module.Utils.GenerateRequest(String sAction, String sQueryString, String sMethod, String& sResponse) in F:\VS Studio\Module v1.0\Module\App_Code\Utils.cs:line 432
[6:55:10 PM][ERROR] The remote server returned an error: (500) Internal Server Error.
   at System.Net.HttpWebRequest.GetResponse()
   at Module.Utils.GenerateRequest(String sAction, String sQueryString, String sMethod, String& sResponse) in F:\VS Studio\Module v1.0\Module\App_Code\Utils.cs:line 432
[6:56:21 PM][ERROR] The remote server returned an error: (500) Internal Server Error.
   at System.Net.HttpWebRequest.GetResponse()
   at Module.Utils.GenerateRequest(String sAction, String sQueryString, String sMethod, String& sResponse) in F:\VS Studio\Module v1.0\Module\App_Code\Utils.cs:line 432
[6:57:19 PM][ERROR] The remote server returned an error: (500) Internal Server Error.
   at System.Net.HttpWebRequest.GetResponse()
   at Module.Utils.GenerateRequest(String sAction, String sQueryString, String sMethod, String& sResponse) in F:\VS Studio\Module v1.0\Module\App_Code\Utils.cs:line 432
[6:57:33 PM][ERROR] The remote server returned an error: (500) Internal Server Error.
   at System.Net.HttpWebRequest.GetResponse()
   at Module.Utils.GenerateRequest(String sAction, String sQueryString, String sMethod, String& sResponse) in F:\VS Studio\Module v1.0\Module\App_Code\Utils.cs:line 432
[6:59:06 PM][ERROR] The remote server returned an error: (500) Internal Server Error.
   at System.Net.HttpWebRequest.GetResponse()
   at Module.Utils.GenerateRequest(String sAction, String sQueryString, String sMethod, String& sResponse) in F:\VS Studio\Module v1.0\Module\App_Code\Utils.cs:line 432
[7:00:49 PM][ERROR] The remote server returned an error: (500) Internal Server Error.
   at System.Net.HttpWebRequest.GetResponse()
   at Module.Utils.GenerateRequest(String sAction, String sQueryString, String sMethod, String& sResponse) in F:\VS Studio\Module v1.0\Module\App_Code\Utils.cs:line 432
[7:04:12 PM][ERROR] The remote server returned an error: (500) Internal Server Error.
   at System.Net.HttpWebRequest.GetResponse()
   at Module.Utils.GenerateRequest(String sAction, String sQueryString, String sMethod, String& sResponse) in F:\VS Studio\Module v1.0\Module\App_Code\Utils.cs:line 432
[7:05:08 PM][ERROR] The remote server returned an error: (500) Internal Server Error.
   at System.Net.HttpWebRequest.GetResponse()
   at Module.Utils.GenerateRequest(String sAction, String sQueryString, String sMethod, String& sResponse) in F:\VS Studio\Module v1.0\Module\App_Code\Utils.cs:line 432
[7:05:25 PM][ERROR] The remote server returned an error: (500) Internal Server Error.
   at System.Net.HttpWebRequest.GetResponse()
   at Module.Utils.GenerateRequest(String sAction, String sQueryString, String sMethod, String& sResponse) in F:\VS Studio\Module v1.0\Module\App_Code\Utils.cs:line 432
[7:08:14 PM][ERROR] The remote server returned an error: (500) Internal Server Error.
   at System.Net.HttpWebRequest.GetResponse()
   at Module.Utils.GenerateRequest(String sAction, String sQueryString, String sMethod, String& sResponse) in F:\VS Studio\Module v1.0\Module\App_Code\Utils.cs:line 432
[7:09:21 PM][ERROR] The remote server returned an error: (500) Internal Server Error.
   at System.Net.HttpWebRequest.GetResponse()
   at Module.Utils.GenerateRequest(String sAction, String sQueryString, String sMethod, String& sResponse) in F:\VS Studio\Module v1.0\Module\App_Code\Utils.cs:line 432
[7:10:35 PM][ERROR] The remote server returned an error: (500) Internal Server Error.
   at System.Net.HttpWebRequest.GetResponse()
   at Module.Utils.GenerateRequest(String sAction, String sQueryString, String sMethod, String& sResponse) in F:\VS Studio\Module v1.0\Module\App_Code\Utils.cs:line 432
[7:12:12 PM][ERROR] The remote server returned an error: (500) Internal Server Error.
   at System.Net.HttpWebRequest.GetResponse()
   at Module.Utils.GenerateRequest(String sAction, String sQueryString, String sMethod, String& sResponse) in F:\VS Studio\Module v1.0\Module\App_Code\Utils.cs:line 432
[7:13:47 PM][SiteMaster.aspx][Page_Init] No session found.
[7:13:53 PM][SiteMaster.aspx][Page_Init] No session found.
[7:14:00 PM][ERROR] The remote server returned an error: (500) Internal Server Error.
   at System.Net.HttpWebRequest.GetResponse()
   at Module.Utils.GenerateRequest(String sAction, String sQueryString, String sMethod, String& sResponse) in F:\VS Studio\Module v1.0\Module\App_Code\Utils.cs:line 432
[7:14:00 PM][Utils.cs][SearchLabByStakeholderOrg] stakeholder_org_id is empty.
[7:14:07 PM][ERROR] The remote server returned an error: (500) Internal Server Error.
   at System.Net.HttpWebRequest.GetResponse()
   at Module.Utils.GenerateRequest(String sAction, String sQueryString, String sMethod, String& sResponse) in F:\VS Studio\Module v1.0\Module\App_Code\Utils.cs:line 432
[7:17:13 PM][ERROR] The remote server returned an error: (500) Internal Server Error.
   at System.Net.HttpWebRequest.GetResponse()
   at Module.Utils.GenerateRequest(String sAction, String sQueryString, String sMethod, String& sResponse) in F:\VS Studio\Module v1.0\Module\App_Code\Utils.cs:line 432
[7:21:43 PM][ERROR] The remote server returned an error: (500) Internal Server Error.
   at System.Net.HttpWebRequest.GetResponse()
   at Module.Utils.GenerateRequest(String sAction, String sQueryString, String sMethod, String& sResponse) in F:\VS Studio\Module v1.0\Module\App_Code\Utils.cs:line 432
[7:22:22 PM][ERROR] The remote server returned an error: (500) Internal Server Error.
   at System.Net.HttpWebRequest.GetResponse()
   at Module.Utils.GenerateRequest(String sAction, String sQueryString, String sMethod, String& sResponse) in F:\VS Studio\Module v1.0\Module\App_Code\Utils.cs:line 432
[7:22:47 PM][ERROR] The remote server returned an error: (500) Internal Server Error.
   at System.Net.HttpWebRequest.GetResponse()
   at Module.Utils.GenerateRequest(String sAction, String sQueryString, String sMethod, String& sResponse) in F:\VS Studio\Module v1.0\Module\App_Code\Utils.cs:line 432
[7:24:52 PM][ERROR] The remote server returned an error: (500) Internal Server Error.
   at System.Net.HttpWebRequest.GetResponse()
   at Module.Utils.GenerateRequest(String sAction, String sQueryString, String sMethod, String& sResponse) in F:\VS Studio\Module v1.0\Module\App_Code\Utils.cs:line 432
[7:25:09 PM][ERROR] The remote server returned an error: (500) Internal Server Error.
   at System.Net.HttpWebRequest.GetResponse()
   at Module.Utils.GenerateRequest(String sAction, String sQueryString, String sMethod, String& sResponse) in F:\VS Studio\Module v1.0\Module\App_Code\Utils.cs:line 432
[7:25:43 PM][ERROR] The remote server returned an error: (500) Internal Server Error.
   at System.Net.HttpWebRequest.GetResponse()
   at Module.Utils.GenerateRequest(String sAction, String sQueryString, String sMethod, String& sResponse) in F:\VS Studio\Module v1.0\Module\App_Code\Utils.cs:line 432
[7:26:13 PM][ERROR] The remote server returned an error: (500) Internal Server Error.
   at System.Net.HttpWebRequest.GetResponse()
   at Module.Utils.GenerateRequest(String sAction, String sQueryString, String sMethod, String& sResponse) in F:\VS Studio\Module v1.0\Module\App_Code\Utils.cs:line 432
[7:28:27 PM][ERROR] The remote server returned an error: (500) Internal Server Error.
   at System.Net.HttpWebRequest.GetResponse()
   at Module.Utils.GenerateRequest(String sAction, String sQueryString, String sMethod, String& sResponse) in F:\VS Studio\Module v1.0\Module\App_Code\Utils.cs:line 432
[7:29:14 PM][ERROR] The remote server returned an error: (500) Internal Server Error.
   at System.Net.HttpWebRequest.GetResponse()
   at Module.Utils.GenerateRequest(String sAction, String sQueryString, String sMethod, String& sResponse) in F:\VS Studio\Module v1.0\Module\App_Code\Utils.cs:line 432
[7:32:00 PM][ERROR] The remote server returned an error: (500) Internal Server Error.
   at System.Net.HttpWebRequest.GetResponse()
   at Module.Utils.GenerateRequest(String sAction, String sQueryString, String sMethod, String& sResponse) in F:\VS Studio\Module v1.0\Module\App_Code\Utils.cs:line 432
[7:32:36 PM][ERROR] The remote server returned an error: (500) Internal Server Error.
   at System.Net.HttpWebRequest.GetResponse()
   at Module.Utils.GenerateRequest(String sAction, String sQueryString, String sMethod, String& sResponse) in F:\VS Studio\Module v1.0\Module\App_Code\Utils.cs:line 432
[7:34:34 PM][SiteMaster.aspx][Page_Init] No session found.
[7:34:39 PM][SiteMaster.aspx][Page_Init] No session found.
[7:34:49 PM][ERROR] The remote server returned an error: (500) Internal Server Error.
   at System.Net.HttpWebRequest.GetResponse()
   at Module.Utils.GenerateRequest(String sAction, String sQueryString, String sMethod, String& sResponse) in F:\VS Studio\Module v1.0\Module\App_Code\Utils.cs:line 432
[7:34:49 PM][Utils.cs][SearchLabByStakeholderOrg] stakeholder_org_id is empty.
[7:34:55 PM][ERROR] The remote server returned an error: (500) Internal Server Error.
   at System.Net.HttpWebRequest.GetResponse()
   at Module.Utils.GenerateRequest(String sAction, String sQueryString, String sMethod, String& sResponse) in F:\VS Studio\Module v1.0\Module\App_Code\Utils.cs:line 432
[7:36:26 PM][ERROR] The remote server returned an error: (500) Internal Server Error.
   at System.Net.HttpWebRequest.GetResponse()
   at Module.Utils.GenerateRequest(String sAction, String sQueryString, String sMethod, String& sResponse) in F:\VS Studio\Module v1.0\Module\App_Code\Utils.cs:line 432
[7:38:07 PM][ERROR] The remote server returned an error: (500) Internal Server Error.
   at System.Net.HttpWebRequest.GetResponse()
   at Module.Utils.GenerateRequest(String sAction, String sQueryString, String sMethod, String& sResponse) in F:\VS Studio\Module v1.0\Module\App_Code\Utils.cs:line 432
[7:39:35 PM][ERROR] The remote server returned an error: (500) Internal Server Error.
   at System.Net.HttpWebRequest.GetResponse()
   at Module.Utils.GenerateRequest(String sAction, String sQueryString, String sMethod, String& sResponse) in F:\VS Studio\Module v1.0\Module\App_Code\Utils.cs:line 432
[7:40:28 PM][ERROR] The remote server returned an error: (500) Internal Server Error.
   at System.Net.HttpWebRequest.GetResponse()
   at Module.Utils.GenerateRequest(String sAction, String sQueryString, String sMethod, String& sResponse) in F:\VS Studio\Module v1.0\Module\App_Code\Utils.cs:line 432
[7:40:56 PM][ERROR] The remote server returned an error: (500) Internal Server Error.
   at System.Net.HttpWebRequest.GetResponse()
   at Module.Utils.GenerateRequest(String sAction, String sQueryString, String sMethod, String& sResponse) in F:\VS Studio\Module v1.0\Module\App_Code\Utils.cs:line 432
[7:41:19 PM][ERROR] The remote server returned an error: (500) Internal Server Error.
   at System.Net.HttpWebRequest.GetResponse()
   at Module.Utils.GenerateRequest(String sAction, String sQueryString, String sMethod, String& sResponse) in F:\VS Studio\Module v1.0\Module\App_Code\Utils.cs:line 432
[7:42:09 PM][ERROR] The remote server returned an error: (500) Internal Server Error.
   at System.Net.HttpWebRequest.GetResponse()
   at Module.Utils.GenerateRequest(String sAction, String sQueryString, String sMethod, String& sResponse) in F:\VS Studio\Module v1.0\Module\App_Code\Utils.cs:line 432
[7:42:56 PM][ERROR] The remote server returned an error: (500) Internal Server Error.
   at System.Net.HttpWebRequest.GetResponse()
   at Module.Utils.GenerateRequest(String sAction, String sQueryString, String sMethod, String& sResponse) in F:\VS Studio\Module v1.0\Module\App_Code\Utils.cs:line 432
[7:43:24 PM][ERROR] The remote server returned an error: (500) Internal Server Error.
   at System.Net.HttpWebRequest.GetResponse()
   at Module.Utils.GenerateRequest(String sAction, String sQueryString, String sMethod, String& sResponse) in F:\VS Studio\Module v1.0\Module\App_Code\Utils.cs:line 432
