[8:33:57 PM] Response {"success":true,"code":200,"message":"Item created successfully","stakeholder_id":"stkh-facab725ea014d2ba76350f65aede61d"}
[8:33:57 PM]util{"success":true,"code":200,"message":"Item created successfully","stakeholder_id":"stkh-facab725ea014d2ba76350f65aede61d"}
[9:18:58 PM][SiteMaster.aspx][Page_Init] No session found.
[9:19:06 PM][ERROR] The remote server returned an error: (500) Internal Server Error.
   at System.Net.HttpWebRequest.GetResponse()
   at Module.Utils.GenerateRequest(String sAction, String sQueryString, String sMethod, String& sResponse) in F:\VS Studio\Module v1.0\Module\App_Code\Utils.cs:line 432
[9:19:06 PM][Utils.cs][SearchLabByStakeholderOrg] stakeholder_org_id is empty.
[9:19:12 PM][ERROR] The remote server returned an error: (500) Internal Server Error.
   at System.Net.HttpWebRequest.GetResponse()
   at Module.Utils.GenerateRequest(String sAction, String sQueryString, String sMethod, String& sResponse) in F:\VS Studio\Module v1.0\Module\App_Code\Utils.cs:line 432
[9:19:34 PM] Response {"success":true,"code":200,"message":"Item created successfully","stakeholder_id":"stkh-b2778a91f93245d0830a841e40a9bb19"}
[9:19:34 PM]util{"success":true,"code":200,"message":"Item created successfully","stakeholder_id":"stkh-b2778a91f93245d0830a841e40a9bb19"}
[9:23:11 PM][SiteMaster.aspx][Page_Init] No session found.
[9:23:24 PM][ERROR] The remote server returned an error: (500) Internal Server Error.
   at System.Net.HttpWebRequest.GetResponse()
   at Module.Utils.GenerateRequest(String sAction, String sQueryString, String sMethod, String& sResponse) in F:\VS Studio\Module v1.0\Module\App_Code\Utils.cs:line 432
[9:23:24 PM][Utils.cs][SearchLabByStakeholderOrg] stakeholder_org_id is empty.
[9:23:35 PM][ERROR] The remote server returned an error: (500) Internal Server Error.
   at System.Net.HttpWebRequest.GetResponse()
   at Module.Utils.GenerateRequest(String sAction, String sQueryString, String sMethod, String& sResponse) in F:\VS Studio\Module v1.0\Module\App_Code\Utils.cs:line 432
[9:24:07 PM] Response {"success":true,"code":200,"message":"Item created successfully","stakeholder_id":"stkh-58c1167824f14ff480ae22b43b83f891"}
[9:24:07 PM]util{"success":true,"code":200,"message":"Item created successfully","stakeholder_id":"stkh-58c1167824f14ff480ae22b43b83f891"}
[9:27:28 PM] Response {"success":true,"code":200,"message":"Item created successfully","stakeholder_id":"stkh-e6e44638ad114852837518aa1a108155"}
[9:27:28 PM]util{"success":true,"code":200,"message":"Item created successfully","stakeholder_id":"stkh-e6e44638ad114852837518aa1a108155"}
[9:28:37 PM] Response {"success":true,"code":200,"message":"Item created successfully","stakeholder_id":"stkh-9e31cf78dfc14572b3ee4d6794edcbd6"}
[9:28:37 PM]util{"success":true,"code":200,"message":"Item created successfully","stakeholder_id":"stkh-9e31cf78dfc14572b3ee4d6794edcbd6"}
[9:30:15 PM] Response {"success":true,"code":200,"message":"Item created successfully","stakeholder_id":"stkh-2d43ff3f714d4f76a1c1793880058597"}
[9:30:15 PM]util{"success":true,"code":200,"message":"Item created successfully","stakeholder_id":"stkh-2d43ff3f714d4f76a1c1793880058597"}
[9:31:21 PM] Response {"success":true,"code":200,"message":"Item created successfully","stakeholder_id":"stkh-66fb337a23f04f39bfa4a4b480e282b0"}
[9:31:21 PM]util{"success":true,"code":200,"message":"Item created successfully","stakeholder_id":"stkh-66fb337a23f04f39bfa4a4b480e282b0"}
[9:34:21 PM] Response {"success":true,"code":200,"message":"Item created successfully","stakeholder_id":"stkh-cf5a50f4024d488faafcfed72d41dfb6"}
[9:34:21 PM]util{"success":true,"code":200,"message":"Item created successfully","stakeholder_id":"stkh-cf5a50f4024d488faafcfed72d41dfb6"}
[9:38:02 PM] Response {"success":true,"code":200,"message":"Item created successfully","stakeholder_id":"stkh-5e80f207de0047e199c650117973e192"}
[9:38:02 PM]util{"success":true,"code":200,"message":"Item created successfully","stakeholder_id":"stkh-5e80f207de0047e199c650117973e192"}
[9:40:48 PM][ERROR] The remote server returned an error: (500) Internal Server Error.
   at System.Net.HttpWebRequest.GetResponse()
   at Module.Utils.GenerateRequest(String sAction, String sQueryString, String sMethod, String& sResponse) in F:\VS Studio\Module v1.0\Module\App_Code\Utils.cs:line 432
[9:40:48 PM][Utils.cs][SearchLabByStakeholderOrg] stakeholder_org_id is empty.
[9:40:52 PM][ERROR] The remote server returned an error: (500) Internal Server Error.
   at System.Net.HttpWebRequest.GetResponse()
   at Module.Utils.GenerateRequest(String sAction, String sQueryString, String sMethod, String& sResponse) in F:\VS Studio\Module v1.0\Module\App_Code\Utils.cs:line 432
[9:40:55 PM][ERROR] The remote server returned an error: (500) Internal Server Error.
   at System.Net.HttpWebRequest.GetResponse()
   at Module.Utils.GenerateRequest(String sAction, String sQueryString, String sMethod, String& sResponse) in F:\VS Studio\Module v1.0\Module\App_Code\Utils.cs:line 432
[9:40:55 PM][ERROR] The remote server returned an error: (500) Internal Server Error.
   at System.Net.HttpWebRequest.GetResponse()
   at Module.Utils.GenerateRequest(String sAction, String sQueryString, String sMethod, String& sResponse) in F:\VS Studio\Module v1.0\Module\App_Code\Utils.cs:line 432
[9:40:56 PM][ERROR] The remote server returned an error: (500) Internal Server Error.
   at System.Net.HttpWebRequest.GetResponse()
   at Module.Utils.GenerateRequest(String sAction, String sQueryString, String sMethod, String& sResponse) in F:\VS Studio\Module v1.0\Module\App_Code\Utils.cs:line 432
[9:40:58 PM][ERROR] The remote server returned an error: (500) Internal Server Error.
   at System.Net.HttpWebRequest.GetResponse()
   at Module.Utils.GenerateRequest(String sAction, String sQueryString, String sMethod, String& sResponse) in F:\VS Studio\Module v1.0\Module\App_Code\Utils.cs:line 432
[9:41:09 PM] Response {"success":true,"code":200,"message":"Item created successfully","stakeholder_id":"stkh-dec94d755d2145aab0712caa239d1cf2"}
[9:41:09 PM]util{"success":true,"code":200,"message":"Item created successfully","stakeholder_id":"stkh-dec94d755d2145aab0712caa239d1cf2"}
[9:43:03 PM][ERROR] The remote server returned an error: (500) Internal Server Error.
   at System.Net.HttpWebRequest.GetResponse()
   at Module.Utils.GenerateRequest(String sAction, String sQueryString, String sMethod, String& sResponse) in F:\VS Studio\Module v1.0\Module\App_Code\Utils.cs:line 432
[9:43:03 PM][Utils.cs][SearchLabByStakeholderOrg] stakeholder_org_id is empty.
[9:43:08 PM][ERROR] The remote server returned an error: (500) Internal Server Error.
   at System.Net.HttpWebRequest.GetResponse()
   at Module.Utils.GenerateRequest(String sAction, String sQueryString, String sMethod, String& sResponse) in F:\VS Studio\Module v1.0\Module\App_Code\Utils.cs:line 432
[9:45:44 PM] Response {"success":true,"code":200,"message":"Item created successfully","stakeholder_id":"stkh-03a4bb65a65643c4b696177cb3cd89fb"}
[9:45:44 PM]util{"success":true,"code":200,"message":"Item created successfully","stakeholder_id":"stkh-03a4bb65a65643c4b696177cb3cd89fb"}
[9:47:03 PM] Response {"success":true,"code":200,"message":"Item created successfully","stakeholder_id":"stkh-e2c5dec638b646fbbe77cffbe52db6e5"}
[9:47:03 PM]util{"success":true,"code":200,"message":"Item created successfully","stakeholder_id":"stkh-e2c5dec638b646fbbe77cffbe52db6e5"}
[9:48:10 PM] Response {"success":true,"code":200,"message":"Item created successfully","stakeholder_id":"stkh-9111e6079f9340c99dfc794aecf2d39d"}
[9:48:10 PM]util{"success":true,"code":200,"message":"Item created successfully","stakeholder_id":"stkh-9111e6079f9340c99dfc794aecf2d39d"}
[9:48:48 PM] Response {"success":true,"code":200,"message":"Item created successfully","stakeholder_id":"stkh-84ac04f0588b4449acb0805a24ff89f5"}
[9:48:48 PM]util{"success":true,"code":200,"message":"Item created successfully","stakeholder_id":"stkh-84ac04f0588b4449acb0805a24ff89f5"}
[9:49:46 PM] Response {"success":true,"code":200,"message":"Item created successfully","stakeholder_id":"stkh-2d1fc83dd0f34019ba0a1347ab15bc7d"}
[9:49:46 PM]util{"success":true,"code":200,"message":"Item created successfully","stakeholder_id":"stkh-2d1fc83dd0f34019ba0a1347ab15bc7d"}
[9:52:05 PM][SiteMaster.aspx][Page_Init] No session found.
[9:52:15 PM] Response {"success":false,"code":400,"message":"Access id not Valid!"}
[9:52:15 PM]util{"success":false,"code":400,"message":"Access id not Valid!"}
[9:53:01 PM][SiteMaster.aspx][Page_Init] No session found.
[9:53:21 PM][SiteMaster.aspx][Page_Init] No session found.
[9:53:29 PM] Response {"success":false,"code":400,"message":"Access id not Valid!"}
[9:53:29 PM]util{"success":false,"code":400,"message":"Access id not Valid!"}
[9:53:45 PM][SiteMaster.aspx][Page_Init] No session found.
[9:53:54 PM] Response {"success":false,"code":400,"message":"Access id not Valid!"}
[9:53:54 PM]util{"success":false,"code":400,"message":"Access id not Valid!"}
[9:56:54 PM][SiteMaster.aspx][Page_Init] No session found.
[9:57:08 PM][ERROR] The remote server returned an error: (500) Internal Server Error.
   at System.Net.HttpWebRequest.GetResponse()
   at Module.Utils.GenerateRequest(String sAction, String sQueryString, String sMethod, String& sResponse) in F:\VS Studio\Module v1.0\Module\App_Code\Utils.cs:line 432
[9:57:08 PM][Utils.cs][SearchLabByStakeholderOrg] stakeholder_org_id is empty.
[9:57:12 PM][ERROR] The remote server returned an error: (500) Internal Server Error.
   at System.Net.HttpWebRequest.GetResponse()
   at Module.Utils.GenerateRequest(String sAction, String sQueryString, String sMethod, String& sResponse) in F:\VS Studio\Module v1.0\Module\App_Code\Utils.cs:line 432
[9:57:23 PM] Response {"success":true,"code":200,"message":"Item created successfully","stakeholder_id":"stkh-477cfb21a6124bd2aa00fab21876e685"}
[9:57:23 PM]util{"success":true,"code":200,"message":"Item created successfully","stakeholder_id":"stkh-477cfb21a6124bd2aa00fab21876e685"}
