[12:32:08 PM][SiteMaster.aspx][Page_Init] No session found.
[12:33:46 PM][ERROR] The remote server returned an error: (500) Internal Server Error.
   at System.Net.HttpWebRequest.GetResponse()
   at Module.Utils.GenerateRequest(String sAction, String sQueryString, String sMethod, String& sResponse) in F:\VS Studio\Module v1.0\Module\App_Code\Utils.cs:line 432
[12:33:46 PM][Utils.cs][SearchLabByStakeholderOrg] stakeholder_org_id is empty.
[12:34:19 PM][ERROR] The remote server returned an error: (500) Internal Server Error.
   at System.Net.HttpWebRequest.GetResponse()
   at Module.Utils.GenerateRequest(String sAction, String sQueryString, String sMethod, String& sResponse) in F:\VS Studio\Module v1.0\Module\App_Code\Utils.cs:line 432
[12:34:32 PM] Response {"success":true,"code":200,"message":"Item created successfully","stakeholder_id":"stkh-31c033736c0c451cb25ad7c54e4b007d"}
[12:34:32 PM]util{"success":true,"code":200,"message":"Item created successfully","stakeholder_id":"stkh-31c033736c0c451cb25ad7c54e4b007d"}
[1:00:19 PM][SiteMaster.aspx][Page_Init] No session found.
[1:00:36 PM][ERROR] The remote server returned an error: (500) Internal Server Error.
   at System.Net.HttpWebRequest.GetResponse()
   at Module.Utils.GenerateRequest(String sAction, String sQueryString, String sMethod, String& sResponse) in F:\VS Studio\Module v1.0\Module\App_Code\Utils.cs:line 432
[1:00:36 PM][Utils.cs][SearchLabByStakeholderOrg] stakeholder_org_id is empty.
[1:00:48 PM][ERROR] The remote server returned an error: (500) Internal Server Error.
   at System.Net.HttpWebRequest.GetResponse()
   at Module.Utils.GenerateRequest(String sAction, String sQueryString, String sMethod, String& sResponse) in F:\VS Studio\Module v1.0\Module\App_Code\Utils.cs:line 432
[1:15:44 PM][SiteMaster.aspx][Page_Init] No session found.
[1:15:51 PM][ERROR] The remote server returned an error: (500) Internal Server Error.
   at System.Net.HttpWebRequest.GetResponse()
   at Module.Utils.GenerateRequest(String sAction, String sQueryString, String sMethod, String& sResponse) in F:\VS Studio\Module v1.0\Module\App_Code\Utils.cs:line 432
[1:15:51 PM][Utils.cs][SearchLabByStakeholderOrg] stakeholder_org_id is empty.
[1:16:08 PM] Response {"success":true,"code":200,"message":"Item created successfully","stakeholder_id":"stkh-4ba7063821b0412ebbdaf9a57bdb2a18"}
[1:16:08 PM]util{"success":true,"code":200,"message":"Item created successfully","stakeholder_id":"stkh-4ba7063821b0412ebbdaf9a57bdb2a18"}
[1:18:09 PM] Response {"success":true,"code":200,"message":"Item created successfully","stakeholder_id":"stkh-1aa9378981194421850ee0be81532da7"}
[1:18:09 PM]util{"success":true,"code":200,"message":"Item created successfully","stakeholder_id":"stkh-1aa9378981194421850ee0be81532da7"}
[1:21:28 PM][SiteMaster.aspx][Page_Init] No session found.
[1:22:14 PM][ERROR] The remote server returned an error: (500) Internal Server Error.
   at System.Net.HttpWebRequest.GetResponse()
   at Module.Utils.GenerateRequest(String sAction, String sQueryString, String sMethod, String& sResponse) in F:\VS Studio\Module v1.0\Module\App_Code\Utils.cs:line 432
[1:22:14 PM][Utils.cs][SearchLabByStakeholderOrg] stakeholder_org_id is empty.
[1:22:28 PM][ERROR] The remote server returned an error: (500) Internal Server Error.
   at System.Net.HttpWebRequest.GetResponse()
   at Module.Utils.GenerateRequest(String sAction, String sQueryString, String sMethod, String& sResponse) in F:\VS Studio\Module v1.0\Module\App_Code\Utils.cs:line 432
[1:22:44 PM] Response {"success":true,"code":200,"message":"Item created successfully","stakeholder_id":"stkh-103905555c5c4b919fddf559981ec2a8"}
[1:22:44 PM]util{"success":true,"code":200,"message":"Item created successfully","stakeholder_id":"stkh-103905555c5c4b919fddf559981ec2a8"}
[1:24:32 PM][SiteMaster.aspx][Page_Init] No session found.
[1:24:58 PM][ERROR] The remote server returned an error: (500) Internal Server Error.
   at System.Net.HttpWebRequest.GetResponse()
   at Module.Utils.GenerateRequest(String sAction, String sQueryString, String sMethod, String& sResponse) in F:\VS Studio\Module v1.0\Module\App_Code\Utils.cs:line 432
[1:24:58 PM][Utils.cs][SearchLabByStakeholderOrg] stakeholder_org_id is empty.
[1:25:06 PM][ERROR] The remote server returned an error: (500) Internal Server Error.
   at System.Net.HttpWebRequest.GetResponse()
   at Module.Utils.GenerateRequest(String sAction, String sQueryString, String sMethod, String& sResponse) in F:\VS Studio\Module v1.0\Module\App_Code\Utils.cs:line 432
[1:25:17 PM] Response {"success":true,"code":200,"message":"Item created successfully","stakeholder_id":"stkh-ce89f5dc937546eb98a1811972a9c435"}
[1:25:17 PM]util{"success":true,"code":200,"message":"Item created successfully","stakeholder_id":"stkh-ce89f5dc937546eb98a1811972a9c435"}
[1:27:59 PM][SiteMaster.aspx][Page_Init] No session found.
[1:28:12 PM][ERROR] The remote server returned an error: (500) Internal Server Error.
   at System.Net.HttpWebRequest.GetResponse()
   at Module.Utils.GenerateRequest(String sAction, String sQueryString, String sMethod, String& sResponse) in F:\VS Studio\Module v1.0\Module\App_Code\Utils.cs:line 432
[1:28:12 PM][Utils.cs][SearchLabByStakeholderOrg] stakeholder_org_id is empty.
[1:28:25 PM][ERROR] The remote server returned an error: (500) Internal Server Error.
   at System.Net.HttpWebRequest.GetResponse()
   at Module.Utils.GenerateRequest(String sAction, String sQueryString, String sMethod, String& sResponse) in F:\VS Studio\Module v1.0\Module\App_Code\Utils.cs:line 432
[1:28:37 PM] Response {"success":true,"code":200,"message":"Item created successfully","stakeholder_id":"stkh-8834c1df738141fcaa2ab92dc3b90bf2"}
[1:28:37 PM]util{"success":true,"code":200,"message":"Item created successfully","stakeholder_id":"stkh-8834c1df738141fcaa2ab92dc3b90bf2"}
[1:31:17 PM][SiteMaster.aspx][Page_Init] No session found.
[1:31:39 PM][ERROR] The remote server returned an error: (500) Internal Server Error.
   at System.Net.HttpWebRequest.GetResponse()
   at Module.Utils.GenerateRequest(String sAction, String sQueryString, String sMethod, String& sResponse) in F:\VS Studio\Module v1.0\Module\App_Code\Utils.cs:line 432
[1:31:39 PM][Utils.cs][SearchLabByStakeholderOrg] stakeholder_org_id is empty.
[1:31:51 PM][ERROR] The remote server returned an error: (500) Internal Server Error.
   at System.Net.HttpWebRequest.GetResponse()
   at Module.Utils.GenerateRequest(String sAction, String sQueryString, String sMethod, String& sResponse) in F:\VS Studio\Module v1.0\Module\App_Code\Utils.cs:line 432
[1:32:04 PM] Response {"success":true,"code":200,"message":"Item created successfully","stakeholder_id":"stkh-796fe39695dc44d5bf1e5d4e05949b22"}
[1:32:04 PM]util{"success":true,"code":200,"message":"Item created successfully","stakeholder_id":"stkh-796fe39695dc44d5bf1e5d4e05949b22"}
[1:33:55 PM][SiteMaster.aspx][Page_Init] No session found.
[1:34:03 PM][ERROR] The remote server returned an error: (500) Internal Server Error.
   at System.Net.HttpWebRequest.GetResponse()
   at Module.Utils.GenerateRequest(String sAction, String sQueryString, String sMethod, String& sResponse) in F:\VS Studio\Module v1.0\Module\App_Code\Utils.cs:line 432
[1:34:03 PM][Utils.cs][SearchLabByStakeholderOrg] stakeholder_org_id is empty.
[1:34:10 PM][ERROR] The remote server returned an error: (500) Internal Server Error.
   at System.Net.HttpWebRequest.GetResponse()
   at Module.Utils.GenerateRequest(String sAction, String sQueryString, String sMethod, String& sResponse) in F:\VS Studio\Module v1.0\Module\App_Code\Utils.cs:line 432
[1:34:21 PM] Response {"success":true,"code":200,"message":"Item created successfully","stakeholder_id":"stkh-8bb17c0656474a2386d1a781c7c59325"}
[1:34:21 PM]util{"success":true,"code":200,"message":"Item created successfully","stakeholder_id":"stkh-8bb17c0656474a2386d1a781c7c59325"}
[1:41:48 PM] Response {"success":true,"code":200,"message":"Item created successfully","stakeholder_id":"stkh-89c37473273546038f1eca6a3bc78ecf"}
[1:41:48 PM]util{"success":true,"code":200,"message":"Item created successfully","stakeholder_id":"stkh-89c37473273546038f1eca6a3bc78ecf"}
[1:42:30 PM] Response {"success":true,"code":200,"message":"Item created successfully","stakeholder_id":"stkh-7466ec84e85a4b069360fcf2fb8ff1a1"}
[1:42:31 PM]util{"success":true,"code":200,"message":"Item created successfully","stakeholder_id":"stkh-7466ec84e85a4b069360fcf2fb8ff1a1"}
[1:46:34 PM] Response {"success":true,"code":200,"message":"Item created successfully","stakeholder_id":"stkh-3384a7247a944c95aafcd9a3db5ae2a6"}
[1:46:34 PM]util{"success":true,"code":200,"message":"Item created successfully","stakeholder_id":"stkh-3384a7247a944c95aafcd9a3db5ae2a6"}
[1:51:46 PM][SiteMaster.aspx][Page_Init] No session found.
[1:52:10 PM][ERROR] The remote server returned an error: (500) Internal Server Error.
   at System.Net.HttpWebRequest.GetResponse()
   at Module.Utils.GenerateRequest(String sAction, String sQueryString, String sMethod, String& sResponse) in F:\VS Studio\Module v1.0\Module\App_Code\Utils.cs:line 432
[1:52:10 PM][Utils.cs][SearchLabByStakeholderOrg] stakeholder_org_id is empty.
[1:52:17 PM][ERROR] The remote server returned an error: (500) Internal Server Error.
   at System.Net.HttpWebRequest.GetResponse()
   at Module.Utils.GenerateRequest(String sAction, String sQueryString, String sMethod, String& sResponse) in F:\VS Studio\Module v1.0\Module\App_Code\Utils.cs:line 432
[1:52:29 PM] Response {"success":true,"code":200,"message":"Item created successfully","stakeholder_id":"stkh-681c0e975c7942bcbdd866d1114c87a7"}
[1:52:29 PM]util{"success":true,"code":200,"message":"Item created successfully","stakeholder_id":"stkh-681c0e975c7942bcbdd866d1114c87a7"}
[1:52:29 PM] Response {"success":true,"code":100,"message":"Action done successfully"}
[1:52:34 PM][ERROR] The remote server returned an error: (500) Internal Server Error.
   at System.Net.HttpWebRequest.GetResponse()
   at Module.Utils.GenerateRequest(String sAction, String sQueryString, String sMethod, String& sResponse) in F:\VS Studio\Module v1.0\Module\App_Code\Utils.cs:line 432
[1:52:34 PM][Utils.cs][SearchLabByStakeholderOrg] stakeholder_org_id is empty.
[1:52:45 PM][ERROR] The remote server returned an error: (500) Internal Server Error.
   at System.Net.HttpWebRequest.GetResponse()
   at Module.Utils.GenerateRequest(String sAction, String sQueryString, String sMethod, String& sResponse) in F:\VS Studio\Module v1.0\Module\App_Code\Utils.cs:line 432
[1:53:34 PM][ERROR] The remote server returned an error: (500) Internal Server Error.
   at System.Net.HttpWebRequest.GetResponse()
   at Module.Utils.GenerateRequest(String sAction, String sQueryString, String sMethod, String& sResponse) in F:\VS Studio\Module v1.0\Module\App_Code\Utils.cs:line 432
[1:55:21 PM][ERROR] The remote server returned an error: (500) Internal Server Error.
   at System.Net.HttpWebRequest.GetResponse()
   at Module.Utils.GenerateRequest(String sAction, String sQueryString, String sMethod, String& sResponse) in F:\VS Studio\Module v1.0\Module\App_Code\Utils.cs:line 432
[1:56:14 PM][ERROR] The remote server returned an error: (500) Internal Server Error.
   at System.Net.HttpWebRequest.GetResponse()
   at Module.Utils.GenerateRequest(String sAction, String sQueryString, String sMethod, String& sResponse) in F:\VS Studio\Module v1.0\Module\App_Code\Utils.cs:line 432
[1:58:38 PM] Response {"success":true,"code":200,"message":"Item created successfully","stakeholder_id":"stkh-8d8b14832a71472fa548e1b0a08e4fec"}
[1:58:38 PM]util{"success":true,"code":200,"message":"Item created successfully","stakeholder_id":"stkh-8d8b14832a71472fa548e1b0a08e4fec"}
[1:58:38 PM] Response {"success":true,"code":100,"message":"Action done successfully"}
[2:06:04 PM][ERROR] The remote server returned an error: (500) Internal Server Error.
   at System.Net.HttpWebRequest.GetResponse()
   at Module.Utils.GenerateRequest(String sAction, String sQueryString, String sMethod, String& sResponse) in F:\VS Studio\Module v1.0\Module\App_Code\Utils.cs:line 432
[2:06:33 PM] Response {"success":true,"code":200,"message":"Item created successfully","stakeholder_id":"stkh-10eac6b637cb4622883bd3997c5ec096"}
[2:06:33 PM]util{"success":true,"code":200,"message":"Item created successfully","stakeholder_id":"stkh-10eac6b637cb4622883bd3997c5ec096"}
[2:06:33 PM] Response {"success":true,"code":100,"message":"Action done successfully"}
[2:08:36 PM][ERROR] The remote server returned an error: (500) Internal Server Error.
   at System.Net.HttpWebRequest.GetResponse()
   at Module.Utils.GenerateRequest(String sAction, String sQueryString, String sMethod, String& sResponse) in F:\VS Studio\Module v1.0\Module\App_Code\Utils.cs:line 432
[2:08:36 PM][Utils.cs][SearchLabByStakeholderOrg] stakeholder_org_id is empty.
[3:10:29 PM][ERROR] The remote server returned an error: (500) Internal Server Error.
   at System.Net.HttpWebRequest.GetResponse()
   at Module.Utils.GenerateRequest(String sAction, String sQueryString, String sMethod, String& sResponse) in F:\VS Studio\Module v1.0\Module\App_Code\Utils.cs:line 432
[3:10:29 PM][Utils.cs][SearchLabByStakeholderOrg] stakeholder_org_id is empty.
[3:11:19 PM][ERROR] The remote server returned an error: (500) Internal Server Error.
   at System.Net.HttpWebRequest.GetResponse()
   at Module.Utils.GenerateRequest(String sAction, String sQueryString, String sMethod, String& sResponse) in F:\VS Studio\Module v1.0\Module\App_Code\Utils.cs:line 432
[3:17:01 PM][ERROR] The remote server returned an error: (500) Internal Server Error.
   at System.Net.HttpWebRequest.GetResponse()
   at Module.Utils.GenerateRequest(String sAction, String sQueryString, String sMethod, String& sResponse) in F:\VS Studio\Module v1.0\Module\App_Code\Utils.cs:line 432
[3:17:01 PM][Utils.cs][SearchLabByStakeholderOrg] stakeholder_org_id is empty.
[3:17:09 PM][ERROR] The remote server returned an error: (500) Internal Server Error.
   at System.Net.HttpWebRequest.GetResponse()
   at Module.Utils.GenerateRequest(String sAction, String sQueryString, String sMethod, String& sResponse) in F:\VS Studio\Module v1.0\Module\App_Code\Utils.cs:line 432
[3:18:15 PM][ERROR] The remote server returned an error: (500) Internal Server Error.
   at System.Net.HttpWebRequest.GetResponse()
   at Module.Utils.GenerateRequest(String sAction, String sQueryString, String sMethod, String& sResponse) in F:\VS Studio\Module v1.0\Module\App_Code\Utils.cs:line 432
[4:00:50 PM][SiteMaster.aspx][Page_Init] No session found.
[4:00:50 PM][BasepageSessionExpire.cs] New session
[4:00:50 PM][BasepageSessionExpire.cs] Session Timeout!
[4:01:03 PM][ERROR] The remote server returned an error: (500) Internal Server Error.
   at System.Net.HttpWebRequest.GetResponse()
   at Module.Utils.GenerateRequest(String sAction, String sQueryString, String sMethod, String& sResponse) in F:\VS Studio\Module v1.0\Module\App_Code\Utils.cs:line 432
[4:01:03 PM][Utils.cs][SearchLabByStakeholderOrg] stakeholder_org_id is empty.
[4:01:12 PM][ERROR] The remote server returned an error: (500) Internal Server Error.
   at System.Net.HttpWebRequest.GetResponse()
   at Module.Utils.GenerateRequest(String sAction, String sQueryString, String sMethod, String& sResponse) in F:\VS Studio\Module v1.0\Module\App_Code\Utils.cs:line 432
[4:01:51 PM][ERROR] The remote server returned an error: (500) Internal Server Error.
   at System.Net.HttpWebRequest.GetResponse()
   at Module.Utils.GenerateRequest(String sAction, String sQueryString, String sMethod, String& sResponse) in F:\VS Studio\Module v1.0\Module\App_Code\Utils.cs:line 432
[4:01:51 PM][Utils.cs][SearchLabByStakeholderOrg] stakeholder_org_id is empty.
[4:02:01 PM][ERROR] The remote server returned an error: (500) Internal Server Error.
   at System.Net.HttpWebRequest.GetResponse()
   at Module.Utils.GenerateRequest(String sAction, String sQueryString, String sMethod, String& sResponse) in F:\VS Studio\Module v1.0\Module\App_Code\Utils.cs:line 432
[4:02:01 PM][Utils.cs][SearchLabByStakeholderOrg] stakeholder_org_id is empty.
[4:02:05 PM][ERROR] The remote server returned an error: (500) Internal Server Error.
   at System.Net.HttpWebRequest.GetResponse()
   at Module.Utils.GenerateRequest(String sAction, String sQueryString, String sMethod, String& sResponse) in F:\VS Studio\Module v1.0\Module\App_Code\Utils.cs:line 432
[4:02:10 PM][ERROR] The remote server returned an error: (500) Internal Server Error.
   at System.Net.HttpWebRequest.GetResponse()
   at Module.Utils.GenerateRequest(String sAction, String sQueryString, String sMethod, String& sResponse) in F:\VS Studio\Module v1.0\Module\App_Code\Utils.cs:line 432
[4:02:11 PM][ERROR] The remote server returned an error: (500) Internal Server Error.
   at System.Net.HttpWebRequest.GetResponse()
   at Module.Utils.GenerateRequest(String sAction, String sQueryString, String sMethod, String& sResponse) in F:\VS Studio\Module v1.0\Module\App_Code\Utils.cs:line 432
[4:02:12 PM][ERROR] The remote server returned an error: (500) Internal Server Error.
   at System.Net.HttpWebRequest.GetResponse()
   at Module.Utils.GenerateRequest(String sAction, String sQueryString, String sMethod, String& sResponse) in F:\VS Studio\Module v1.0\Module\App_Code\Utils.cs:line 432
[4:02:19 PM] Response {"success":true,"code":200,"message":"Item created successfully","stakeholder_id":"stkh-4a66dbfde3e04f65af475d999cccdad7"}
[4:02:19 PM]util{"success":true,"code":200,"message":"Item created successfully","stakeholder_id":"stkh-4a66dbfde3e04f65af475d999cccdad7"}
[4:02:20 PM] Response {"success":true,"code":100,"message":"Action done successfully"}
[4:02:32 PM][ERROR] The remote server returned an error: (500) Internal Server Error.
   at System.Net.HttpWebRequest.GetResponse()
   at Module.Utils.GenerateRequest(String sAction, String sQueryString, String sMethod, String& sResponse) in F:\VS Studio\Module v1.0\Module\App_Code\Utils.cs:line 432
[4:02:39 PM][ERROR] The remote server returned an error: (500) Internal Server Error.
   at System.Net.HttpWebRequest.GetResponse()
   at Module.Utils.GenerateRequest(String sAction, String sQueryString, String sMethod, String& sResponse) in F:\VS Studio\Module v1.0\Module\App_Code\Utils.cs:line 432
[4:02:39 PM][ERROR] The remote server returned an error: (500) Internal Server Error.
   at System.Net.HttpWebRequest.GetResponse()
   at Module.Utils.GenerateRequest(String sAction, String sQueryString, String sMethod, String& sResponse) in F:\VS Studio\Module v1.0\Module\App_Code\Utils.cs:line 432
[4:02:40 PM][ERROR] The remote server returned an error: (500) Internal Server Error.
   at System.Net.HttpWebRequest.GetResponse()
   at Module.Utils.GenerateRequest(String sAction, String sQueryString, String sMethod, String& sResponse) in F:\VS Studio\Module v1.0\Module\App_Code\Utils.cs:line 432
[4:38:01 PM][ERROR] The remote server returned an error: (500) Internal Server Error.
   at System.Net.HttpWebRequest.GetResponse()
   at Module.Utils.GenerateRequest(String sAction, String sQueryString, String sMethod, String& sResponse) in F:\VS Studio\Module v1.0\Module\App_Code\Utils.cs:line 432
[4:38:10 PM][ERROR] The remote server returned an error: (500) Internal Server Error.
   at System.Net.HttpWebRequest.GetResponse()
   at Module.Utils.GenerateRequest(String sAction, String sQueryString, String sMethod, String& sResponse) in F:\VS Studio\Module v1.0\Module\App_Code\Utils.cs:line 432
[4:38:13 PM][ERROR] The remote server returned an error: (500) Internal Server Error.
   at System.Net.HttpWebRequest.GetResponse()
   at Module.Utils.GenerateRequest(String sAction, String sQueryString, String sMethod, String& sResponse) in F:\VS Studio\Module v1.0\Module\App_Code\Utils.cs:line 432
[4:38:14 PM][ERROR] The remote server returned an error: (500) Internal Server Error.
   at System.Net.HttpWebRequest.GetResponse()
   at Module.Utils.GenerateRequest(String sAction, String sQueryString, String sMethod, String& sResponse) in F:\VS Studio\Module v1.0\Module\App_Code\Utils.cs:line 432
[4:38:16 PM][ERROR] The remote server returned an error: (500) Internal Server Error.
   at System.Net.HttpWebRequest.GetResponse()
   at Module.Utils.GenerateRequest(String sAction, String sQueryString, String sMethod, String& sResponse) in F:\VS Studio\Module v1.0\Module\App_Code\Utils.cs:line 432
[4:42:39 PM][ERROR] The remote server returned an error: (500) Internal Server Error.
   at System.Net.HttpWebRequest.GetResponse()
   at Module.Utils.GenerateRequest(String sAction, String sQueryString, String sMethod, String& sResponse) in F:\VS Studio\Module v1.0\Module\App_Code\Utils.cs:line 432
[4:42:41 PM][ERROR] The remote server returned an error: (500) Internal Server Error.
   at System.Net.HttpWebRequest.GetResponse()
   at Module.Utils.GenerateRequest(String sAction, String sQueryString, String sMethod, String& sResponse) in F:\VS Studio\Module v1.0\Module\App_Code\Utils.cs:line 432
[4:42:42 PM][ERROR] The remote server returned an error: (500) Internal Server Error.
   at System.Net.HttpWebRequest.GetResponse()
   at Module.Utils.GenerateRequest(String sAction, String sQueryString, String sMethod, String& sResponse) in F:\VS Studio\Module v1.0\Module\App_Code\Utils.cs:line 432
[4:43:49 PM][ERROR] The remote server returned an error: (500) Internal Server Error.
   at System.Net.HttpWebRequest.GetResponse()
   at Module.Utils.GenerateRequest(String sAction, String sQueryString, String sMethod, String& sResponse) in F:\VS Studio\Module v1.0\Module\App_Code\Utils.cs:line 432
[4:43:51 PM][ERROR] The remote server returned an error: (500) Internal Server Error.
   at System.Net.HttpWebRequest.GetResponse()
   at Module.Utils.GenerateRequest(String sAction, String sQueryString, String sMethod, String& sResponse) in F:\VS Studio\Module v1.0\Module\App_Code\Utils.cs:line 432
[4:43:51 PM][ERROR] The remote server returned an error: (500) Internal Server Error.
   at System.Net.HttpWebRequest.GetResponse()
   at Module.Utils.GenerateRequest(String sAction, String sQueryString, String sMethod, String& sResponse) in F:\VS Studio\Module v1.0\Module\App_Code\Utils.cs:line 432
[4:49:04 PM][ERROR] The remote server returned an error: (500) Internal Server Error.
   at System.Net.HttpWebRequest.GetResponse()
   at Module.Utils.GenerateRequest(String sAction, String sQueryString, String sMethod, String& sResponse) in F:\VS Studio\Module v1.0\Module\App_Code\Utils.cs:line 432
[4:49:04 PM][ERROR] The remote server returned an error: (500) Internal Server Error.
   at System.Net.HttpWebRequest.GetResponse()
   at Module.Utils.GenerateRequest(String sAction, String sQueryString, String sMethod, String& sResponse) in F:\VS Studio\Module v1.0\Module\App_Code\Utils.cs:line 432
[4:49:06 PM][ERROR] The remote server returned an error: (500) Internal Server Error.
   at System.Net.HttpWebRequest.GetResponse()
   at Module.Utils.GenerateRequest(String sAction, String sQueryString, String sMethod, String& sResponse) in F:\VS Studio\Module v1.0\Module\App_Code\Utils.cs:line 432
[4:55:55 PM][ERROR] The remote server returned an error: (500) Internal Server Error.
   at System.Net.HttpWebRequest.GetResponse()
   at Module.Utils.GenerateRequest(String sAction, String sQueryString, String sMethod, String& sResponse) in F:\VS Studio\Module v1.0\Module\App_Code\Utils.cs:line 432
[4:55:56 PM][ERROR] The remote server returned an error: (500) Internal Server Error.
   at System.Net.HttpWebRequest.GetResponse()
   at Module.Utils.GenerateRequest(String sAction, String sQueryString, String sMethod, String& sResponse) in F:\VS Studio\Module v1.0\Module\App_Code\Utils.cs:line 432
[4:55:56 PM][ERROR] The remote server returned an error: (500) Internal Server Error.
   at System.Net.HttpWebRequest.GetResponse()
   at Module.Utils.GenerateRequest(String sAction, String sQueryString, String sMethod, String& sResponse) in F:\VS Studio\Module v1.0\Module\App_Code\Utils.cs:line 432
[4:58:37 PM][ERROR] The remote server returned an error: (500) Internal Server Error.
   at System.Net.HttpWebRequest.GetResponse()
   at Module.Utils.GenerateRequest(String sAction, String sQueryString, String sMethod, String& sResponse) in F:\VS Studio\Module v1.0\Module\App_Code\Utils.cs:line 432
[4:58:39 PM][ERROR] The remote server returned an error: (500) Internal Server Error.
   at System.Net.HttpWebRequest.GetResponse()
   at Module.Utils.GenerateRequest(String sAction, String sQueryString, String sMethod, String& sResponse) in F:\VS Studio\Module v1.0\Module\App_Code\Utils.cs:line 432
[4:58:39 PM][ERROR] The remote server returned an error: (500) Internal Server Error.
   at System.Net.HttpWebRequest.GetResponse()
   at Module.Utils.GenerateRequest(String sAction, String sQueryString, String sMethod, String& sResponse) in F:\VS Studio\Module v1.0\Module\App_Code\Utils.cs:line 432
[4:59:42 PM][ERROR] The remote server returned an error: (500) Internal Server Error.
   at System.Net.HttpWebRequest.GetResponse()
   at Module.Utils.GenerateRequest(String sAction, String sQueryString, String sMethod, String& sResponse) in F:\VS Studio\Module v1.0\Module\App_Code\Utils.cs:line 432
[4:59:43 PM][ERROR] The remote server returned an error: (500) Internal Server Error.
   at System.Net.HttpWebRequest.GetResponse()
   at Module.Utils.GenerateRequest(String sAction, String sQueryString, String sMethod, String& sResponse) in F:\VS Studio\Module v1.0\Module\App_Code\Utils.cs:line 432
[4:59:43 PM][ERROR] The remote server returned an error: (500) Internal Server Error.
   at System.Net.HttpWebRequest.GetResponse()
   at Module.Utils.GenerateRequest(String sAction, String sQueryString, String sMethod, String& sResponse) in F:\VS Studio\Module v1.0\Module\App_Code\Utils.cs:line 432
[7:50:23 PM][ERROR] The remote server returned an error: (500) Internal Server Error.
   at System.Net.HttpWebRequest.GetResponse()
   at Module.Utils.GenerateRequest(String sAction, String sQueryString, String sMethod, String& sResponse) in F:\VS Studio\Module v1.0\Module\App_Code\Utils.cs:line 432
[7:50:23 PM][Utils.cs][SearchLabByStakeholderOrg] stakeholder_org_id is empty.
[7:53:18 PM][ERROR] The remote server returned an error: (500) Internal Server Error.
   at System.Net.HttpWebRequest.GetResponse()
   at Module.Utils.GenerateRequest(String sAction, String sQueryString, String sMethod, String& sResponse) in F:\VS Studio\Module v1.0\Module\App_Code\Utils.cs:line 432
[7:53:19 PM][ERROR] The remote server returned an error: (500) Internal Server Error.
   at System.Net.HttpWebRequest.GetResponse()
   at Module.Utils.GenerateRequest(String sAction, String sQueryString, String sMethod, String& sResponse) in F:\VS Studio\Module v1.0\Module\App_Code\Utils.cs:line 432
[7:53:20 PM][ERROR] The remote server returned an error: (500) Internal Server Error.
   at System.Net.HttpWebRequest.GetResponse()
   at Module.Utils.GenerateRequest(String sAction, String sQueryString, String sMethod, String& sResponse) in F:\VS Studio\Module v1.0\Module\App_Code\Utils.cs:line 432
[7:53:20 PM][ERROR] The remote server returned an error: (500) Internal Server Error.
   at System.Net.HttpWebRequest.GetResponse()
   at Module.Utils.GenerateRequest(String sAction, String sQueryString, String sMethod, String& sResponse) in F:\VS Studio\Module v1.0\Module\App_Code\Utils.cs:line 432
[7:55:15 PM][ERROR] The remote server returned an error: (500) Internal Server Error.
   at System.Net.HttpWebRequest.GetResponse()
   at Module.Utils.GenerateRequest(String sAction, String sQueryString, String sMethod, String& sResponse) in F:\VS Studio\Module v1.0\Module\App_Code\Utils.cs:line 432
[7:55:17 PM][ERROR] The remote server returned an error: (500) Internal Server Error.
   at System.Net.HttpWebRequest.GetResponse()
   at Module.Utils.GenerateRequest(String sAction, String sQueryString, String sMethod, String& sResponse) in F:\VS Studio\Module v1.0\Module\App_Code\Utils.cs:line 432
[7:55:17 PM][ERROR] The remote server returned an error: (500) Internal Server Error.
   at System.Net.HttpWebRequest.GetResponse()
   at Module.Utils.GenerateRequest(String sAction, String sQueryString, String sMethod, String& sResponse) in F:\VS Studio\Module v1.0\Module\App_Code\Utils.cs:line 432
[7:57:05 PM][ERROR] The remote server returned an error: (500) Internal Server Error.
   at System.Net.HttpWebRequest.GetResponse()
   at Module.Utils.GenerateRequest(String sAction, String sQueryString, String sMethod, String& sResponse) in F:\VS Studio\Module v1.0\Module\App_Code\Utils.cs:line 432
[7:57:07 PM][ERROR] The remote server returned an error: (500) Internal Server Error.
   at System.Net.HttpWebRequest.GetResponse()
   at Module.Utils.GenerateRequest(String sAction, String sQueryString, String sMethod, String& sResponse) in F:\VS Studio\Module v1.0\Module\App_Code\Utils.cs:line 432
[7:57:08 PM][ERROR] The remote server returned an error: (500) Internal Server Error.
   at System.Net.HttpWebRequest.GetResponse()
   at Module.Utils.GenerateRequest(String sAction, String sQueryString, String sMethod, String& sResponse) in F:\VS Studio\Module v1.0\Module\App_Code\Utils.cs:line 432
[7:59:22 PM][ERROR] The remote server returned an error: (500) Internal Server Error.
   at System.Net.HttpWebRequest.GetResponse()
   at Module.Utils.GenerateRequest(String sAction, String sQueryString, String sMethod, String& sResponse) in F:\VS Studio\Module v1.0\Module\App_Code\Utils.cs:line 432
[7:59:24 PM][ERROR] The remote server returned an error: (500) Internal Server Error.
   at System.Net.HttpWebRequest.GetResponse()
   at Module.Utils.GenerateRequest(String sAction, String sQueryString, String sMethod, String& sResponse) in F:\VS Studio\Module v1.0\Module\App_Code\Utils.cs:line 432
[7:59:24 PM][ERROR] The remote server returned an error: (500) Internal Server Error.
   at System.Net.HttpWebRequest.GetResponse()
   at Module.Utils.GenerateRequest(String sAction, String sQueryString, String sMethod, String& sResponse) in F:\VS Studio\Module v1.0\Module\App_Code\Utils.cs:line 432
[8:01:01 PM][ERROR] The remote server returned an error: (500) Internal Server Error.
   at System.Net.HttpWebRequest.GetResponse()
   at Module.Utils.GenerateRequest(String sAction, String sQueryString, String sMethod, String& sResponse) in F:\VS Studio\Module v1.0\Module\App_Code\Utils.cs:line 432
[8:01:02 PM][ERROR] The remote server returned an error: (500) Internal Server Error.
   at System.Net.HttpWebRequest.GetResponse()
   at Module.Utils.GenerateRequest(String sAction, String sQueryString, String sMethod, String& sResponse) in F:\VS Studio\Module v1.0\Module\App_Code\Utils.cs:line 432
[8:01:02 PM][ERROR] The remote server returned an error: (500) Internal Server Error.
   at System.Net.HttpWebRequest.GetResponse()
   at Module.Utils.GenerateRequest(String sAction, String sQueryString, String sMethod, String& sResponse) in F:\VS Studio\Module v1.0\Module\App_Code\Utils.cs:line 432
[8:02:28 PM][ERROR] The remote server returned an error: (500) Internal Server Error.
   at System.Net.HttpWebRequest.GetResponse()
   at Module.Utils.GenerateRequest(String sAction, String sQueryString, String sMethod, String& sResponse) in F:\VS Studio\Module v1.0\Module\App_Code\Utils.cs:line 432
[8:02:28 PM][ERROR] The remote server returned an error: (500) Internal Server Error.
   at System.Net.HttpWebRequest.GetResponse()
   at Module.Utils.GenerateRequest(String sAction, String sQueryString, String sMethod, String& sResponse) in F:\VS Studio\Module v1.0\Module\App_Code\Utils.cs:line 432
[8:02:28 PM][ERROR] The remote server returned an error: (500) Internal Server Error.
   at System.Net.HttpWebRequest.GetResponse()
   at Module.Utils.GenerateRequest(String sAction, String sQueryString, String sMethod, String& sResponse) in F:\VS Studio\Module v1.0\Module\App_Code\Utils.cs:line 432
[8:03:57 PM] Response {"success":true,"code":200,"message":"Item created successfully","stakeholder_id":"stkh-b09df02346844e7ebbee78f9196da8bd"}
[8:03:57 PM]util{"success":true,"code":200,"message":"Item created successfully","stakeholder_id":"stkh-b09df02346844e7ebbee78f9196da8bd"}
[8:03:57 PM] Response {"success":true,"code":100,"message":"Action done successfully"}
[8:04:37 PM] Response {"success":true,"code":200,"message":"Item created successfully","stakeholder_id":"stkh-dcad1b4bd3dd49fd9469c4367aae8221"}
[8:04:37 PM]util{"success":true,"code":200,"message":"Item created successfully","stakeholder_id":"stkh-dcad1b4bd3dd49fd9469c4367aae8221"}
[8:04:37 PM] Response {"success":true,"code":100,"message":"Action done successfully"}
[8:05:02 PM] Response {"success":true,"code":200,"message":"Item created successfully","stakeholder_id":"stkh-6f1a599a852947c286d0e455037ed41a"}
[8:05:02 PM]util{"success":true,"code":200,"message":"Item created successfully","stakeholder_id":"stkh-6f1a599a852947c286d0e455037ed41a"}
[8:05:02 PM] Response {"success":true,"code":100,"message":"Action done successfully"}
[8:05:33 PM] Response {"success":true,"code":200,"message":"Item created successfully","stakeholder_id":"stkh-f79598a7fa694feba4da7505028f8855"}
[8:05:33 PM]util{"success":true,"code":200,"message":"Item created successfully","stakeholder_id":"stkh-f79598a7fa694feba4da7505028f8855"}
[8:05:33 PM] Response {"success":true,"code":100,"message":"Action done successfully"}
[8:06:02 PM] Response {"success":true,"code":200,"message":"Item created successfully","stakeholder_id":"stkh-4f5eb766325546a881668e248ac81576"}
[8:06:02 PM]util{"success":true,"code":200,"message":"Item created successfully","stakeholder_id":"stkh-4f5eb766325546a881668e248ac81576"}
[8:06:02 PM] Response {"success":true,"code":100,"message":"Action done successfully"}
[8:06:41 PM] Response {"success":true,"code":200,"message":"Item created successfully","stakeholder_id":"stkh-21e02c1f49d141728b45be4b9d0d6632"}
[8:06:41 PM]util{"success":true,"code":200,"message":"Item created successfully","stakeholder_id":"stkh-21e02c1f49d141728b45be4b9d0d6632"}
[8:06:41 PM] Response {"success":true,"code":100,"message":"Action done successfully"}
[8:08:30 PM][SiteMaster.aspx][Page_Init] No session found.
[8:08:34 PM][SiteMaster.aspx][Page_Init] No session found.
[8:08:40 PM][ERROR] The remote server returned an error: (500) Internal Server Error.
   at System.Net.HttpWebRequest.GetResponse()
   at Module.Utils.GenerateRequest(String sAction, String sQueryString, String sMethod, String& sResponse) in F:\VS Studio\Module v1.0\Module\App_Code\Utils.cs:line 432
[8:08:40 PM][Utils.cs][SearchLabByStakeholderOrg] stakeholder_org_id is empty.
[9:09:06 PM][SiteMaster.aspx][Page_Init] No session found.
[9:09:06 PM][BasepageSessionExpire.cs] New session
[9:09:06 PM][BasepageSessionExpire.cs] Session Timeout!
[9:09:15 PM][ERROR] The remote server returned an error: (500) Internal Server Error.
   at System.Net.HttpWebRequest.GetResponse()
   at Module.Utils.GenerateRequest(String sAction, String sQueryString, String sMethod, String& sResponse) in F:\VS Studio\Module v1.0\Module\App_Code\Utils.cs:line 432
[9:09:15 PM][Utils.cs][SearchLabByStakeholderOrg] stakeholder_org_id is empty.
