[2:17:41 PM][ERROR] The remote server returned an error: (500) Internal Server Error.
   at System.Net.HttpWebRequest.GetResponse()
   at Module.Utils.GenerateRequest(String sAction, String sQueryString, String sMethod, String& sResponse) in F:\VS Studio\Module v1.0\Module\App_Code\Utils.cs:line 432
[2:17:41 PM][Utils.cs][SearchLabByStakeholderOrg] stakeholder_org_id is empty.
[2:17:50 PM][ERROR] The remote server returned an error: (500) Internal Server Error.
   at System.Net.HttpWebRequest.GetResponse()
   at Module.Utils.GenerateRequest(String sAction, String sQueryString, String sMethod, String& sResponse) in F:\VS Studio\Module v1.0\Module\App_Code\Utils.cs:line 432
[2:17:53 PM]SECURITYparam={"stakeh_type_name":"User","first_name":"Adam Mukhlis","full_name":"Adam Mukhlis","stakeh_type":5,"stakeholder_id":"stkh-8c42d91e228443ae9268b831bdce3e42","internal":false,"is_blocked":false,"can_login":false,"login_username":null,"password":"null","role_value":"","role_id":"","date_active_from":null,"date_active_to":null,"bio_access_id":"repo5-82b8073343934110b2aa1eeac70eb7b2"}
[2:17:57 PM][ERROR] The remote server returned an error: (500) Internal Server Error.
   at System.Net.HttpWebRequest.GetResponse()
   at Module.Utils.GenerateRequest(String sAction, String sQueryString, String sMethod, String& sResponse) in F:\VS Studio\Module v1.0\Module\App_Code\Utils.cs:line 432
[2:18:28 PM][SiteMaster.aspx][Page_Init] No session found.
[2:18:37 PM][ERROR] The remote server returned an error: (500) Internal Server Error.
   at System.Net.HttpWebRequest.GetResponse()
   at Module.Utils.GenerateRequest(String sAction, String sQueryString, String sMethod, String& sResponse) in F:\VS Studio\Module v1.0\Module\App_Code\Utils.cs:line 432
[2:18:37 PM][Utils.cs][SearchLabByStakeholderOrg] stakeholder_org_id is empty.
[2:18:45 PM][ERROR] The remote server returned an error: (500) Internal Server Error.
   at System.Net.HttpWebRequest.GetResponse()
   at Module.Utils.GenerateRequest(String sAction, String sQueryString, String sMethod, String& sResponse) in F:\VS Studio\Module v1.0\Module\App_Code\Utils.cs:line 432
[2:18:48 PM]SECURITYparam={"stakeh_type_name":"User","stakeh_type":5,"stakeholder_id":"stkh-8c42d91e228443ae9268b831bdce3e42","internal":false,"is_blocked":false,"can_login":false,"login_username":null,"password":"null","role_value":"","role_id":"","date_active_from":null,"date_active_to":null,"bio_access_id":"repo5-e0ac7587214641fcb3f926920b34a3d7"}
[2:18:49 PM][ERROR] The remote server returned an error: (500) Internal Server Error.
   at System.Net.HttpWebRequest.GetResponse()
   at Module.Utils.GenerateRequest(String sAction, String sQueryString, String sMethod, String& sResponse) in F:\VS Studio\Module v1.0\Module\App_Code\Utils.cs:line 432
[2:18:53 PM][ERROR] The remote server returned an error: (500) Internal Server Error.
   at System.Net.HttpWebRequest.GetResponse()
   at Module.Utils.GenerateRequest(String sAction, String sQueryString, String sMethod, String& sResponse) in F:\VS Studio\Module v1.0\Module\App_Code\Utils.cs:line 432
[2:19:27 PM][SiteMaster.aspx][Page_Init] No session found.
[2:19:32 PM][ERROR] The remote server returned an error: (500) Internal Server Error.
   at System.Net.HttpWebRequest.GetResponse()
   at Module.Utils.GenerateRequest(String sAction, String sQueryString, String sMethod, String& sResponse) in F:\VS Studio\Module v1.0\Module\App_Code\Utils.cs:line 432
[2:19:32 PM][Utils.cs][SearchLabByStakeholderOrg] stakeholder_org_id is empty.
[2:19:41 PM][ERROR] The remote server returned an error: (500) Internal Server Error.
   at System.Net.HttpWebRequest.GetResponse()
   at Module.Utils.GenerateRequest(String sAction, String sQueryString, String sMethod, String& sResponse) in F:\VS Studio\Module v1.0\Module\App_Code\Utils.cs:line 432
[2:19:46 PM]SECURITYparam={"stakeh_type_name":"User","first_name":"Adam Mukhlis","full_name":"Adam Mukhlis","stakeh_type":5,"stakeholder_id":"stkh-8c42d91e228443ae9268b831bdce3e42","internal":false,"is_blocked":false,"can_login":false,"login_username":null,"password":"null","role_value":"","role_id":"","date_active_from":null,"date_active_to":null,"bio_access_id":"repo5-d68d2cdcd0234cb082b37916a32545c2"}
[2:19:52 PM][ERROR] The remote server returned an error: (500) Internal Server Error.
   at System.Net.HttpWebRequest.GetResponse()
   at Module.Utils.GenerateRequest(String sAction, String sQueryString, String sMethod, String& sResponse) in F:\VS Studio\Module v1.0\Module\App_Code\Utils.cs:line 432
[2:22:21 PM][ERROR] The remote server returned an error: (500) Internal Server Error.
   at System.Net.HttpWebRequest.GetResponse()
   at Module.Utils.GenerateRequest(String sAction, String sQueryString, String sMethod, String& sResponse) in F:\VS Studio\Module v1.0\Module\App_Code\Utils.cs:line 432
[2:22:33 PM][ERROR] The remote server returned an error: (500) Internal Server Error.
   at System.Net.HttpWebRequest.GetResponse()
   at Module.Utils.GenerateRequest(String sAction, String sQueryString, String sMethod, String& sResponse) in F:\VS Studio\Module v1.0\Module\App_Code\Utils.cs:line 432
[2:22:52 PM][ERROR] The remote server returned an error: (500) Internal Server Error.
   at System.Net.HttpWebRequest.GetResponse()
   at Module.Utils.GenerateRequest(String sAction, String sQueryString, String sMethod, String& sResponse) in F:\VS Studio\Module v1.0\Module\App_Code\Utils.cs:line 432
[2:23:38 PM][ERROR] The remote server returned an error: (500) Internal Server Error.
   at System.Net.HttpWebRequest.GetResponse()
   at Module.Utils.GenerateRequest(String sAction, String sQueryString, String sMethod, String& sResponse) in F:\VS Studio\Module v1.0\Module\App_Code\Utils.cs:line 432
[2:24:04 PM][ERROR] The remote server returned an error: (500) Internal Server Error.
   at System.Net.HttpWebRequest.GetResponse()
   at Module.Utils.GenerateRequest(String sAction, String sQueryString, String sMethod, String& sResponse) in F:\VS Studio\Module v1.0\Module\App_Code\Utils.cs:line 432
[2:24:26 PM][ERROR] The remote server returned an error: (500) Internal Server Error.
   at System.Net.HttpWebRequest.GetResponse()
   at Module.Utils.GenerateRequest(String sAction, String sQueryString, String sMethod, String& sResponse) in F:\VS Studio\Module v1.0\Module\App_Code\Utils.cs:line 432
[2:25:39 PM][ERROR] The remote server returned an error: (500) Internal Server Error.
   at System.Net.HttpWebRequest.GetResponse()
   at Module.Utils.GenerateRequest(String sAction, String sQueryString, String sMethod, String& sResponse) in F:\VS Studio\Module v1.0\Module\App_Code\Utils.cs:line 432
[2:27:48 PM][ERROR] The remote server returned an error: (500) Internal Server Error.
   at System.Net.HttpWebRequest.GetResponse()
   at Module.Utils.GenerateRequest(String sAction, String sQueryString, String sMethod, String& sResponse) in F:\VS Studio\Module v1.0\Module\App_Code\Utils.cs:line 432
[2:27:53 PM]SECURITYparam={"stakeh_type_name":"User","first_name":"Adam Mukhlis","full_name":"Adam Mukhlis","stakeh_type":5,"stakeholder_id":"stkh-8c42d91e228443ae9268b831bdce3e42","internal":false,"is_blocked":false,"can_login":false,"login_username":null,"password":"null","role_value":"","role_id":"","date_active_from":null,"date_active_to":null,"bio_access_id":"repo5-d68d2cdcd0234cb082b37916a32545c2"}
[2:27:57 PM][ERROR] The remote server returned an error: (500) Internal Server Error.
   at System.Net.HttpWebRequest.GetResponse()
   at Module.Utils.GenerateRequest(String sAction, String sQueryString, String sMethod, String& sResponse) in F:\VS Studio\Module v1.0\Module\App_Code\Utils.cs:line 432
[2:27:59 PM]SECURITYparam={"stakeh_type_name":"User","first_name":"Adam Mukhlis","full_name":"Adam Mukhlis","stakeh_type":5,"stakeholder_id":"stkh-8c42d91e228443ae9268b831bdce3e42","internal":false,"is_blocked":false,"can_login":true,"login_username":null,"password":"null","role_value":"","role_id":"","date_active_from":null,"date_active_to":null,"bio_access_id":"repo5-d68d2cdcd0234cb082b37916a32545c2"}
[2:28:05 PM][ERROR] The remote server returned an error: (500) Internal Server Error.
   at System.Net.HttpWebRequest.GetResponse()
   at Module.Utils.GenerateRequest(String sAction, String sQueryString, String sMethod, String& sResponse) in F:\VS Studio\Module v1.0\Module\App_Code\Utils.cs:line 432
[2:28:42 PM][ERROR] The remote server returned an error: (500) Internal Server Error.
   at System.Net.HttpWebRequest.GetResponse()
   at Module.Utils.GenerateRequest(String sAction, String sQueryString, String sMethod, String& sResponse) in F:\VS Studio\Module v1.0\Module\App_Code\Utils.cs:line 432
[2:28:45 PM]SECURITYparam={"stakeh_type_name":"User","first_name":"Adam Mukhlis","full_name":"Adam Mukhlis","stakeh_type":5,"stakeholder_id":"stkh-8c42d91e228443ae9268b831bdce3e42","internal":false,"is_blocked":false,"can_login":false,"login_username":null,"password":"null","role_value":"","role_id":"","date_active_from":null,"date_active_to":null,"bio_access_id":"repo5-d68d2cdcd0234cb082b37916a32545c2"}
[2:28:49 PM][ERROR] The remote server returned an error: (500) Internal Server Error.
   at System.Net.HttpWebRequest.GetResponse()
   at Module.Utils.GenerateRequest(String sAction, String sQueryString, String sMethod, String& sResponse) in F:\VS Studio\Module v1.0\Module\App_Code\Utils.cs:line 432
[2:28:58 PM]SECURITYparam={"stakeh_type_name":"User","first_name":"Adam Mukhlis","full_name":"Adam Mukhlis","stakeh_type":5,"stakeholder_id":"stkh-8c42d91e228443ae9268b831bdce3e42","internal":false,"is_blocked":false,"can_login":true,"login_username":null,"password":"null","role_value":"","role_id":"","date_active_from":null,"date_active_to":null,"bio_access_id":"repo5-d68d2cdcd0234cb082b37916a32545c2"}
[2:29:02 PM][ERROR] The remote server returned an error: (500) Internal Server Error.
   at System.Net.HttpWebRequest.GetResponse()
   at Module.Utils.GenerateRequest(String sAction, String sQueryString, String sMethod, String& sResponse) in F:\VS Studio\Module v1.0\Module\App_Code\Utils.cs:line 432
[2:29:58 PM][ERROR] The remote server returned an error: (500) Internal Server Error.
   at System.Net.HttpWebRequest.GetResponse()
   at Module.Utils.GenerateRequest(String sAction, String sQueryString, String sMethod, String& sResponse) in F:\VS Studio\Module v1.0\Module\App_Code\Utils.cs:line 432
[2:30:33 PM]SECURITYparam={"stakeh_type_name":"User","first_name":"Adam Mukhlis","full_name":"Adam Mukhlis","stakeh_type":5,"stakeholder_id":"stkh-8c42d91e228443ae9268b831bdce3e42","internal":true,"is_blocked":true,"can_login":true,"login_username":null,"password":"null","role_value":"","role_id":"","date_active_from":null,"date_active_to":null,"bio_access_id":"repo5-d68d2cdcd0234cb082b37916a32545c2"}
[2:30:38 PM][ERROR] The remote server returned an error: (500) Internal Server Error.
   at System.Net.HttpWebRequest.GetResponse()
   at Module.Utils.GenerateRequest(String sAction, String sQueryString, String sMethod, String& sResponse) in F:\VS Studio\Module v1.0\Module\App_Code\Utils.cs:line 432
[2:30:40 PM]SECURITYparam={"stakeh_type_name":"User","first_name":"Adam Mukhlis","full_name":"Adam Mukhlis","stakeh_type":5,"stakeholder_id":"stkh-8c42d91e228443ae9268b831bdce3e42","internal":true,"is_blocked":true,"can_login":false,"login_username":null,"password":"null","role_value":"","role_id":"","date_active_from":null,"date_active_to":null,"bio_access_id":"repo5-d68d2cdcd0234cb082b37916a32545c2"}
[2:30:43 PM][ERROR] The remote server returned an error: (500) Internal Server Error.
   at System.Net.HttpWebRequest.GetResponse()
   at Module.Utils.GenerateRequest(String sAction, String sQueryString, String sMethod, String& sResponse) in F:\VS Studio\Module v1.0\Module\App_Code\Utils.cs:line 432
[2:33:14 PM][ERROR] The remote server returned an error: (500) Internal Server Error.
   at System.Net.HttpWebRequest.GetResponse()
   at Module.Utils.GenerateRequest(String sAction, String sQueryString, String sMethod, String& sResponse) in F:\VS Studio\Module v1.0\Module\App_Code\Utils.cs:line 432
[2:33:16 PM]SECURITYparam={"stakeh_type_name":"User","first_name":"Adam Mukhlis","full_name":"Adam Mukhlis","stakeh_type":5,"stakeholder_id":"stkh-8c42d91e228443ae9268b831bdce3e42","internal":true,"is_blocked":true,"can_login":true,"login_username":null,"password":"null","role_value":"","role_id":"","date_active_from":null,"date_active_to":null,"bio_access_id":"repo5-d68d2cdcd0234cb082b37916a32545c2"}
[2:33:21 PM][ERROR] The remote server returned an error: (500) Internal Server Error.
   at System.Net.HttpWebRequest.GetResponse()
   at Module.Utils.GenerateRequest(String sAction, String sQueryString, String sMethod, String& sResponse) in F:\VS Studio\Module v1.0\Module\App_Code\Utils.cs:line 432
[2:33:28 PM]SECURITYparam={"stakeh_type_name":"User","first_name":"Adam Mukhlis","full_name":"Adam Mukhlis","stakeh_type":5,"stakeholder_id":"stkh-8c42d91e228443ae9268b831bdce3e42","internal":true,"is_blocked":true,"can_login":false,"login_username":null,"password":"null","role_value":"","role_id":"","date_active_from":null,"date_active_to":null,"bio_access_id":"repo5-d68d2cdcd0234cb082b37916a32545c2"}
[2:33:32 PM][ERROR] The remote server returned an error: (500) Internal Server Error.
   at System.Net.HttpWebRequest.GetResponse()
   at Module.Utils.GenerateRequest(String sAction, String sQueryString, String sMethod, String& sResponse) in F:\VS Studio\Module v1.0\Module\App_Code\Utils.cs:line 432
[2:35:11 PM][ERROR] The remote server returned an error: (500) Internal Server Error.
   at System.Net.HttpWebRequest.GetResponse()
   at Module.Utils.GenerateRequest(String sAction, String sQueryString, String sMethod, String& sResponse) in F:\VS Studio\Module v1.0\Module\App_Code\Utils.cs:line 432
[2:35:47 PM][ERROR] The remote server returned an error: (500) Internal Server Error.
   at System.Net.HttpWebRequest.GetResponse()
   at Module.Utils.GenerateRequest(String sAction, String sQueryString, String sMethod, String& sResponse) in F:\VS Studio\Module v1.0\Module\App_Code\Utils.cs:line 432
[2:36:15 PM][ERROR] The remote server returned an error: (500) Internal Server Error.
   at System.Net.HttpWebRequest.GetResponse()
   at Module.Utils.GenerateRequest(String sAction, String sQueryString, String sMethod, String& sResponse) in F:\VS Studio\Module v1.0\Module\App_Code\Utils.cs:line 432
[2:36:33 PM][ERROR] The remote server returned an error: (500) Internal Server Error.
   at System.Net.HttpWebRequest.GetResponse()
   at Module.Utils.GenerateRequest(String sAction, String sQueryString, String sMethod, String& sResponse) in F:\VS Studio\Module v1.0\Module\App_Code\Utils.cs:line 432
[2:36:57 PM][ERROR] The remote server returned an error: (500) Internal Server Error.
   at System.Net.HttpWebRequest.GetResponse()
   at Module.Utils.GenerateRequest(String sAction, String sQueryString, String sMethod, String& sResponse) in F:\VS Studio\Module v1.0\Module\App_Code\Utils.cs:line 432
[2:37:20 PM][ERROR] The remote server returned an error: (500) Internal Server Error.
   at System.Net.HttpWebRequest.GetResponse()
   at Module.Utils.GenerateRequest(String sAction, String sQueryString, String sMethod, String& sResponse) in F:\VS Studio\Module v1.0\Module\App_Code\Utils.cs:line 432
[2:37:34 PM][ERROR] The remote server returned an error: (500) Internal Server Error.
   at System.Net.HttpWebRequest.GetResponse()
   at Module.Utils.GenerateRequest(String sAction, String sQueryString, String sMethod, String& sResponse) in F:\VS Studio\Module v1.0\Module\App_Code\Utils.cs:line 432
[2:38:01 PM][ERROR] The remote server returned an error: (500) Internal Server Error.
   at System.Net.HttpWebRequest.GetResponse()
   at Module.Utils.GenerateRequest(String sAction, String sQueryString, String sMethod, String& sResponse) in F:\VS Studio\Module v1.0\Module\App_Code\Utils.cs:line 432
[2:39:33 PM][ERROR] The remote server returned an error: (500) Internal Server Error.
   at System.Net.HttpWebRequest.GetResponse()
   at Module.Utils.GenerateRequest(String sAction, String sQueryString, String sMethod, String& sResponse) in F:\VS Studio\Module v1.0\Module\App_Code\Utils.cs:line 432
[2:40:15 PM][SiteMaster.aspx][Page_Init] No session found.
[2:40:22 PM][SiteMaster.aspx][Page_Init] No session found.
[2:40:37 PM][ERROR] The remote server returned an error: (500) Internal Server Error.
   at System.Net.HttpWebRequest.GetResponse()
   at Module.Utils.GenerateRequest(String sAction, String sQueryString, String sMethod, String& sResponse) in F:\VS Studio\Module v1.0\Module\App_Code\Utils.cs:line 432
[2:40:37 PM][Utils.cs][SearchLabByStakeholderOrg] stakeholder_org_id is empty.
[2:41:05 PM][ERROR] The remote server returned an error: (500) Internal Server Error.
   at System.Net.HttpWebRequest.GetResponse()
   at Module.Utils.GenerateRequest(String sAction, String sQueryString, String sMethod, String& sResponse) in F:\VS Studio\Module v1.0\Module\App_Code\Utils.cs:line 432
[2:41:08 PM]SECURITYparam={"stakeh_type_name":"User","first_name":"Adam Mukhlis","full_name":"Adam Mukhlis","stakeh_type":5,"stakeholder_id":"stkh-8c42d91e228443ae9268b831bdce3e42","internal":true,"is_blocked":true,"can_login":true,"login_username":null,"password":"null","role_value":"","role_id":"","date_active_from":null,"date_active_to":null,"bio_access_id":"repo5-668fbfd5bc264bb69184a0aa840ef7ae"}
[2:41:12 PM][ERROR] The remote server returned an error: (500) Internal Server Error.
   at System.Net.HttpWebRequest.GetResponse()
   at Module.Utils.GenerateRequest(String sAction, String sQueryString, String sMethod, String& sResponse) in F:\VS Studio\Module v1.0\Module\App_Code\Utils.cs:line 432
[2:41:30 PM][ERROR] The remote server returned an error: (500) Internal Server Error.
   at System.Net.HttpWebRequest.GetResponse()
   at Module.Utils.GenerateRequest(String sAction, String sQueryString, String sMethod, String& sResponse) in F:\VS Studio\Module v1.0\Module\App_Code\Utils.cs:line 432
[2:43:41 PM][SiteMaster.aspx][Page_Init] No session found.
[2:43:47 PM][SiteMaster.aspx][Page_Init] No session found.
[2:43:51 PM][ERROR] The remote server returned an error: (500) Internal Server Error.
   at System.Net.HttpWebRequest.GetResponse()
   at Module.Utils.GenerateRequest(String sAction, String sQueryString, String sMethod, String& sResponse) in F:\VS Studio\Module v1.0\Module\App_Code\Utils.cs:line 432
[2:43:51 PM][Utils.cs][SearchLabByStakeholderOrg] stakeholder_org_id is empty.
[2:43:59 PM][ERROR] The remote server returned an error: (500) Internal Server Error.
   at System.Net.HttpWebRequest.GetResponse()
   at Module.Utils.GenerateRequest(String sAction, String sQueryString, String sMethod, String& sResponse) in F:\VS Studio\Module v1.0\Module\App_Code\Utils.cs:line 432
[2:44:28 PM]SECURITYparam={"stakeh_type_name":"User","first_name":"Adam Mukhlis","full_name":"Adam Mukhlis","stakeh_type":5,"stakeholder_id":"stkh-8c42d91e228443ae9268b831bdce3e42","internal":true,"is_blocked":true,"can_login":true,"login_username":null,"password":"null","role_value":"","role_id":"","date_active_from":null,"date_active_to":null,"bio_access_id":"repo5-1da0bd1718dd418db9b4253bbfbdbe36"}
[2:44:33 PM][ERROR] The remote server returned an error: (500) Internal Server Error.
   at System.Net.HttpWebRequest.GetResponse()
   at Module.Utils.GenerateRequest(String sAction, String sQueryString, String sMethod, String& sResponse) in F:\VS Studio\Module v1.0\Module\App_Code\Utils.cs:line 432
[2:45:38 PM][ERROR] The remote server returned an error: (500) Internal Server Error.
   at System.Net.HttpWebRequest.GetResponse()
   at Module.Utils.GenerateRequest(String sAction, String sQueryString, String sMethod, String& sResponse) in F:\VS Studio\Module v1.0\Module\App_Code\Utils.cs:line 432
[2:45:43 PM][ERROR] The remote server returned an error: (500) Internal Server Error.
   at System.Net.HttpWebRequest.GetResponse()
   at Module.Utils.GenerateRequest(String sAction, String sQueryString, String sMethod, String& sResponse) in F:\VS Studio\Module v1.0\Module\App_Code\Utils.cs:line 432
[2:46:22 PM][ERROR] The remote server returned an error: (500) Internal Server Error.
   at System.Net.HttpWebRequest.GetResponse()
   at Module.Utils.GenerateRequest(String sAction, String sQueryString, String sMethod, String& sResponse) in F:\VS Studio\Module v1.0\Module\App_Code\Utils.cs:line 432
[2:46:34 PM]SECURITYparam={"stakeh_type_name":"User","first_name":"Adam Mukhlis","full_name":"Adam Mukhlis","stakeh_type":5,"stakeholder_id":"stkh-8c42d91e228443ae9268b831bdce3e42","internal":true,"is_blocked":true,"can_login":false,"login_username":null,"password":"null","role_value":"","role_id":"","date_active_from":null,"date_active_to":null,"bio_access_id":"repo5-1da0bd1718dd418db9b4253bbfbdbe36"}
[2:46:39 PM][ERROR] The remote server returned an error: (500) Internal Server Error.
   at System.Net.HttpWebRequest.GetResponse()
   at Module.Utils.GenerateRequest(String sAction, String sQueryString, String sMethod, String& sResponse) in F:\VS Studio\Module v1.0\Module\App_Code\Utils.cs:line 432
[2:47:31 PM][ERROR] The remote server returned an error: (500) Internal Server Error.
   at System.Net.HttpWebRequest.GetResponse()
   at Module.Utils.GenerateRequest(String sAction, String sQueryString, String sMethod, String& sResponse) in F:\VS Studio\Module v1.0\Module\App_Code\Utils.cs:line 432
[2:47:47 PM][ERROR] The remote server returned an error: (500) Internal Server Error.
   at System.Net.HttpWebRequest.GetResponse()
   at Module.Utils.GenerateRequest(String sAction, String sQueryString, String sMethod, String& sResponse) in F:\VS Studio\Module v1.0\Module\App_Code\Utils.cs:line 432
[2:47:53 PM]SECURITYparam={"stakeh_type_name":"User","first_name":"Adam Mukhlis","full_name":"Adam Mukhlis","stakeh_type":5,"stakeholder_id":"stkh-8c42d91e228443ae9268b831bdce3e42","internal":true,"is_blocked":true,"can_login":true,"login_username":null,"password":"null","role_value":"","role_id":"","date_active_from":null,"date_active_to":null,"bio_access_id":"repo5-1da0bd1718dd418db9b4253bbfbdbe36"}
[2:47:57 PM][ERROR] The remote server returned an error: (500) Internal Server Error.
   at System.Net.HttpWebRequest.GetResponse()
   at Module.Utils.GenerateRequest(String sAction, String sQueryString, String sMethod, String& sResponse) in F:\VS Studio\Module v1.0\Module\App_Code\Utils.cs:line 432
[2:48:13 PM][ERROR] The remote server returned an error: (500) Internal Server Error.
   at System.Net.HttpWebRequest.GetResponse()
   at Module.Utils.GenerateRequest(String sAction, String sQueryString, String sMethod, String& sResponse) in F:\VS Studio\Module v1.0\Module\App_Code\Utils.cs:line 432
[2:49:53 PM][ERROR] The remote server returned an error: (500) Internal Server Error.
   at System.Net.HttpWebRequest.GetResponse()
   at Module.Utils.GenerateRequest(String sAction, String sQueryString, String sMethod, String& sResponse) in F:\VS Studio\Module v1.0\Module\App_Code\Utils.cs:line 432
[2:51:02 PM][ERROR] The remote server returned an error: (500) Internal Server Error.
   at System.Net.HttpWebRequest.GetResponse()
   at Module.Utils.GenerateRequest(String sAction, String sQueryString, String sMethod, String& sResponse) in F:\VS Studio\Module v1.0\Module\App_Code\Utils.cs:line 432
[2:58:04 PM][ERROR] Unable to connect to the remote server
   at System.Net.HttpWebRequest.GetRequestStream(TransportContext& context)
   at System.Net.HttpWebRequest.GetRequestStream()
   at Module.Utils.GenerateRequest(String sAction, String sQueryString, String sMethod, String& sResponse) in F:\VS Studio\Module v1.0\Module\App_Code\Utils.cs:line 424
[4:10:33 PM][ERROR] The remote server returned an error: (500) Internal Server Error.
   at System.Net.HttpWebRequest.GetResponse()
   at Module.Utils.GenerateRequest(String sAction, String sQueryString, String sMethod, String& sResponse) in F:\VS Studio\Module v1.0\Module\App_Code\Utils.cs:line 432
[4:10:33 PM][Utils.cs][SearchLabByStakeholderOrg] stakeholder_org_id is empty.
[4:11:11 PM][ERROR] The remote server returned an error: (500) Internal Server Error.
   at System.Net.HttpWebRequest.GetResponse()
   at Module.Utils.GenerateRequest(String sAction, String sQueryString, String sMethod, String& sResponse) in F:\VS Studio\Module v1.0\Module\App_Code\Utils.cs:line 432
[4:11:16 PM][ERROR] The remote server returned an error: (500) Internal Server Error.
   at System.Net.HttpWebRequest.GetResponse()
   at Module.Utils.GenerateRequest(String sAction, String sQueryString, String sMethod, String& sResponse) in F:\VS Studio\Module v1.0\Module\App_Code\Utils.cs:line 432
[4:11:16 PM][ERROR] The remote server returned an error: (500) Internal Server Error.
   at System.Net.HttpWebRequest.GetResponse()
   at Module.Utils.GenerateRequest(String sAction, String sQueryString, String sMethod, String& sResponse) in F:\VS Studio\Module v1.0\Module\App_Code\Utils.cs:line 432
[4:11:49 PM][ERROR] The remote server returned an error: (500) Internal Server Error.
   at System.Net.HttpWebRequest.GetResponse()
   at Module.Utils.GenerateRequest(String sAction, String sQueryString, String sMethod, String& sResponse) in F:\VS Studio\Module v1.0\Module\App_Code\Utils.cs:line 432
[4:11:57 PM][ERROR] The remote server returned an error: (500) Internal Server Error.
   at System.Net.HttpWebRequest.GetResponse()
   at Module.Utils.GenerateRequest(String sAction, String sQueryString, String sMethod, String& sResponse) in F:\VS Studio\Module v1.0\Module\App_Code\Utils.cs:line 432
[4:12:01 PM][ERROR] The remote server returned an error: (500) Internal Server Error.
   at System.Net.HttpWebRequest.GetResponse()
   at Module.Utils.GenerateRequest(String sAction, String sQueryString, String sMethod, String& sResponse) in F:\VS Studio\Module v1.0\Module\App_Code\Utils.cs:line 432
[4:12:03 PM][ERROR] The remote server returned an error: (500) Internal Server Error.
   at System.Net.HttpWebRequest.GetResponse()
   at Module.Utils.GenerateRequest(String sAction, String sQueryString, String sMethod, String& sResponse) in F:\VS Studio\Module v1.0\Module\App_Code\Utils.cs:line 432
[4:12:14 PM][ERROR] The remote server returned an error: (500) Internal Server Error.
   at System.Net.HttpWebRequest.GetResponse()
   at Module.Utils.GenerateRequest(String sAction, String sQueryString, String sMethod, String& sResponse) in F:\VS Studio\Module v1.0\Module\App_Code\Utils.cs:line 432
[4:13:22 PM][ERROR] The remote server returned an error: (500) Internal Server Error.
   at System.Net.HttpWebRequest.GetResponse()
   at Module.Utils.GenerateRequest(String sAction, String sQueryString, String sMethod, String& sResponse) in F:\VS Studio\Module v1.0\Module\App_Code\Utils.cs:line 432
[4:13:28 PM][ERROR] The remote server returned an error: (500) Internal Server Error.
   at System.Net.HttpWebRequest.GetResponse()
   at Module.Utils.GenerateRequest(String sAction, String sQueryString, String sMethod, String& sResponse) in F:\VS Studio\Module v1.0\Module\App_Code\Utils.cs:line 432
[4:13:47 PM][ERROR] The remote server returned an error: (500) Internal Server Error.
   at System.Net.HttpWebRequest.GetResponse()
   at Module.Utils.GenerateRequest(String sAction, String sQueryString, String sMethod, String& sResponse) in F:\VS Studio\Module v1.0\Module\App_Code\Utils.cs:line 432
[4:14:07 PM][ERROR] The remote server returned an error: (500) Internal Server Error.
   at System.Net.HttpWebRequest.GetResponse()
   at Module.Utils.GenerateRequest(String sAction, String sQueryString, String sMethod, String& sResponse) in F:\VS Studio\Module v1.0\Module\App_Code\Utils.cs:line 432
[4:14:08 PM][ERROR] The remote server returned an error: (500) Internal Server Error.
   at System.Net.HttpWebRequest.GetResponse()
   at Module.Utils.GenerateRequest(String sAction, String sQueryString, String sMethod, String& sResponse) in F:\VS Studio\Module v1.0\Module\App_Code\Utils.cs:line 432
[4:14:26 PM][ERROR] The remote server returned an error: (500) Internal Server Error.
   at System.Net.HttpWebRequest.GetResponse()
   at Module.Utils.GenerateRequest(String sAction, String sQueryString, String sMethod, String& sResponse) in F:\VS Studio\Module v1.0\Module\App_Code\Utils.cs:line 432
[4:14:26 PM][Utils.cs][SearchLabByStakeholderOrg] stakeholder_org_id is empty.
[4:16:30 PM][ERROR] The remote server returned an error: (500) Internal Server Error.
   at System.Net.HttpWebRequest.GetResponse()
   at Module.Utils.GenerateRequest(String sAction, String sQueryString, String sMethod, String& sResponse) in F:\VS Studio\Module v1.0\Module\App_Code\Utils.cs:line 432
[4:17:45 PM][ERROR] The remote server returned an error: (500) Internal Server Error.
   at System.Net.HttpWebRequest.GetResponse()
   at Module.Utils.GenerateRequest(String sAction, String sQueryString, String sMethod, String& sResponse) in F:\VS Studio\Module v1.0\Module\App_Code\Utils.cs:line 432
[4:18:00 PM][ERROR] The remote server returned an error: (500) Internal Server Error.
   at System.Net.HttpWebRequest.GetResponse()
   at Module.Utils.GenerateRequest(String sAction, String sQueryString, String sMethod, String& sResponse) in F:\VS Studio\Module v1.0\Module\App_Code\Utils.cs:line 432
[4:18:15 PM][ERROR] The remote server returned an error: (500) Internal Server Error.
   at System.Net.HttpWebRequest.GetResponse()
   at Module.Utils.GenerateRequest(String sAction, String sQueryString, String sMethod, String& sResponse) in F:\VS Studio\Module v1.0\Module\App_Code\Utils.cs:line 432
[4:18:28 PM][ERROR] The remote server returned an error: (500) Internal Server Error.
   at System.Net.HttpWebRequest.GetResponse()
   at Module.Utils.GenerateRequest(String sAction, String sQueryString, String sMethod, String& sResponse) in F:\VS Studio\Module v1.0\Module\App_Code\Utils.cs:line 432
[4:18:33 PM][ERROR] The remote server returned an error: (500) Internal Server Error.
   at System.Net.HttpWebRequest.GetResponse()
   at Module.Utils.GenerateRequest(String sAction, String sQueryString, String sMethod, String& sResponse) in F:\VS Studio\Module v1.0\Module\App_Code\Utils.cs:line 432
[4:18:51 PM][ERROR] The remote server returned an error: (500) Internal Server Error.
   at System.Net.HttpWebRequest.GetResponse()
   at Module.Utils.GenerateRequest(String sAction, String sQueryString, String sMethod, String& sResponse) in F:\VS Studio\Module v1.0\Module\App_Code\Utils.cs:line 432
[4:19:02 PM][ERROR] The remote server returned an error: (500) Internal Server Error.
   at System.Net.HttpWebRequest.GetResponse()
   at Module.Utils.GenerateRequest(String sAction, String sQueryString, String sMethod, String& sResponse) in F:\VS Studio\Module v1.0\Module\App_Code\Utils.cs:line 432
[4:20:13 PM][ERROR] The remote server returned an error: (500) Internal Server Error.
   at System.Net.HttpWebRequest.GetResponse()
   at Module.Utils.GenerateRequest(String sAction, String sQueryString, String sMethod, String& sResponse) in F:\VS Studio\Module v1.0\Module\App_Code\Utils.cs:line 432
[4:20:33 PM][ERROR] The remote server returned an error: (500) Internal Server Error.
   at System.Net.HttpWebRequest.GetResponse()
   at Module.Utils.GenerateRequest(String sAction, String sQueryString, String sMethod, String& sResponse) in F:\VS Studio\Module v1.0\Module\App_Code\Utils.cs:line 432
[4:21:30 PM][ERROR] The remote server returned an error: (500) Internal Server Error.
   at System.Net.HttpWebRequest.GetResponse()
   at Module.Utils.GenerateRequest(String sAction, String sQueryString, String sMethod, String& sResponse) in F:\VS Studio\Module v1.0\Module\App_Code\Utils.cs:line 432
[4:22:11 PM][ERROR] The remote server returned an error: (500) Internal Server Error.
   at System.Net.HttpWebRequest.GetResponse()
   at Module.Utils.GenerateRequest(String sAction, String sQueryString, String sMethod, String& sResponse) in F:\VS Studio\Module v1.0\Module\App_Code\Utils.cs:line 432
[4:22:38 PM][ERROR] The remote server returned an error: (500) Internal Server Error.
   at System.Net.HttpWebRequest.GetResponse()
   at Module.Utils.GenerateRequest(String sAction, String sQueryString, String sMethod, String& sResponse) in F:\VS Studio\Module v1.0\Module\App_Code\Utils.cs:line 432
[4:22:51 PM][ERROR] The remote server returned an error: (500) Internal Server Error.
   at System.Net.HttpWebRequest.GetResponse()
   at Module.Utils.GenerateRequest(String sAction, String sQueryString, String sMethod, String& sResponse) in F:\VS Studio\Module v1.0\Module\App_Code\Utils.cs:line 432
[4:23:09 PM][ERROR] The remote server returned an error: (500) Internal Server Error.
   at System.Net.HttpWebRequest.GetResponse()
   at Module.Utils.GenerateRequest(String sAction, String sQueryString, String sMethod, String& sResponse) in F:\VS Studio\Module v1.0\Module\App_Code\Utils.cs:line 432
[4:24:16 PM][ERROR] The remote server returned an error: (500) Internal Server Error.
   at System.Net.HttpWebRequest.GetResponse()
   at Module.Utils.GenerateRequest(String sAction, String sQueryString, String sMethod, String& sResponse) in F:\VS Studio\Module v1.0\Module\App_Code\Utils.cs:line 432
[4:26:46 PM][ERROR] The remote server returned an error: (500) Internal Server Error.
   at System.Net.HttpWebRequest.GetResponse()
   at Module.Utils.GenerateRequest(String sAction, String sQueryString, String sMethod, String& sResponse) in F:\VS Studio\Module v1.0\Module\App_Code\Utils.cs:line 432
[4:32:48 PM][ERROR] The remote server returned an error: (500) Internal Server Error.
   at System.Net.HttpWebRequest.GetResponse()
   at Module.Utils.GenerateRequest(String sAction, String sQueryString, String sMethod, String& sResponse) in F:\VS Studio\Module v1.0\Module\App_Code\Utils.cs:line 432
[4:33:04 PM][ERROR] The remote server returned an error: (500) Internal Server Error.
   at System.Net.HttpWebRequest.GetResponse()
   at Module.Utils.GenerateRequest(String sAction, String sQueryString, String sMethod, String& sResponse) in F:\VS Studio\Module v1.0\Module\App_Code\Utils.cs:line 432
[4:33:18 PM][ERROR] The remote server returned an error: (500) Internal Server Error.
   at System.Net.HttpWebRequest.GetResponse()
   at Module.Utils.GenerateRequest(String sAction, String sQueryString, String sMethod, String& sResponse) in F:\VS Studio\Module v1.0\Module\App_Code\Utils.cs:line 432
[4:33:45 PM][ERROR] The remote server returned an error: (500) Internal Server Error.
   at System.Net.HttpWebRequest.GetResponse()
   at Module.Utils.GenerateRequest(String sAction, String sQueryString, String sMethod, String& sResponse) in F:\VS Studio\Module v1.0\Module\App_Code\Utils.cs:line 432
[4:34:05 PM][ERROR] The remote server returned an error: (500) Internal Server Error.
   at System.Net.HttpWebRequest.GetResponse()
   at Module.Utils.GenerateRequest(String sAction, String sQueryString, String sMethod, String& sResponse) in F:\VS Studio\Module v1.0\Module\App_Code\Utils.cs:line 432
[4:34:18 PM][ERROR] The remote server returned an error: (500) Internal Server Error.
   at System.Net.HttpWebRequest.GetResponse()
   at Module.Utils.GenerateRequest(String sAction, String sQueryString, String sMethod, String& sResponse) in F:\VS Studio\Module v1.0\Module\App_Code\Utils.cs:line 432
[5:19:34 PM][SiteMaster.aspx][Page_Init] No session found.
[5:21:27 PM][SiteMaster.aspx][Page_Init] No session found.
[5:21:46 PM][SiteMaster.aspx][Page_Init] No session found.
[5:22:38 PM][SiteMaster.aspx][Page_Init] No session found.
[5:23:43 PM][SiteMaster.aspx][Page_Init] No session found.
